This is XeTeX, Version 3.14159265-2.6-0.99992 (MiKTeX 2.9 64-bit) (preloaded format=xelatex 2016.2.25)  5 SEP 2016 14:56
entering extended mode
**./Report_CV.tex
(Report_CV.tex
LaTeX2e <2015/10/01> patch level 2
Babel <3.9n> and hyphenation patterns for 69 languages loaded.
("C:\Users\mh-sha\AppData\Local\Programs\MiKTeX 2.9\tex\latex\base\article.cls"
Document Class: article 2014/09/29 v1.4h Standard LaTeX document class
("C:\Users\mh-sha\AppData\Local\Programs\MiKTeX 2.9\tex\latex\base\size10.clo"
File: size10.clo 2014/09/29 v1.4h Standard LaTeX file (size option)
)
\c@part=\count79
\c@section=\count80
\c@subsection=\count81
\c@subsubsection=\count82
\c@paragraph=\count83
\c@subparagraph=\count84
\c@figure=\count85
\c@table=\count86
\abovecaptionskip=\skip41
\belowcaptionskip=\skip42
\bibindent=\dimen102
)
("C:\Users\mh-sha\AppData\Local\Programs\MiKTeX 2.9\tex\xelatex\xepersian\xeper
sian.sty"
Package: xepersian 2015/12/07 v16.4 Persian typesetting in XeLaTeX

("C:\Users\mh-sha\AppData\Local\Programs\MiKTeX 2.9\tex\latex\fontspec\fontspec
.sty"
Package: fontspec 2015/09/24 v2.4e Font selection for XeLaTeX and LuaLaTeX

("C:\Users\mh-sha\AppData\Local\Programs\MiKTeX 2.9\tex\latex\l3kernel\expl3.st
y"
Package: expl3 2016/01/19 v6377 L3 programming layer (loader) 

("C:\Users\mh-sha\AppData\Local\Programs\MiKTeX 2.9\tex\latex\l3kernel\expl3-co
de.tex"
Package: expl3 2016/01/19 v6377 L3 programming layer (code)
L3 Module: l3bootstrap 2016/01/01 v6339 L3 Bootstrap code
L3 Module: l3names 2015/12/21 v6328 L3 Namespace for primitives
L3 Module: l3basics 2015/11/22 v6315 L3 Basic definitions
L3 Module: l3expan 2015/09/10 v5983 L3 Argument expansion
L3 Module: l3tl 2015/09/29 v6121 L3 Token lists
L3 Module: l3str 2016/01/03 v6357 L3 Strings
L3 Module: l3seq 2015/08/05 v5777 L3 Sequences and stacks
L3 Module: l3int 2016/01/05 v6366 L3 Integers
\c_max_int=\count87
\l_tmpa_int=\count88
\l_tmpb_int=\count89
\g_tmpa_int=\count90
\g_tmpb_int=\count91
L3 Module: l3quark 2015/08/17 v5855 L3 Quarks
L3 Module: l3prg 2015/11/01 v6216 L3 Control structures
\g__prg_map_int=\count92
L3 Module: l3clist 2015/09/02 v5901 L3 Comma separated lists
L3 Module: l3token 2015/11/11 v6249 L3 Experimental token manipulation
L3 Module: l3prop 2016/01/05 v6366 L3 Property lists
L3 Module: l3msg 2015/09/28 v6113 L3 Messages
L3 Module: l3file 2015/12/03 v6317 L3 File and I/O operations
\l_iow_line_count_int=\count93
\l__iow_target_count_int=\count94
\l__iow_current_line_int=\count95
\l__iow_current_word_int=\count96
\l__iow_current_indentation_int=\count97
L3 Module: l3skip 2016/01/05 v6366 L3 Dimensions and skips
\c_zero_dim=\dimen103
\c_max_dim=\dimen104
\l_tmpa_dim=\dimen105
\l_tmpb_dim=\dimen106
\g_tmpa_dim=\dimen107
\g_tmpb_dim=\dimen108
\c_zero_skip=\skip43
\c_max_skip=\skip44
\l_tmpa_skip=\skip45
\l_tmpb_skip=\skip46
\g_tmpa_skip=\skip47
\g_tmpb_skip=\skip48
\c_zero_muskip=\muskip10
\c_max_muskip=\muskip11
\l_tmpa_muskip=\muskip12
\l_tmpb_muskip=\muskip13
\g_tmpa_muskip=\muskip14
\g_tmpb_muskip=\muskip15
L3 Module: l3keys 2015/11/17 v6284 L3 Key-value interfaces
\g__keyval_level_int=\count98
\l_keys_choice_int=\count99
L3 Module: l3fp 2015/08/25 v5890 L3 Floating points
\c__fp_leading_shift_int=\count100
\c__fp_middle_shift_int=\count101
\c__fp_trailing_shift_int=\count102
\c__fp_big_leading_shift_int=\count103
\c__fp_big_middle_shift_int=\count104
\c__fp_big_trailing_shift_int=\count105
\c__fp_Bigg_leading_shift_int=\count106
\c__fp_Bigg_middle_shift_int=\count107
\c__fp_Bigg_trailing_shift_int=\count108
L3 Module: l3box 2015/08/09 v5822 L3 Experimental boxes
\c_empty_box=\box26
\l_tmpa_box=\box27
\l_tmpb_box=\box28
\g_tmpa_box=\box29
\g_tmpb_box=\box30
L3 Module: l3coffins 2015/08/06 v5789 L3 Coffin code layer
\l__coffin_internal_box=\box31
\l__coffin_internal_dim=\dimen109
\l__coffin_offset_x_dim=\dimen110
\l__coffin_offset_y_dim=\dimen111
\l__coffin_x_dim=\dimen112
\l__coffin_y_dim=\dimen113
\l__coffin_x_prime_dim=\dimen114
\l__coffin_y_prime_dim=\dimen115
\c_empty_coffin=\box32
\l__coffin_aligned_coffin=\box33
\l__coffin_aligned_internal_coffin=\box34
\l_tmpa_coffin=\box35
\l_tmpb_coffin=\box36
\l__coffin_display_coffin=\box37
\l__coffin_display_coord_coffin=\box38
\l__coffin_display_pole_coffin=\box39
\l__coffin_display_offset_dim=\dimen116
\l__coffin_display_x_dim=\dimen117
\l__coffin_display_y_dim=\dimen118
L3 Module: l3color 2014/08/23 v5354 L3 Experimental color support
L3 Module: l3sys 2015/09/25 v6087 L3 Experimental system/runtime functions
L3 Module: l3candidates 2016/01/14 v6376 L3 Experimental additions to l3kernel
\l__box_top_dim=\dimen119
\l__box_bottom_dim=\dimen120
\l__box_left_dim=\dimen121
\l__box_right_dim=\dimen122
\l__box_top_new_dim=\dimen123
\l__box_bottom_new_dim=\dimen124
\l__box_left_new_dim=\dimen125
\l__box_right_new_dim=\dimen126
\l__box_internal_box=\box40
\l__coffin_bounding_shift_dim=\dimen127
\l__coffin_left_corner_dim=\dimen128
\l__coffin_right_corner_dim=\dimen129
\l__coffin_bottom_corner_dim=\dimen130
\l__coffin_top_corner_dim=\dimen131
\l__coffin_scaled_total_height_dim=\dimen132
\l__coffin_scaled_width_dim=\dimen133
L3 Module: l3luatex 2015/11/11 v6250 L3 Experimental LuaTeX-specific functions
)
("C:\Users\mh-sha\AppData\Local\Programs\MiKTeX 2.9\tex\latex\l3kernel\l3xdvipd
fmx.def"
File: l3xdvidpfmx.def 2015/11/11 v6250 L3 Experimental driver: xdvipdfmx
))
("C:\Users\mh-sha\AppData\Local\Programs\MiKTeX 2.9\tex\latex\l3packages\xparse
\xparse.sty"
Package: xparse 2016/01/19 v6377 L3 Experimental document command parser
\l__xparse_current_arg_int=\count109
\l__xparse_m_args_int=\count110
\l__xparse_mandatory_args_int=\count111
\l__xparse_processor_int=\count112
\l__xparse_v_nesting_int=\count113
)
\l_fontspec_script_int=\count114
\l_fontspec_language_int=\count115
\l_fontspec_strnum_int=\count116
\l__fontspec_tmpa_dim=\dimen134
\l__fontspec_tmpb_dim=\dimen135
\l__fontspec_tmpc_dim=\dimen136

("C:\Users\mh-sha\AppData\Local\Programs\MiKTeX 2.9\tex\latex\fontspec\fontspec
-patches.sty"
Package: fontspec-patches 2015/09/24 v2.4e Font selection for XeLaTeX and LuaLa
TeX
LaTeX Info: Redefining \em on input line 49.
LaTeX Info: Redefining \emph on input line 57.
LaTeX Info: Redefining \- on input line 60.
.................................................
. LaTeX info: "xparse/redefine-command"
. 
. Redefining command \oldstylenums with sig. 'm' on line 155.
.................................................
.................................................
. LaTeX info: "xparse/define-command"
. 
. Defining command \liningnums with sig. 'm' on line 159.
.................................................
)
("C:\Users\mh-sha\AppData\Local\Programs\MiKTeX 2.9\tex\latex\fontspec\fontspec
-xetex.sty"
Package: fontspec-xetex 2015/09/24 v2.4e Font selection for XeLaTeX and LuaLaTe
X

("C:\Users\mh-sha\AppData\Local\Programs\MiKTeX 2.9\tex\latex\base\fontenc.sty"
Package: fontenc 2005/09/27 v1.99g Standard LaTeX package
("C:\Users\mh-sha\AppData\Local\Programs\MiKTeX 2.9\tex\latex\euenc\eu1enc.def"
File: eu1enc.def 2010/05/27 v0.1h Experimental Unicode font encodings
)
LaTeX Font Info:    Try loading font information for EU1+lmr on input line 105.

 ("C:\Users\mh-sha\AppData\Local\Programs\MiKTeX 2.9\tex\latex\euenc\eu1lmr.fd"
File: eu1lmr.fd 2009/10/30 v1.6 Font defs for Latin Modern
)
Requested font "[lmroman10-regular]:mapping=tex-text" at 10.0pt
 -> C:/Users/mh-sha/AppData/Local/Programs/MiKTeX 2.9/fonts/opentype/public/lm/
lmroman10-regular.otf
)
("C:\Users\mh-sha\AppData\Local\Programs\MiKTeX 2.9\tex\xelatex\xunicode\xunico
de.sty"
File: xunicode.sty 2011/09/09 v0.981 provides access to latin accents and many 
other characters in Unicode lower plane

("C:\Users\mh-sha\AppData\Local\Programs\MiKTeX 2.9\tex\latex\tipa\t3enc.def"
File: t3enc.def 2001/12/31 T3 encoding
Requested font "[lmromanslant10-regular]:mapping=tex-text" at 10.0pt
 -> C:/Users/mh-sha/AppData/Local/Programs/MiKTeX 2.9/fonts/opentype/public/lm/
lmromanslant10-regular.otf
Requested font "[lmroman10-italic]:mapping=tex-text" at 10.0pt
 -> C:/Users/mh-sha/AppData/Local/Programs/MiKTeX 2.9/fonts/opentype/public/lm/
lmroman10-italic.otf
Requested font "[lmroman10-bold]:mapping=tex-text" at 10.0pt
 -> C:/Users/mh-sha/AppData/Local/Programs/MiKTeX 2.9/fonts/opentype/public/lm/
lmroman10-bold.otf
LaTeX Font Info:    Try loading font information for EU1+lmss on input line 357
.

("C:\Users\mh-sha\AppData\Local\Programs\MiKTeX 2.9\tex\latex\euenc\eu1lmss.fd"
File: eu1lmss.fd 2009/10/30 v1.6 Font defs for Latin Modern
)
Requested font "[lmsans10-regular]:mapping=tex-text" at 10.0pt
 -> C:/Users/mh-sha/AppData/Local/Programs/MiKTeX 2.9/fonts/opentype/public/lm/
lmsans10-regular.otf
)
\tipaTiiicode=\count117
\tipasavetokens=\toks14
\tipachecktokens=\toks15

("C:\Users\mh-sha\AppData\Local\Programs\MiKTeX 2.9\tex\latex\graphics\graphicx
.sty"
Package: graphicx 2014/10/28 v1.0g Enhanced LaTeX Graphics (DPC,SPQR)

("C:\Users\mh-sha\AppData\Local\Programs\MiKTeX 2.9\tex\latex\graphics\keyval.s
ty"
Package: keyval 2014/10/28 v1.15 key=value parser (DPC)
\KV@toks@=\toks16
)
("C:\Users\mh-sha\AppData\Local\Programs\MiKTeX 2.9\tex\latex\graphics\graphics
.sty"
Package: graphics 2014/10/28 v1.0p Standard LaTeX Graphics (DPC,SPQR)

("C:\Users\mh-sha\AppData\Local\Programs\MiKTeX 2.9\tex\latex\graphics\trig.sty
"
Package: trig 1999/03/16 v1.09 sin cos tan (DPC)
)
("C:\Users\mh-sha\AppData\Local\Programs\MiKTeX 2.9\tex\latex\00miktex\graphics
.cfg"
File: graphics.cfg 2007/01/18 v1.5 graphics configuration of teTeX/TeXLive
)
Package graphics Info: Driver file: xetex.def on input line 94.

("C:\Users\mh-sha\AppData\Local\Programs\MiKTeX 2.9\tex\xelatex\xetex-def\xetex
.def"
File: xetex.def 2015/09/11 v4.06 LaTeX color/graphics driver for XeTeX (TeX Liv
e/RRM/JK)

("C:\Users\mh-sha\AppData\Local\Programs\MiKTeX 2.9\tex\generic\oberdiek\infwar
err.sty"
Package: infwarerr 2010/04/08 v1.3 Providing info/warning/error messages (HO)
)
("C:\Users\mh-sha\AppData\Local\Programs\MiKTeX 2.9\tex\generic\oberdiek\ltxcmd
s.sty"
Package: ltxcmds 2011/11/09 v1.22 LaTeX kernel commands for general use (HO)
)))
\Gin@req@height=\dimen137
\Gin@req@width=\dimen138
))
.................................................
. LaTeX info: "xparse/define-command"
. 
. Defining command \__fontspec_post_arg:w with sig. 'mmO{}' on line 42.
.................................................
.................................................
. LaTeX info: "xparse/define-command"
. 
. Defining command \fontspec with sig. 'om' on line 44.
.................................................
.................................................
. LaTeX info: "xparse/define-command"
. 
. Defining command \setmainfont with sig. 'om' on line 54.
.................................................
.................................................
. LaTeX info: "xparse/define-command"
. 
. Defining command \setsansfont with sig. 'om' on line 64.
.................................................
.................................................
. LaTeX info: "xparse/define-command"
. 
. Defining command \setmonofont with sig. 'om' on line 74.
.................................................
.................................................
. LaTeX info: "xparse/define-command"
. 
. Defining command \setmathrm with sig. 'om' on line 88.
.................................................
.................................................
. LaTeX info: "xparse/define-command"
. 
. Defining command \setboldmathrm with sig. 'om' on line 96.
.................................................
.................................................
. LaTeX info: "xparse/define-command"
. 
. Defining command \setmathsf with sig. 'om' on line 104.
.................................................
.................................................
. LaTeX info: "xparse/define-command"
. 
. Defining command \setmathtt with sig. 'om' on line 112.
.................................................
.................................................
. LaTeX info: "xparse/define-command"
. 
. Defining command \newfontfamily with sig. 'mom' on line 126.
.................................................
.................................................
. LaTeX info: "xparse/define-command"
. 
. Defining command \newfontface with sig. 'mom' on line 141.
.................................................
.................................................
. LaTeX info: "xparse/define-command"
. 
. Defining command \defaultfontfeatures with sig. 't+om' on line 155.
.................................................
.................................................
. LaTeX info: "xparse/define-command"
. 
. Defining command \addfontfeatures with sig. 'm' on line 210.
.................................................
.................................................
. LaTeX info: "xparse/define-command"
. 
. Defining command \newfontfeature with sig. 'mm' on line 221.
.................................................
.................................................
. LaTeX info: "xparse/define-command"
. 
. Defining command \newAATfeature with sig. 'mmmm' on line 229.
.................................................
.................................................
. LaTeX info: "xparse/define-command"
. 
. Defining command \newopentypefeature with sig. 'mmm' on line 237.
.................................................
.................................................
. LaTeX info: "xparse/define-command"
. 
. Defining command \aliasfontfeature with sig. 'mm' on line 258.
.................................................
.................................................
. LaTeX info: "xparse/define-command"
. 
. Defining command \aliasfontfeatureoption with sig. 'mmm' on line 267.
.................................................
.................................................
. LaTeX info: "xparse/define-command"
. 
. Defining command \newfontscript with sig. 'mm' on line 272.
.................................................
.................................................
. LaTeX info: "xparse/define-command"
. 
. Defining command \newfontlanguage with sig. 'mm' on line 298.
.................................................
.................................................
. LaTeX info: "xparse/define-command"
. 
. Defining command \DeclareFontsExtensions with sig. 'm' on line 318.
.................................................
\l__fontspec_tmp_int=\count118
LaTeX Info: Redefining \itshape on input line 2227.
LaTeX Info: Redefining \slshape on input line 2232.
LaTeX Info: Redefining \scshape on input line 2237.
LaTeX Info: Redefining \upshape on input line 2242.

("C:\Users\mh-sha\AppData\Local\Programs\MiKTeX 2.9\tex\latex\fontspec\fontspec
.cfg")))
("C:\Users\mh-sha\AppData\Local\Programs\MiKTeX 2.9\tex\xelatex\xepersian\xeper
sian-persiancal.sty"
Package: xepersian-persiancal 2012/07/25 v0.2 provides Persian calendar
\XePersian@i=\count119
\XePersian@y=\count120
\XePersian@m=\count121
\XePersian@d=\count122
\XePersian@latini=\count123
\XePersian@persiani=\count124
\XePersian@latinii=\count125
\XePersian@persianii=\count126
\XePersian@latiniii=\count127
\XePersian@persianiii=\count128
\XePersian@latiniv=\count129
\XePersian@persianiv=\count130
\XePersian@latinv=\count131
\XePersian@persianv=\count132
\XePersian@latinvi=\count133
\XePersian@persianvi=\count134
\XePersian@latinvii=\count135
\XePersian@persianvii=\count136
\XePersian@latinviii=\count137
\XePersian@persianviii=\count138
\XePersian@latinix=\count139
\XePersian@persianix=\count140
\XePersian@latinx=\count141
\XePersian@persianx=\count142
\XePersian@latinxi=\count143
\XePersian@persianxi=\count144
\XePersian@latinxii=\count145
\XePersian@persianxii=\count146
\XePersian@persianxiii=\count147
\XePersian@temp=\count148
\XePersian@temptwo=\count149
\XePersian@tempthree=\count150
\XePersian@yModHundred=\count151
\XePersian@thirtytwo=\count152
\XePersian@dn=\count153
\XePersian@sn=\count154
\XePersian@mminusone=\count155
)
("C:\Users\mh-sha\AppData\Local\Programs\MiKTeX 2.9\tex\xelatex\xepersian\xeper
sian-mathsdigitspec.sty"
Package: xepersian-mathsdigitspec 2015/12/07 v1.1.1 Unicode Persian maths digit
s in XeLaTeX
.................................................
. LaTeX info: "xparse/define-command"
. 
. Defining command \new@mathbf with sig. 'm' on line 132.
.................................................
.................................................
. LaTeX info: "xparse/define-command"
. 
. Defining command \new@mathit with sig. 'm' on line 140.
.................................................
.................................................
. LaTeX info: "xparse/define-command"
. 
. Defining command \new@mathrm with sig. 'm' on line 148.
.................................................
.................................................
. LaTeX info: "xparse/define-command"
. 
. Defining command \new@mathsf with sig. 'm' on line 156.
.................................................
.................................................
. LaTeX info: "xparse/define-command"
. 
. Defining command \new@mathtt with sig. 'm' on line 164.
.................................................
.................................................
. LaTeX info: "xparse/define-command"
. 
. Defining command \setdigitfont with sig. 'om' on line 167.
.................................................
.................................................
. LaTeX info: "xparse/define-command"
. 
. Defining command \setmathsfdigitfont with sig. 'om' on line 195.
.................................................
.................................................
. LaTeX info: "xparse/define-command"
. 
. Defining command \setmathttdigitfont with sig. 'om' on line 204.
.................................................
)
("C:\Users\mh-sha\AppData\Local\Programs\MiKTeX 2.9\tex\xelatex\bidi\bidi.sty"
Package: bidi 2015/12/07 v19.1 Bidirectional typesetting in plain TeX and LaTeX


****************************************************
* 
* bidi package (Bidirectional typesetting in
* plain TeX and LaTeX, using XeTeX engine)
* 
* Description: A convenient interface for
* typesetting bidirectional texts in plain TeX
* and LaTeX. The package includes adaptations
* for use with many other commonly-used packages.
* 
* Copyright (c) 2009--2015 Vafa Khalighi
* 
* 2015/12/07, v19.1
* 
* License: LaTeX Project Public License, version
* 1.3c or higher (your choice)
* 
* Location on CTAN: /macros/xetex/latex/bidi
* 
* Issue tracker: https://github.com/persian-tex/bidi/issues
* 
* Support: persian-tex@tug.org
****************************************************
("C:\Users\mh-sha\AppData\Local\Programs\MiKTeX 2.9\tex\latex\iftex\iftex.sty"
Package: iftex 2013/04/04 v0.2 Provides if(tex) conditional for PDFTeX, XeTeX, 
and LuaTeX
)
("C:\Users\mh-sha\AppData\Local\Programs\MiKTeX 2.9\tex\xelatex\bidi\biditools.
sty"
Package: biditools 2015/11/14 v0.8 Programming tools for bidi package
\@bidi@envbody=\toks17
\@bidi@emptytoks=\toks18
)
("C:\Users\mh-sha\AppData\Local\Programs\MiKTeX 2.9\tex\latex\oberdiek\zref-abs
page.sty"
Package: zref-abspage 2012/04/04 v2.24 Module abspage for zref (HO)

("C:\Users\mh-sha\AppData\Local\Programs\MiKTeX 2.9\tex\latex\oberdiek\zref-bas
e.sty"
Package: zref-base 2012/04/04 v2.24 Module base for zref (HO)

("C:\Users\mh-sha\AppData\Local\Programs\MiKTeX 2.9\tex\generic\oberdiek\kvsetk
eys.sty"
Package: kvsetkeys 2012/04/25 v1.16 Key value parser (HO)

("C:\Users\mh-sha\AppData\Local\Programs\MiKTeX 2.9\tex\generic\oberdiek\etexcm
ds.sty"
Package: etexcmds 2011/02/16 v1.5 Avoid name clashes with e-TeX commands (HO)

("C:\Users\mh-sha\AppData\Local\Programs\MiKTeX 2.9\tex\generic\oberdiek\ifluat
ex.sty"
Package: ifluatex 2010/03/01 v1.3 Provides the ifluatex switch (HO)
Package ifluatex Info: LuaTeX not detected.
)
Package etexcmds Info: Could not find \expanded.
(etexcmds)             That can mean that you are not using pdfTeX 1.50 or
(etexcmds)             that some package has redefined \expanded.
(etexcmds)             In the latter case, load this package earlier.
))
("C:\Users\mh-sha\AppData\Local\Programs\MiKTeX 2.9\tex\generic\oberdiek\kvdefi
nekeys.sty"
Package: kvdefinekeys 2011/04/07 v1.3 Define keys (HO)
)
("C:\Users\mh-sha\AppData\Local\Programs\MiKTeX 2.9\tex\generic\oberdiek\pdftex
cmds.sty"
Package: pdftexcmds 2011/11/29 v0.20 Utility functions of pdfTeX for LuaTeX (HO
)

("C:\Users\mh-sha\AppData\Local\Programs\MiKTeX 2.9\tex\generic\oberdiek\ifpdf.
sty"
Package: ifpdf 2011/01/30 v2.3 Provides the ifpdf switch (HO)
Package ifpdf Info: pdfTeX in PDF mode is not detected.
)
Package pdftexcmds Info: LuaTeX not detected.
Package pdftexcmds Info: pdfTeX >= 1.30 not detected.
Package pdftexcmds Info: \pdf@primitive is available.
Package pdftexcmds Info: \pdf@ifprimitive is available.
Package pdftexcmds Info: \pdfdraftmode not found.
)
("C:\Users\mh-sha\AppData\Local\Programs\MiKTeX 2.9\tex\latex\oberdiek\auxhook.
sty"
Package: auxhook 2011/03/04 v1.3 Hooks for auxiliary files (HO)
)
Package zref Info: New property list: main on input line 759.
Package zref Info: New property: default on input line 760.
Package zref Info: New property: page on input line 761.
)
("C:\Users\mh-sha\AppData\Local\Programs\MiKTeX 2.9\tex\generic\oberdiek\atbegs
hi.sty"
Package: atbegshi 2011/10/05 v1.16 At begin shipout hook (HO)
)
\c@abspage=\count156
Package zref Info: New property: abspage on input line 62.
)
("C:\Users\mh-sha\AppData\Local\Programs\MiKTeX 2.9\tex\latex\xkeyval\xkeyval.s
ty"
Package: xkeyval 2014/12/03 v2.7a package option processing (HA)

("C:\Users\mh-sha\AppData\Local\Programs\MiKTeX 2.9\tex\generic\xkeyval\xkeyval
.tex"
("C:\Users\mh-sha\AppData\Local\Programs\MiKTeX 2.9\tex\generic\xkeyval\xkvutil
s.tex"
\XKV@toks=\toks19
\XKV@tempa@toks=\toks20
)
\XKV@depth=\count157
File: xkeyval.tex 2014/12/03 v2.7a key=value parser (HA)
))
("C:\Users\mh-sha\AppData\Local\Programs\MiKTeX 2.9\tex\xelatex\bidi\latex-xete
x-bidi.def"
File: latex-xetex-bidi.def 2015/11/14 v1.2.4 bidi adaptations for `latex.ltx' f
or XeTeX engine
\bidi@n@everypar=\toks21

("C:\Users\mh-sha\AppData\Local\Programs\MiKTeX 2.9\tex\xelatex\bidi\footnote-x
etex-bidi.def"
File: footnote-xetex-bidi.def 2015/11/14 v0.9 bidi footnote macros for XeTeX en
gine
\c@footdir@label=\count158
\footdir@toks=\toks22
)
("C:\Users\mh-sha\AppData\Local\Programs\MiKTeX 2.9\tex\xelatex\bidi\article-xe
tex-bidi.def"
File: article-xetex-bidi.def 2015/11/14 v0.5 bidi adaptations for standard arti
cle class for XeTeX engine
)
("C:\Users\mh-sha\AppData\Local\Programs\MiKTeX 2.9\tex\xelatex\bidi\graphicx-x
etex-bidi.def"
File: graphicx-xetex-bidi.def 2012/01/01 v0.4 bidi adaptations for graphicx pac
kage for XeTeX engine
))
("C:\Users\mh-sha\AppData\Local\Programs\MiKTeX 2.9\tex\xelatex\bidi\loadingord
er-xetex-bidi.def"
File: loadingorder-xetex-bidi.def 2015/10/16 v0.96 making sure that bidi is the
 last package loaded
))
****************************************************
* 
* xepersian package (Persian for LaTeX, using XeTeX engine)
* 
* Description: The package supports Persian
* typesetting, using fonts provided in the
* distribution.
* 
* Copyright (c) 2008--2015 Vafa Khalighi
* 
* v16.4, 2015/12/07
* 
* License: LaTeX Project Public License, version
* 1.3c or higher (your choice)
* 
* Location on CTAN: /macros/xetex/latex/xepersian
* 
* Issue tracker: https://github.com/persian-tex/xepersian/issues
* 
* Support: persian-tex@tug.org
****************************************************
.................................................
. LaTeX info: "xparse/define-command"
. 
. Defining command \settextfont with sig. 'om' on line 101.
.................................................
.................................................
. LaTeX info: "xparse/define-command"
. 
. Defining command \setlatintextfont with sig. 'om' on line 118.
.................................................
.................................................
. LaTeX info: "xparse/define-command"
. 
. Defining command \defpersianfont with sig. 'mom' on line 135.
.................................................
.................................................
. LaTeX info: "xparse/define-command"
. 
. Defining command \deflatinfont with sig. 'mom' on line 150.
.................................................
.................................................
. LaTeX info: "xparse/define-command"
. 
. Defining command \setpersiansansfont with sig. 'om' on line 195.
.................................................
.................................................
. LaTeX info: "xparse/define-command"
. 
. Defining command \setpersianmonofont with sig. 'om' on line 204.
.................................................
.................................................
. LaTeX info: "xparse/define-command"
. 
. Defining command \setnavarfont with sig. 'om' on line 213.
.................................................
.................................................
. LaTeX info: "xparse/define-command"
. 
. Defining command \setpookfont with sig. 'om' on line 222.
.................................................
.................................................
. LaTeX info: "xparse/define-command"
. 
. Defining command \setsayehfont with sig. 'om' on line 231.
.................................................
.................................................
. LaTeX info: "xparse/define-command"
. 
. Defining command \setiranicfont with sig. 'om' on line 240.
.................................................

("C:\Users\mh-sha\AppData\Local\Programs\MiKTeX 2.9\tex\xelatex\xepersian\loadi
ngorder-xepersian.def"
File: loadingorder-xepersian.def 2012/01/01 v0.3 making sure that xepersian is 
the last package loaded
)
("C:\Users\mh-sha\AppData\Local\Programs\MiKTeX 2.9\tex\xelatex\xepersian\footn
ote-xepersian.def"
File: footnote-xepersian.def 2013/04/26 v0.4 footnote macros for xepersian pack
age
)
("C:\Users\mh-sha\AppData\Local\Programs\MiKTeX 2.9\tex\xelatex\xepersian\artic
le-xepersian.def"
File: article-xepersian.def 2010/07/25 v0.2 adaptations for standard article cl
ass
)
\g__file_internal_ior=\read1
Requested font "[lmroman10-regular]/OT" at 10.0pt
 -> C:/Users/mh-sha/AppData/Local/Programs/MiKTeX 2.9/fonts/opentype/public/lm/
lmroman10-regular.otf
\g__fontspec_family_lmroman10-regular_int=\count159
Requested font "[lmromancaps10-regular]/OT" at 10.0pt
 -> C:/Users/mh-sha/AppData/Local/Programs/MiKTeX 2.9/fonts/opentype/public/lm/
lmromancaps10-regular.otf
Requested font "[lmroman10-bold]/OT" at 10.0pt
 -> C:/Users/mh-sha/AppData/Local/Programs/MiKTeX 2.9/fonts/opentype/public/lm/
lmroman10-bold.otf
Requested font "[lmroman10-italic]/OT" at 10.0pt
 -> C:/Users/mh-sha/AppData/Local/Programs/MiKTeX 2.9/fonts/opentype/public/lm/
lmroman10-italic.otf
Requested font "[lmromanslant10-regular]/OT" at 10.0pt
 -> C:/Users/mh-sha/AppData/Local/Programs/MiKTeX 2.9/fonts/opentype/public/lm/
lmromanslant10-regular.otf
Requested font "[lmroman10-bolditalic]/OT" at 10.0pt
 -> C:/Users/mh-sha/AppData/Local/Programs/MiKTeX 2.9/fonts/opentype/public/lm/
lmroman10-bolditalic.otf
Requested font "[lmromanslant10-bold]/OT" at 10.0pt
 -> C:/Users/mh-sha/AppData/Local/Programs/MiKTeX 2.9/fonts/opentype/public/lm/
lmromanslant10-bold.otf
.................................................
. fontspec info: "defining-font"
. 
. Font family 'lmroman10-regular(0)' created for font 'lmroman10-regular' with
. options
. [Mapping=tex-text,ExternalLocation,BoldFont={lmroman10-bold},BoldItalicFont={
lmroman10-bolditalic},ItalicFont={lmroman10-italic},SmallCapsFont={lmromancaps1
0-regular},SlantedFont={lmromanslant10-regular},BoldSlantedFont={lmromanslant10
-bold}].
. 
. This font family consists of the following shapes:
. 
. * 'normal' with NFSS spec.:
. <->"[lmroman10-regular]/OT:script=latn;language=DFLT;mapping=tex-text;"
. 
. * 'small caps' with NFSS spec.:
. <->"[lmromancaps10-regular]/OT:script=latn;language=DFLT;mapping=tex-text;"
. and font adjustment code:
. 
. 
. * 'bold' with NFSS spec.:
. <->"[lmroman10-bold]/OT:script=latn;language=DFLT;mapping=tex-text;"
. 
. * 'bold small caps' with NFSS spec.:
. <->"[lmromancaps10-regular]/OT:script=latn;language=DFLT;mapping=tex-text;"
. and font adjustment code:
. 
. 
. * 'italic' with NFSS spec.:
. <->"[lmroman10-italic]/OT:script=latn;language=DFLT;mapping=tex-text;"
. 
. * 'small caps' with NFSS spec.:
. <->"[lmromancaps10-regular]/OT:script=latn;language=DFLT;mapping=tex-text;"
. and font adjustment code:
. 
. 
. * 'sl/,' with NFSS spec.:
. 
. <->"[lmromanslant10-regular]/OT:script=latn;language=DFLT;mapping=tex-text;"
. 
. * 'small caps' with NFSS spec.:
. <->"[lmromancaps10-regular]/OT:script=latn;language=DFLT;mapping=tex-text;"
. and font adjustment code:
. 
. 
. * 'bold italic' with NFSS spec.:
. <->"[lmroman10-bolditalic]/OT:script=latn;language=DFLT;mapping=tex-text;"
. 
. * 'bold small caps' with NFSS spec.:
. <->"[lmromancaps10-regular]/OT:script=latn;language=DFLT;mapping=tex-text;"
. and font adjustment code:
. 
. 
. * 'sl/,' with NFSS spec.:
. <->"[lmromanslant10-bold]/OT:script=latn;language=DFLT;mapping=tex-text;"
. 
. * 'bold small caps' with NFSS spec.:
. <->"[lmromancaps10-regular]/OT:script=latn;language=DFLT;mapping=tex-text;"
. and font adjustment code:
. 
.................................................
)
Requested font "XB Niloofar/OT" at 10.0pt
 -> C:/Windows/Fonts/XB Niloofar.ttf
\g__fontspec_family_XBNiloofar_int=\count160
Requested font "XB Niloofar/BI/OT" at 10.0pt
 -> C:/Windows/Fonts/XB NiloofarBdIt.ttf
Requested font "XB Niloofar/B/OT" at 10.0pt
 -> C:/Windows/Fonts/XB NiloofarBd.ttf
Requested font "XB Niloofar/I/OT" at 10.0pt
 -> C:/Windows/Fonts/XB NiloofarIt.ttf
Requested font "XB Niloofar/B/OT" at 10.0pt
 -> C:/Windows/Fonts/XB NiloofarBd.ttf
Requested font "XB Niloofar/B/OT" at 10.0pt
 -> C:/Windows/Fonts/XB NiloofarBd.ttf
Requested font "XB Niloofar/I/OT" at 10.0pt
 -> C:/Windows/Fonts/XB NiloofarIt.ttf
Requested font "XB Niloofar/I/OT" at 10.0pt
 -> C:/Windows/Fonts/XB NiloofarIt.ttf
Requested font "XB Niloofar/BI/OT" at 10.0pt
 -> C:/Windows/Fonts/XB NiloofarBdIt.ttf
Requested font "XB Niloofar/BI/OT" at 10.0pt
 -> C:/Windows/Fonts/XB NiloofarBdIt.ttf
.................................................
. fontspec info: "defining-font"
. 
. Font family 'XBNiloofar(0)' created for font 'XB Niloofar' with options
. [Script=Parsi,Language=Parsi,Mapping=parsidigits].
. 
. This font family consists of the following shapes:
. 
. * 'normal' with NFSS spec.:
. <->"XB Niloofar/OT:script=arab;language=FAR;mapping=parsidigits;"
. 
. * 'small caps' with NFSS spec.:
. 
. and font adjustment code:
. 
. 
. * 'bold' with NFSS spec.:
. <->"XB Niloofar/B/OT:script=arab;language=FAR;mapping=parsidigits;"
. 
. * 'bold small caps' with NFSS spec.:
. 
. and font adjustment code:
. 
. 
. * 'italic' with NFSS spec.:
. <->"XB Niloofar/I/OT:script=arab;language=FAR;mapping=parsidigits;"
. 
. * 'small caps' with NFSS spec.:
. 
. and font adjustment code:
. 
. 
. * 'bold italic' with NFSS spec.:
. <->"XB Niloofar/BI/OT:script=arab;language=FAR;mapping=parsidigits;"
. 
. * 'bold small caps' with NFSS spec.:
. 
. and font adjustment code:
. 
.................................................
Requested font "XB Niloofar/OT:script=arab;language=FAR;mapping=parsidigits;" a
t 10.0pt
 -> C:/Windows/Fonts/XB Niloofar.ttf


LaTeX Warning: Unused global option(s):
    [paper=a4,fontsize=12pt].

(Report_CV.aux)
\openout1 = `Report_CV.aux'.

LaTeX Font Info:    Checking defaults for OML/cmm/m/it on input line 13.
LaTeX Font Info:    ... okay on input line 13.
LaTeX Font Info:    Checking defaults for T1/cmr/m/n on input line 13.
LaTeX Font Info:    ... okay on input line 13.
LaTeX Font Info:    Checking defaults for OT1/cmr/m/n on input line 13.
LaTeX Font Info:    ... okay on input line 13.
LaTeX Font Info:    Checking defaults for OMS/cmsy/m/n on input line 13.
LaTeX Font Info:    ... okay on input line 13.
LaTeX Font Info:    Checking defaults for OMX/cmex/m/n on input line 13.
LaTeX Font Info:    ... okay on input line 13.
LaTeX Font Info:    Checking defaults for U/cmr/m/n on input line 13.
LaTeX Font Info:    ... okay on input line 13.
LaTeX Font Info:    Checking defaults for EU1/lmr/m/n on input line 13.
LaTeX Font Info:    ... okay on input line 13.
LaTeX Font Info:    Checking defaults for T3/cmr/m/n on input line 13.
LaTeX Font Info:    Try loading font information for T3+cmr on input line 13.

("C:\Users\mh-sha\AppData\Local\Programs\MiKTeX 2.9\tex\latex\tipa\t3cmr.fd"
File: t3cmr.fd 2001/12/31 TIPA font definitions
)
LaTeX Font Info:    ... okay on input line 13.
\AtBeginShipoutBox=\box41
File: amirkabir.jpg Graphic file (type QTm)

<use  "amirkabir.jpg" >
Requested font "XB Niloofar/OT:script=arab;language=FAR;mapping=parsidigits;" a
t 14.4pt
 -> C:/Windows/Fonts/XB Niloofar.ttf
Requested font "XB Niloofar/B/OT:script=arab;language=FAR;mapping=parsidigits;"
 at 14.4pt
 -> C:/Windows/Fonts/XB NiloofarBd.ttf
Requested font "XB Niloofar/OT:script=arab;language=FAR;mapping=parsidigits;" a
t 17.28pt
 -> C:/Windows/Fonts/XB Niloofar.ttf
Requested font "XB Niloofar/B/OT:script=arab;language=FAR;mapping=parsidigits;"
 at 17.28pt
 -> C:/Windows/Fonts/XB NiloofarBd.ttf
Requested font "XB Niloofar/OT:script=arab;language=FAR;mapping=parsidigits;" a
t 20.74pt
 -> C:/Windows/Fonts/XB Niloofar.ttf
Requested font "XB Niloofar/B/OT:script=arab;language=FAR;mapping=parsidigits;"
 at 20.74pt
 -> C:/Windows/Fonts/XB NiloofarBd.ttf
 [1

] (Report_CV.toc
Requested font "XB Niloofar/B/OT:script=arab;language=FAR;mapping=parsidigits;"
 at 10.0pt
 -> C:/Windows/Fonts/XB NiloofarBd.ttf
LaTeX Font Info:    External font `cmex10' loaded for size
(Font)              <7> on input line 3.
LaTeX Font Info:    External font `cmex10' loaded for size
(Font)              <5> on input line 3.
)
\tf@toc=\write3
\openout3 = `Report_CV.toc'.

 [1]
Requested font "XB Niloofar/OT:script=arab;language=FAR;mapping=parsidigits;" a
t 7.0pt
 -> C:/Windows/Fonts/XB Niloofar.ttf
Requested font "XB Niloofar/OT:script=arab;language=FAR;mapping=parsidigits;" a
t 8.0pt
 -> C:/Windows/Fonts/XB Niloofar.ttf
Requested font "cmr8" at 8.0pt
Requested font "cmr6" at 6.0pt
Requested font "cmmi8" at 8.0pt
Requested font "cmmi6" at 6.0pt
Requested font "cmsy8" at 8.0pt
Requested font "cmsy6" at 6.0pt
LaTeX Font Info:    External font `cmex10' loaded for size
(Font)              <8> on input line 74.
LaTeX Font Info:    External font `cmex10' loaded for size
(Font)              <6> on input line 74.
Requested font "XB Niloofar/OT:script=arab;language=FAR;mapping=parsidigits;" a
t 6.0pt
 -> C:/Windows/Fonts/XB Niloofar.ttf
 [2]
File: fig1.jpg Graphic file (type QTm)
 <use  "fig1.jpg" >
File: fig2.jpg Graphic file (type QTm)

<use  "fig2.jpg" >
Overfull \hbox (2.20047pt too wide) in paragraph at lines 107--108
 [][][][][][] 
 []

[3]
Requested font "XB Niloofar/OT:script=arab;language=FAR;mapping=parsidigits;" a
t 12.0pt
 -> C:/Windows/Fonts/XB Niloofar.ttf
Requested font "XB Niloofar/B/OT:script=arab;language=FAR;mapping=parsidigits;"
 at 12.0pt
 -> C:/Windows/Fonts/XB NiloofarBd.ttf
File: fig3.jpg Graphic file (type QTm)
 <use  "fig3.jpg" > [4]
File: fig4.png Graphic file (type QTm)
 <use  "fig4.png" > [5]
Overfull \hbox (2.27275pt too wide) in paragraph at lines 139--141
[]\EU1/XBNiloofar(0)/m/n/10 در این ناحیه از پنجره‌های هم‌اندازه با جسم اصلی هیس
توگرام رنگ گرفته‌می‌شود. سپس مشابه‌ترین هیستوگرام[]
 []

[6]
File: fig5.png Graphic file (type QTm)
 <use  "fig5.png" > [7]
File: fig6.png Graphic file (type QTm)
 <use  "fig6.png" >
Underfull \hbox (badness 10000) in paragraph at lines 190--194
[][]
 []


Overfull \hbox (23.2721pt too wide) detected at line 220
[] \OT1/cmr/m/n/10 = [] []
 []

[8]
File: fig7.png Graphic file (type QTm)
 <use  "fig7.png" > [9]
File: similar.jpg Graphic file (type QTm)
 <use  "similar.jpg" >
File: unsimilar.jpg Graphic file (type QTm)
 <use  "unsimilar.jpg" >
File: fig8.png Graphic file (type QTm)

<use  "fig8.png" >
Overfull \hbox (0.44333pt too wide) in paragraph at lines 311--318
[][]\EU1/XBNiloofar(0)/m/n/10 همان‌طور که مشاهده می‌شود روش مقاله، در اغلب موار
د بهترین دقت ردیابی را داشته است. همین‌طور[]
 []

[10] [11] [12]
File: fig9.png Graphic file (type QTm)
 <use  "fig9.png" >
Overfull \hbox (7.00047pt too wide) in paragraph at lines 321--322
 [][][][][][] 
 []

[13] [14]
Requested font "[lmroman10-regular]/OT:script=latn;language=DFLT;mapping=tex-te
xt;" at 10.0pt
 -> C:/Users/mh-sha/AppData/Local/Programs/MiKTeX 2.9/fonts/opentype/public/lm/
lmroman10-regular.otf
 [15] [16]
Overfull \hbox (49.39091pt too wide) in paragraph at lines 417--418
[][]\EU1/lmroman10-regular(0)/m/n/10 CAVIAR Test Case Scenarios, “http://groups
.inf.ed.ac.uk/vision/caviar/caviardata1,”[]
 []

[17] [18] (Report_CV.aux) ) 
Here is how much of TeX's memory you used:
 16298 strings out of 428721
 332682 string characters out of 3160262
 376327 words of memory out of 3000000
 19511 multiletter control sequences out of 15000+200000
 5703 words of font info for 50 fonts, out of 3000000 for 9000
 1096 hyphenation exceptions out of 8191
 60i,12n,63p,10421b,272s stack positions out of 5000i,500n,10000p,200000b,50000s

Output written on Report_CV.pdf (19 pages).
