
AVRASM ver. 2.1.30  C:\Users\mh\Desktop\adc\List\1.asm Mon May 20 01:30:26 2013

C:\Users\mh\Desktop\adc\List\1.asm(1072): warning: Register r4 already defined by the .DEF directive
C:\Users\mh\Desktop\adc\List\1.asm(1073): warning: Register r6 already defined by the .DEF directive
C:\Users\mh\Desktop\adc\List\1.asm(1074): warning: Register r8 already defined by the .DEF directive
C:\Users\mh\Desktop\adc\List\1.asm(1075): warning: Register r10 already defined by the .DEF directive
C:\Users\mh\Desktop\adc\List\1.asm(1076): warning: Register r13 already defined by the .DEF directive
                 
                 
                 ;CodeVisionAVR C Compiler V2.05.3 Standard
                 ;(C) Copyright 1998-2011 Pavel Haiduc, HP InfoTech s.r.l.
                 ;http://www.hpinfotech.com
                 
                 ;Chip type                : ATmega16
                 ;Program type             : Application
                 ;Clock frequency          : 8.000000 MHz
                 ;Memory model             : Small
                 ;Optimize for             : Size
                 ;(s)printf features       : int, width
                 ;(s)scanf features        : int, width
                 ;External RAM size        : 0
                 ;Data Stack size          : 256 byte(s)
                 ;Heap size                : 0 byte(s)
                 ;Promote 'char' to 'int'  : Yes
                 ;'char' is unsigned       : Yes
                 ;8 bit enums              : Yes
                 ;Global 'const' stored in FLASH     : No
                 ;Enhanced function parameter passing: Yes
                 ;Enhanced core instructions         : On
                 ;Smart register allocation          : On
                 ;Automatic register allocation      : On
                 
                 	#pragma AVRPART ADMIN PART_NAME ATmega16
                 	#pragma AVRPART MEMORY PROG_FLASH 16384
                 	#pragma AVRPART MEMORY EEPROM 512
                 	#pragma AVRPART MEMORY INT_SRAM SIZE 1119
                 	#pragma AVRPART MEMORY INT_SRAM START_ADDR 0x60
                 
                 	#define CALL_SUPPORTED 1
                 
                 	.LISTMAC
                 	.EQU UDRE=0x5
                 	.EQU RXC=0x7
                 	.EQU USR=0xB
                 	.EQU UDR=0xC
                 	.EQU SPSR=0xE
                 	.EQU SPDR=0xF
                 	.EQU EERE=0x0
                 	.EQU EEWE=0x1
                 	.EQU EEMWE=0x2
                 	.EQU EECR=0x1C
                 	.EQU EEDR=0x1D
                 	.EQU EEARL=0x1E
                 	.EQU EEARH=0x1F
                 	.EQU WDTCR=0x21
                 	.EQU MCUCR=0x35
                 	.EQU GICR=0x3B
                 	.EQU SPL=0x3D
                 	.EQU SPH=0x3E
                 	.EQU SREG=0x3F
                 
                 	.DEF R0X0=R0
                 	.DEF R0X1=R1
                 	.DEF R0X2=R2
                 	.DEF R0X3=R3
                 	.DEF R0X4=R4
                 	.DEF R0X5=R5
                 	.DEF R0X6=R6
                 	.DEF R0X7=R7
                 	.DEF R0X8=R8
                 	.DEF R0X9=R9
                 	.DEF R0XA=R10
                 	.DEF R0XB=R11
                 	.DEF R0XC=R12
                 	.DEF R0XD=R13
                 	.DEF R0XE=R14
                 	.DEF R0XF=R15
                 	.DEF R0X10=R16
                 	.DEF R0X11=R17
                 	.DEF R0X12=R18
                 	.DEF R0X13=R19
                 	.DEF R0X14=R20
                 	.DEF R0X15=R21
                 	.DEF R0X16=R22
                 	.DEF R0X17=R23
                 	.DEF R0X18=R24
                 	.DEF R0X19=R25
                 	.DEF R0X1A=R26
                 	.DEF R0X1B=R27
                 	.DEF R0X1C=R28
                 	.DEF R0X1D=R29
                 	.DEF R0X1E=R30
                 	.DEF R0X1F=R31
                 
                 	.EQU __SRAM_START=0x0060
                 	.EQU __SRAM_END=0x045F
                 	.EQU __DSTACK_SIZE=0x0100
                 	.EQU __HEAP_SIZE=0x0000
                 	.EQU __CLEAR_SRAM_SIZE=__SRAM_END-__SRAM_START+1
                 
                 	.MACRO __CPD1N
                 	CPI  R30,LOW(@0)
                 	LDI  R26,HIGH(@0)
                 	CPC  R31,R26
                 	LDI  R26,BYTE3(@0)
                 	CPC  R22,R26
                 	LDI  R26,BYTE4(@0)
                 	CPC  R23,R26
                 	.ENDM
                 
                 	.MACRO __CPD2N
                 	CPI  R26,LOW(@0)
                 	LDI  R30,HIGH(@0)
                 	CPC  R27,R30
                 	LDI  R30,BYTE3(@0)
                 	CPC  R24,R30
                 	LDI  R30,BYTE4(@0)
                 	CPC  R25,R30
                 	.ENDM
                 
                 	.MACRO __CPWRR
                 	CP   R@0,R@2
                 	CPC  R@1,R@3
                 	.ENDM
                 
                 	.MACRO __CPWRN
                 	CPI  R@0,LOW(@2)
                 	LDI  R30,HIGH(@2)
                 	CPC  R@1,R30
                 	.ENDM
                 
                 	.MACRO __ADDB1MN
                 	SUBI R30,LOW(-@0-(@1))
                 	.ENDM
                 
                 	.MACRO __ADDB2MN
                 	SUBI R26,LOW(-@0-(@1))
                 	.ENDM
                 
                 	.MACRO __ADDW1MN
                 	SUBI R30,LOW(-@0-(@1))
                 	SBCI R31,HIGH(-@0-(@1))
                 	.ENDM
                 
                 	.MACRO __ADDW2MN
                 	SUBI R26,LOW(-@0-(@1))
                 	SBCI R27,HIGH(-@0-(@1))
                 	.ENDM
                 
                 	.MACRO __ADDW1FN
                 	SUBI R30,LOW(-2*@0-(@1))
                 	SBCI R31,HIGH(-2*@0-(@1))
                 	.ENDM
                 
                 	.MACRO __ADDD1FN
                 	SUBI R30,LOW(-2*@0-(@1))
                 	SBCI R31,HIGH(-2*@0-(@1))
                 	SBCI R22,BYTE3(-2*@0-(@1))
                 	.ENDM
                 
                 	.MACRO __ADDD1N
                 	SUBI R30,LOW(-@0)
                 	SBCI R31,HIGH(-@0)
                 	SBCI R22,BYTE3(-@0)
                 	SBCI R23,BYTE4(-@0)
                 	.ENDM
                 
                 	.MACRO __ADDD2N
                 	SUBI R26,LOW(-@0)
                 	SBCI R27,HIGH(-@0)
                 	SBCI R24,BYTE3(-@0)
                 	SBCI R25,BYTE4(-@0)
                 	.ENDM
                 
                 	.MACRO __SUBD1N
                 	SUBI R30,LOW(@0)
                 	SBCI R31,HIGH(@0)
                 	SBCI R22,BYTE3(@0)
                 	SBCI R23,BYTE4(@0)
                 	.ENDM
                 
                 	.MACRO __SUBD2N
                 	SUBI R26,LOW(@0)
                 	SBCI R27,HIGH(@0)
                 	SBCI R24,BYTE3(@0)
                 	SBCI R25,BYTE4(@0)
                 	.ENDM
                 
                 	.MACRO __ANDBMNN
                 	LDS  R30,@0+(@1)
                 	ANDI R30,LOW(@2)
                 	STS  @0+(@1),R30
                 	.ENDM
                 
                 	.MACRO __ANDWMNN
                 	LDS  R30,@0+(@1)
                 	ANDI R30,LOW(@2)
                 	STS  @0+(@1),R30
                 	LDS  R30,@0+(@1)+1
                 	ANDI R30,HIGH(@2)
                 	STS  @0+(@1)+1,R30
                 	.ENDM
                 
                 	.MACRO __ANDD1N
                 	ANDI R30,LOW(@0)
                 	ANDI R31,HIGH(@0)
                 	ANDI R22,BYTE3(@0)
                 	ANDI R23,BYTE4(@0)
                 	.ENDM
                 
                 	.MACRO __ANDD2N
                 	ANDI R26,LOW(@0)
                 	ANDI R27,HIGH(@0)
                 	ANDI R24,BYTE3(@0)
                 	ANDI R25,BYTE4(@0)
                 	.ENDM
                 
                 	.MACRO __ORBMNN
                 	LDS  R30,@0+(@1)
                 	ORI  R30,LOW(@2)
                 	STS  @0+(@1),R30
                 	.ENDM
                 
                 	.MACRO __ORWMNN
                 	LDS  R30,@0+(@1)
                 	ORI  R30,LOW(@2)
                 	STS  @0+(@1),R30
                 	LDS  R30,@0+(@1)+1
                 	ORI  R30,HIGH(@2)
                 	STS  @0+(@1)+1,R30
                 	.ENDM
                 
                 	.MACRO __ORD1N
                 	ORI  R30,LOW(@0)
                 	ORI  R31,HIGH(@0)
                 	ORI  R22,BYTE3(@0)
                 	ORI  R23,BYTE4(@0)
                 	.ENDM
                 
                 	.MACRO __ORD2N
                 	ORI  R26,LOW(@0)
                 	ORI  R27,HIGH(@0)
                 	ORI  R24,BYTE3(@0)
                 	ORI  R25,BYTE4(@0)
                 	.ENDM
                 
                 	.MACRO __DELAY_USB
                 	LDI  R24,LOW(@0)
                 __DELAY_USB_LOOP:
                 	DEC  R24
                 	BRNE __DELAY_USB_LOOP
                 	.ENDM
                 
                 	.MACRO __DELAY_USW
                 	LDI  R24,LOW(@0)
                 	LDI  R25,HIGH(@0)
                 __DELAY_USW_LOOP:
                 	SBIW R24,1
                 	BRNE __DELAY_USW_LOOP
                 	.ENDM
                 
                 	.MACRO __GETD1S
                 	LDD  R30,Y+@0
                 	LDD  R31,Y+@0+1
                 	LDD  R22,Y+@0+2
                 	LDD  R23,Y+@0+3
                 	.ENDM
                 
                 	.MACRO __GETD2S
                 	LDD  R26,Y+@0
                 	LDD  R27,Y+@0+1
                 	LDD  R24,Y+@0+2
                 	LDD  R25,Y+@0+3
                 	.ENDM
                 
                 	.MACRO __PUTD1S
                 	STD  Y+@0,R30
                 	STD  Y+@0+1,R31
                 	STD  Y+@0+2,R22
                 	STD  Y+@0+3,R23
                 	.ENDM
                 
                 	.MACRO __PUTD2S
                 	STD  Y+@0,R26
                 	STD  Y+@0+1,R27
                 	STD  Y+@0+2,R24
                 	STD  Y+@0+3,R25
                 	.ENDM
                 
                 	.MACRO __PUTDZ2
                 	STD  Z+@0,R26
                 	STD  Z+@0+1,R27
                 	STD  Z+@0+2,R24
                 	STD  Z+@0+3,R25
                 	.ENDM
                 
                 	.MACRO __CLRD1S
                 	STD  Y+@0,R30
                 	STD  Y+@0+1,R30
                 	STD  Y+@0+2,R30
                 	STD  Y+@0+3,R30
                 	.ENDM
                 
                 	.MACRO __POINTB1MN
                 	LDI  R30,LOW(@0+(@1))
                 	.ENDM
                 
                 	.MACRO __POINTW1MN
                 	LDI  R30,LOW(@0+(@1))
                 	LDI  R31,HIGH(@0+(@1))
                 	.ENDM
                 
                 	.MACRO __POINTD1M
                 	LDI  R30,LOW(@0)
                 	LDI  R31,HIGH(@0)
                 	LDI  R22,BYTE3(@0)
                 	LDI  R23,BYTE4(@0)
                 	.ENDM
                 
                 	.MACRO __POINTW1FN
                 	LDI  R30,LOW(2*@0+(@1))
                 	LDI  R31,HIGH(2*@0+(@1))
                 	.ENDM
                 
                 	.MACRO __POINTD1FN
                 	LDI  R30,LOW(2*@0+(@1))
                 	LDI  R31,HIGH(2*@0+(@1))
                 	LDI  R22,BYTE3(2*@0+(@1))
                 	LDI  R23,BYTE4(2*@0+(@1))
                 	.ENDM
                 
                 	.MACRO __POINTB2MN
                 	LDI  R26,LOW(@0+(@1))
                 	.ENDM
                 
                 	.MACRO __POINTW2MN
                 	LDI  R26,LOW(@0+(@1))
                 	LDI  R27,HIGH(@0+(@1))
                 	.ENDM
                 
                 	.MACRO __POINTW2FN
                 	LDI  R26,LOW(2*@0+(@1))
                 	LDI  R27,HIGH(2*@0+(@1))
                 	.ENDM
                 
                 	.MACRO __POINTD2FN
                 	LDI  R26,LOW(2*@0+(@1))
                 	LDI  R27,HIGH(2*@0+(@1))
                 	LDI  R24,BYTE3(2*@0+(@1))
                 	LDI  R25,BYTE4(2*@0+(@1))
                 	.ENDM
                 
                 	.MACRO __POINTBRM
                 	LDI  R@0,LOW(@1)
                 	.ENDM
                 
                 	.MACRO __POINTWRM
                 	LDI  R@0,LOW(@2)
                 	LDI  R@1,HIGH(@2)
                 	.ENDM
                 
                 	.MACRO __POINTBRMN
                 	LDI  R@0,LOW(@1+(@2))
                 	.ENDM
                 
                 	.MACRO __POINTWRMN
                 	LDI  R@0,LOW(@2+(@3))
                 	LDI  R@1,HIGH(@2+(@3))
                 	.ENDM
                 
                 	.MACRO __POINTWRFN
                 	LDI  R@0,LOW(@2*2+(@3))
                 	LDI  R@1,HIGH(@2*2+(@3))
                 	.ENDM
                 
                 	.MACRO __GETD1N
                 	LDI  R30,LOW(@0)
                 	LDI  R31,HIGH(@0)
                 	LDI  R22,BYTE3(@0)
                 	LDI  R23,BYTE4(@0)
                 	.ENDM
                 
                 	.MACRO __GETD2N
                 	LDI  R26,LOW(@0)
                 	LDI  R27,HIGH(@0)
                 	LDI  R24,BYTE3(@0)
                 	LDI  R25,BYTE4(@0)
                 	.ENDM
                 
                 	.MACRO __GETB1MN
                 	LDS  R30,@0+(@1)
                 	.ENDM
                 
                 	.MACRO __GETB1HMN
                 	LDS  R31,@0+(@1)
                 	.ENDM
                 
                 	.MACRO __GETW1MN
                 	LDS  R30,@0+(@1)
                 	LDS  R31,@0+(@1)+1
                 	.ENDM
                 
                 	.MACRO __GETD1MN
                 	LDS  R30,@0+(@1)
                 	LDS  R31,@0+(@1)+1
                 	LDS  R22,@0+(@1)+2
                 	LDS  R23,@0+(@1)+3
                 	.ENDM
                 
                 	.MACRO __GETBRMN
                 	LDS  R@0,@1+(@2)
                 	.ENDM
                 
                 	.MACRO __GETWRMN
                 	LDS  R@0,@2+(@3)
                 	LDS  R@1,@2+(@3)+1
                 	.ENDM
                 
                 	.MACRO __GETWRZ
                 	LDD  R@0,Z+@2
                 	LDD  R@1,Z+@2+1
                 	.ENDM
                 
                 	.MACRO __GETD2Z
                 	LDD  R26,Z+@0
                 	LDD  R27,Z+@0+1
                 	LDD  R24,Z+@0+2
                 	LDD  R25,Z+@0+3
                 	.ENDM
                 
                 	.MACRO __GETB2MN
                 	LDS  R26,@0+(@1)
                 	.ENDM
                 
                 	.MACRO __GETW2MN
                 	LDS  R26,@0+(@1)
                 	LDS  R27,@0+(@1)+1
                 	.ENDM
                 
                 	.MACRO __GETD2MN
                 	LDS  R26,@0+(@1)
                 	LDS  R27,@0+(@1)+1
                 	LDS  R24,@0+(@1)+2
                 	LDS  R25,@0+(@1)+3
                 	.ENDM
                 
                 	.MACRO __PUTB1MN
                 	STS  @0+(@1),R30
                 	.ENDM
                 
                 	.MACRO __PUTW1MN
                 	STS  @0+(@1),R30
                 	STS  @0+(@1)+1,R31
                 	.ENDM
                 
                 	.MACRO __PUTD1MN
                 	STS  @0+(@1),R30
                 	STS  @0+(@1)+1,R31
                 	STS  @0+(@1)+2,R22
                 	STS  @0+(@1)+3,R23
                 	.ENDM
                 
                 	.MACRO __PUTB1EN
                 	LDI  R26,LOW(@0+(@1))
                 	LDI  R27,HIGH(@0+(@1))
                 	CALL __EEPROMWRB
                 	.ENDM
                 
                 	.MACRO __PUTW1EN
                 	LDI  R26,LOW(@0+(@1))
                 	LDI  R27,HIGH(@0+(@1))
                 	CALL __EEPROMWRW
                 	.ENDM
                 
                 	.MACRO __PUTD1EN
                 	LDI  R26,LOW(@0+(@1))
                 	LDI  R27,HIGH(@0+(@1))
                 	CALL __EEPROMWRD
                 	.ENDM
                 
                 	.MACRO __PUTBR0MN
                 	STS  @0+(@1),R0
                 	.ENDM
                 
                 	.MACRO __PUTBMRN
                 	STS  @0+(@1),R@2
                 	.ENDM
                 
                 	.MACRO __PUTWMRN
                 	STS  @0+(@1),R@2
                 	STS  @0+(@1)+1,R@3
                 	.ENDM
                 
                 	.MACRO __PUTBZR
                 	STD  Z+@1,R@0
                 	.ENDM
                 
                 	.MACRO __PUTWZR
                 	STD  Z+@2,R@0
                 	STD  Z+@2+1,R@1
                 	.ENDM
                 
                 	.MACRO __GETW1R
                 	MOV  R30,R@0
                 	MOV  R31,R@1
                 	.ENDM
                 
                 	.MACRO __GETW2R
                 	MOV  R26,R@0
                 	MOV  R27,R@1
                 	.ENDM
                 
                 	.MACRO __GETWRN
                 	LDI  R@0,LOW(@2)
                 	LDI  R@1,HIGH(@2)
                 	.ENDM
                 
                 	.MACRO __PUTW1R
                 	MOV  R@0,R30
                 	MOV  R@1,R31
                 	.ENDM
                 
                 	.MACRO __PUTW2R
                 	MOV  R@0,R26
                 	MOV  R@1,R27
                 	.ENDM
                 
                 	.MACRO __ADDWRN
                 	SUBI R@0,LOW(-@2)
                 	SBCI R@1,HIGH(-@2)
                 	.ENDM
                 
                 	.MACRO __ADDWRR
                 	ADD  R@0,R@2
                 	ADC  R@1,R@3
                 	.ENDM
                 
                 	.MACRO __SUBWRN
                 	SUBI R@0,LOW(@2)
                 	SBCI R@1,HIGH(@2)
                 	.ENDM
                 
                 	.MACRO __SUBWRR
                 	SUB  R@0,R@2
                 	SBC  R@1,R@3
                 	.ENDM
                 
                 	.MACRO __ANDWRN
                 	ANDI R@0,LOW(@2)
                 	ANDI R@1,HIGH(@2)
                 	.ENDM
                 
                 	.MACRO __ANDWRR
                 	AND  R@0,R@2
                 	AND  R@1,R@3
                 	.ENDM
                 
                 	.MACRO __ORWRN
                 	ORI  R@0,LOW(@2)
                 	ORI  R@1,HIGH(@2)
                 	.ENDM
                 
                 	.MACRO __ORWRR
                 	OR   R@0,R@2
                 	OR   R@1,R@3
                 	.ENDM
                 
                 	.MACRO __EORWRR
                 	EOR  R@0,R@2
                 	EOR  R@1,R@3
                 	.ENDM
                 
                 	.MACRO __GETWRS
                 	LDD  R@0,Y+@2
                 	LDD  R@1,Y+@2+1
                 	.ENDM
                 
                 	.MACRO __PUTBSR
                 	STD  Y+@1,R@0
                 	.ENDM
                 
                 	.MACRO __PUTWSR
                 	STD  Y+@2,R@0
                 	STD  Y+@2+1,R@1
                 	.ENDM
                 
                 	.MACRO __MOVEWRR
                 	MOV  R@0,R@2
                 	MOV  R@1,R@3
                 	.ENDM
                 
                 	.MACRO __INWR
                 	IN   R@0,@2
                 	IN   R@1,@2+1
                 	.ENDM
                 
                 	.MACRO __OUTWR
                 	OUT  @2+1,R@1
                 	OUT  @2,R@0
                 	.ENDM
                 
                 	.MACRO __CALL1MN
                 	LDS  R30,@0+(@1)
                 	LDS  R31,@0+(@1)+1
                 	ICALL
                 	.ENDM
                 
                 	.MACRO __CALL1FN
                 	LDI  R30,LOW(2*@0+(@1))
                 	LDI  R31,HIGH(2*@0+(@1))
                 	CALL __GETW1PF
                 	ICALL
                 	.ENDM
                 
                 	.MACRO __CALL2EN
                 	LDI  R26,LOW(@0+(@1))
                 	LDI  R27,HIGH(@0+(@1))
                 	CALL __EEPROMRDW
                 	ICALL
                 	.ENDM
                 
                 	.MACRO __GETW1STACK
                 	IN   R26,SPL
                 	IN   R27,SPH
                 	ADIW R26,@0+1
                 	LD   R30,X+
                 	LD   R31,X
                 	.ENDM
                 
                 	.MACRO __GETD1STACK
                 	IN   R26,SPL
                 	IN   R27,SPH
                 	ADIW R26,@0+1
                 	LD   R30,X+
                 	LD   R31,X+
                 	LD   R22,X
                 	.ENDM
                 
                 	.MACRO __NBST
                 	BST  R@0,@1
                 	IN   R30,SREG
                 	LDI  R31,0x40
                 	EOR  R30,R31
                 	OUT  SREG,R30
                 	.ENDM
                 
                 
                 	.MACRO __PUTB1SN
                 	LDD  R26,Y+@0
                 	LDD  R27,Y+@0+1
                 	SUBI R26,LOW(-@1)
                 	SBCI R27,HIGH(-@1)
                 	ST   X,R30
                 	.ENDM
                 
                 	.MACRO __PUTW1SN
                 	LDD  R26,Y+@0
                 	LDD  R27,Y+@0+1
                 	SUBI R26,LOW(-@1)
                 	SBCI R27,HIGH(-@1)
                 	ST   X+,R30
                 	ST   X,R31
                 	.ENDM
                 
                 	.MACRO __PUTD1SN
                 	LDD  R26,Y+@0
                 	LDD  R27,Y+@0+1
                 	SUBI R26,LOW(-@1)
                 	SBCI R27,HIGH(-@1)
                 	CALL __PUTDP1
                 	.ENDM
                 
                 	.MACRO __PUTB1SNS
                 	LDD  R26,Y+@0
                 	LDD  R27,Y+@0+1
                 	ADIW R26,@1
                 	ST   X,R30
                 	.ENDM
                 
                 	.MACRO __PUTW1SNS
                 	LDD  R26,Y+@0
                 	LDD  R27,Y+@0+1
                 	ADIW R26,@1
                 	ST   X+,R30
                 	ST   X,R31
                 	.ENDM
                 
                 	.MACRO __PUTD1SNS
                 	LDD  R26,Y+@0
                 	LDD  R27,Y+@0+1
                 	ADIW R26,@1
                 	CALL __PUTDP1
                 	.ENDM
                 
                 	.MACRO __PUTB1PMN
                 	LDS  R26,@0
                 	LDS  R27,@0+1
                 	SUBI R26,LOW(-@1)
                 	SBCI R27,HIGH(-@1)
                 	ST   X,R30
                 	.ENDM
                 
                 	.MACRO __PUTW1PMN
                 	LDS  R26,@0
                 	LDS  R27,@0+1
                 	SUBI R26,LOW(-@1)
                 	SBCI R27,HIGH(-@1)
                 	ST   X+,R30
                 	ST   X,R31
                 	.ENDM
                 
                 	.MACRO __PUTD1PMN
                 	LDS  R26,@0
                 	LDS  R27,@0+1
                 	SUBI R26,LOW(-@1)
                 	SBCI R27,HIGH(-@1)
                 	CALL __PUTDP1
                 	.ENDM
                 
                 	.MACRO __PUTB1PMNS
                 	LDS  R26,@0
                 	LDS  R27,@0+1
                 	ADIW R26,@1
                 	ST   X,R30
                 	.ENDM
                 
                 	.MACRO __PUTW1PMNS
                 	LDS  R26,@0
                 	LDS  R27,@0+1
                 	ADIW R26,@1
                 	ST   X+,R30
                 	ST   X,R31
                 	.ENDM
                 
                 	.MACRO __PUTD1PMNS
                 	LDS  R26,@0
                 	LDS  R27,@0+1
                 	ADIW R26,@1
                 	CALL __PUTDP1
                 	.ENDM
                 
                 	.MACRO __PUTB1RN
                 	MOVW R26,R@0
                 	SUBI R26,LOW(-@1)
                 	SBCI R27,HIGH(-@1)
                 	ST   X,R30
                 	.ENDM
                 
                 	.MACRO __PUTW1RN
                 	MOVW R26,R@0
                 	SUBI R26,LOW(-@1)
                 	SBCI R27,HIGH(-@1)
                 	ST   X+,R30
                 	ST   X,R31
                 	.ENDM
                 
                 	.MACRO __PUTD1RN
                 	MOVW R26,R@0
                 	SUBI R26,LOW(-@1)
                 	SBCI R27,HIGH(-@1)
                 	CALL __PUTDP1
                 	.ENDM
                 
                 	.MACRO __PUTB1RNS
                 	MOVW R26,R@0
                 	ADIW R26,@1
                 	ST   X,R30
                 	.ENDM
                 
                 	.MACRO __PUTW1RNS
                 	MOVW R26,R@0
                 	ADIW R26,@1
                 	ST   X+,R30
                 	ST   X,R31
                 	.ENDM
                 
                 	.MACRO __PUTD1RNS
                 	MOVW R26,R@0
                 	ADIW R26,@1
                 	CALL __PUTDP1
                 	.ENDM
                 
                 	.MACRO __PUTB1RON
                 	MOV  R26,R@0
                 	MOV  R27,R@1
                 	SUBI R26,LOW(-@2)
                 	SBCI R27,HIGH(-@2)
                 	ST   X,R30
                 	.ENDM
                 
                 	.MACRO __PUTW1RON
                 	MOV  R26,R@0
                 	MOV  R27,R@1
                 	SUBI R26,LOW(-@2)
                 	SBCI R27,HIGH(-@2)
                 	ST   X+,R30
                 	ST   X,R31
                 	.ENDM
                 
                 	.MACRO __PUTD1RON
                 	MOV  R26,R@0
                 	MOV  R27,R@1
                 	SUBI R26,LOW(-@2)
                 	SBCI R27,HIGH(-@2)
                 	CALL __PUTDP1
                 	.ENDM
                 
                 	.MACRO __PUTB1RONS
                 	MOV  R26,R@0
                 	MOV  R27,R@1
                 	ADIW R26,@2
                 	ST   X,R30
                 	.ENDM
                 
                 	.MACRO __PUTW1RONS
                 	MOV  R26,R@0
                 	MOV  R27,R@1
                 	ADIW R26,@2
                 	ST   X+,R30
                 	ST   X,R31
                 	.ENDM
                 
                 	.MACRO __PUTD1RONS
                 	MOV  R26,R@0
                 	MOV  R27,R@1
                 	ADIW R26,@2
                 	CALL __PUTDP1
                 	.ENDM
                 
                 
                 	.MACRO __GETB1SX
                 	MOVW R30,R28
                 	SUBI R30,LOW(-@0)
                 	SBCI R31,HIGH(-@0)
                 	LD   R30,Z
                 	.ENDM
                 
                 	.MACRO __GETB1HSX
                 	MOVW R30,R28
                 	SUBI R30,LOW(-@0)
                 	SBCI R31,HIGH(-@0)
                 	LD   R31,Z
                 	.ENDM
                 
                 	.MACRO __GETW1SX
                 	MOVW R30,R28
                 	SUBI R30,LOW(-@0)
                 	SBCI R31,HIGH(-@0)
                 	LD   R0,Z+
                 	LD   R31,Z
                 	MOV  R30,R0
                 	.ENDM
                 
                 	.MACRO __GETD1SX
                 	MOVW R30,R28
                 	SUBI R30,LOW(-@0)
                 	SBCI R31,HIGH(-@0)
                 	LD   R0,Z+
                 	LD   R1,Z+
                 	LD   R22,Z+
                 	LD   R23,Z
                 	MOVW R30,R0
                 	.ENDM
                 
                 	.MACRO __GETB2SX
                 	MOVW R26,R28
                 	SUBI R26,LOW(-@0)
                 	SBCI R27,HIGH(-@0)
                 	LD   R26,X
                 	.ENDM
                 
                 	.MACRO __GETW2SX
                 	MOVW R26,R28
                 	SUBI R26,LOW(-@0)
                 	SBCI R27,HIGH(-@0)
                 	LD   R0,X+
                 	LD   R27,X
                 	MOV  R26,R0
                 	.ENDM
                 
                 	.MACRO __GETD2SX
                 	MOVW R26,R28
                 	SUBI R26,LOW(-@0)
                 	SBCI R27,HIGH(-@0)
                 	LD   R0,X+
                 	LD   R1,X+
                 	LD   R24,X+
                 	LD   R25,X
                 	MOVW R26,R0
                 	.ENDM
                 
                 	.MACRO __GETBRSX
                 	MOVW R30,R28
                 	SUBI R30,LOW(-@1)
                 	SBCI R31,HIGH(-@1)
                 	LD   R@0,Z
                 	.ENDM
                 
                 	.MACRO __GETWRSX
                 	MOVW R30,R28
                 	SUBI R30,LOW(-@2)
                 	SBCI R31,HIGH(-@2)
                 	LD   R@0,Z+
                 	LD   R@1,Z
                 	.ENDM
                 
                 	.MACRO __GETBRSX2
                 	MOVW R26,R28
                 	SUBI R26,LOW(-@1)
                 	SBCI R27,HIGH(-@1)
                 	LD   R@0,X
                 	.ENDM
                 
                 	.MACRO __GETWRSX2
                 	MOVW R26,R28
                 	SUBI R26,LOW(-@2)
                 	SBCI R27,HIGH(-@2)
                 	LD   R@0,X+
                 	LD   R@1,X
                 	.ENDM
                 
                 	.MACRO __LSLW8SX
                 	MOVW R30,R28
                 	SUBI R30,LOW(-@0)
                 	SBCI R31,HIGH(-@0)
                 	LD   R31,Z
                 	CLR  R30
                 	.ENDM
                 
                 	.MACRO __PUTB1SX
                 	MOVW R26,R28
                 	SUBI R26,LOW(-@0)
                 	SBCI R27,HIGH(-@0)
                 	ST   X,R30
                 	.ENDM
                 
                 	.MACRO __PUTW1SX
                 	MOVW R26,R28
                 	SUBI R26,LOW(-@0)
                 	SBCI R27,HIGH(-@0)
                 	ST   X+,R30
                 	ST   X,R31
                 	.ENDM
                 
                 	.MACRO __PUTD1SX
                 	MOVW R26,R28
                 	SUBI R26,LOW(-@0)
                 	SBCI R27,HIGH(-@0)
                 	ST   X+,R30
                 	ST   X+,R31
                 	ST   X+,R22
                 	ST   X,R23
                 	.ENDM
                 
                 	.MACRO __CLRW1SX
                 	MOVW R26,R28
                 	SUBI R26,LOW(-@0)
                 	SBCI R27,HIGH(-@0)
                 	ST   X+,R30
                 	ST   X,R30
                 	.ENDM
                 
                 	.MACRO __CLRD1SX
                 	MOVW R26,R28
                 	SUBI R26,LOW(-@0)
                 	SBCI R27,HIGH(-@0)
                 	ST   X+,R30
                 	ST   X+,R30
                 	ST   X+,R30
                 	ST   X,R30
                 	.ENDM
                 
                 	.MACRO __PUTB2SX
                 	MOVW R30,R28
                 	SUBI R30,LOW(-@0)
                 	SBCI R31,HIGH(-@0)
                 	ST   Z,R26
                 	.ENDM
                 
                 	.MACRO __PUTW2SX
                 	MOVW R30,R28
                 	SUBI R30,LOW(-@0)
                 	SBCI R31,HIGH(-@0)
                 	ST   Z+,R26
                 	ST   Z,R27
                 	.ENDM
                 
                 	.MACRO __PUTD2SX
                 	MOVW R30,R28
                 	SUBI R30,LOW(-@0)
                 	SBCI R31,HIGH(-@0)
                 	ST   Z+,R26
                 	ST   Z+,R27
                 	ST   Z+,R24
                 	ST   Z,R25
                 	.ENDM
                 
                 	.MACRO __PUTBSRX
                 	MOVW R30,R28
                 	SUBI R30,LOW(-@1)
                 	SBCI R31,HIGH(-@1)
                 	ST   Z,R@0
                 	.ENDM
                 
                 	.MACRO __PUTWSRX
                 	MOVW R30,R28
                 	SUBI R30,LOW(-@2)
                 	SBCI R31,HIGH(-@2)
                 	ST   Z+,R@0
                 	ST   Z,R@1
                 	.ENDM
                 
                 	.MACRO __PUTB1SNX
                 	MOVW R26,R28
                 	SUBI R26,LOW(-@0)
                 	SBCI R27,HIGH(-@0)
                 	LD   R0,X+
                 	LD   R27,X
                 	MOV  R26,R0
                 	SUBI R26,LOW(-@1)
                 	SBCI R27,HIGH(-@1)
                 	ST   X,R30
                 	.ENDM
                 
                 	.MACRO __PUTW1SNX
                 	MOVW R26,R28
                 	SUBI R26,LOW(-@0)
                 	SBCI R27,HIGH(-@0)
                 	LD   R0,X+
                 	LD   R27,X
                 	MOV  R26,R0
                 	SUBI R26,LOW(-@1)
                 	SBCI R27,HIGH(-@1)
                 	ST   X+,R30
                 	ST   X,R31
                 	.ENDM
                 
                 	.MACRO __PUTD1SNX
                 	MOVW R26,R28
                 	SUBI R26,LOW(-@0)
                 	SBCI R27,HIGH(-@0)
                 	LD   R0,X+
                 	LD   R27,X
                 	MOV  R26,R0
                 	SUBI R26,LOW(-@1)
                 	SBCI R27,HIGH(-@1)
                 	ST   X+,R30
                 	ST   X+,R31
                 	ST   X+,R22
                 	ST   X,R23
                 	.ENDM
                 
                 	.MACRO __MULBRR
                 	MULS R@0,R@1
                 	MOVW R30,R0
                 	.ENDM
                 
                 	.MACRO __MULBRRU
                 	MUL  R@0,R@1
                 	MOVW R30,R0
                 	.ENDM
                 
                 	.MACRO __MULBRR0
                 	MULS R@0,R@1
                 	.ENDM
                 
                 	.MACRO __MULBRRU0
                 	MUL  R@0,R@1
                 	.ENDM
                 
                 	.MACRO __MULBNWRU
                 	LDI  R26,@2
                 	MUL  R26,R@0
                 	MOVW R30,R0
                 	MUL  R26,R@1
                 	ADD  R31,R0
                 	.ENDM
                 
                 ;NAME DEFINITIONS FOR GLOBAL VARIABLES ALLOCATED TO REGISTERS
                 	.DEF _x=R4
                 	.DEF _y=R6
                 	.DEF _den=R8
                 	.DEF _num=R10
                 	.DEF _f=R13
                 
                 	.CSEG
                 	.ORG 0x00
                 
                 ;START OF CODE MARKER
                 __START_OF_CODE:
                 
                 ;INTERRUPT VECTORS
000000 940c 0030 	JMP  __RESET
000002 940c 0000 	JMP  0x00
000004 940c 0000 	JMP  0x00
000006 940c 0000 	JMP  0x00
000008 940c 0060 	JMP  _timer2_ovf_isr
00000a 940c 0000 	JMP  0x00
00000c 940c 0000 	JMP  0x00
00000e 940c 0000 	JMP  0x00
000010 940c 0000 	JMP  0x00
000012 940c 0000 	JMP  0x00
000014 940c 0000 	JMP  0x00
000016 940c 0000 	JMP  0x00
000018 940c 0000 	JMP  0x00
00001a 940c 0000 	JMP  0x00
00001c 940c 0066 	JMP  _adc_isr
00001e 940c 0000 	JMP  0x00
000020 940c 0000 	JMP  0x00
000022 940c 0000 	JMP  0x00
000024 940c 0000 	JMP  0x00
000026 940c 0000 	JMP  0x00
000028 940c 0000 	JMP  0x00
                 
                 _0xF:
00002a 0000
00002b 0000      	.DB  0x0,0x0,0x0,0x0
                 
                 __GLOBAL_INI_TBL:
00002c 0004      	.DW  0x04
00002d 0004      	.DW  0x04
00002e 0054      	.DW  _0xF*2
                 
                 _0xFFFFFFFF:
00002f 0000      	.DW  0
                 
                 __RESET:
000030 94f8      	CLI
000031 27ee      	CLR  R30
000032 bbec      	OUT  EECR,R30
                 
                 ;INTERRUPT VECTORS ARE PLACED
                 ;AT THE START OF FLASH
000033 e0f1      	LDI  R31,1
000034 bffb      	OUT  GICR,R31
000035 bfeb      	OUT  GICR,R30
000036 bfe5      	OUT  MCUCR,R30
                 
                 ;DISABLE WATCHDOG
000037 e1f8      	LDI  R31,0x18
000038 bdf1      	OUT  WDTCR,R31
000039 bde1      	OUT  WDTCR,R30
                 
                 ;CLEAR R2-R14
00003a e08d      	LDI  R24,(14-2)+1
00003b e0a2      	LDI  R26,2
00003c 27bb      	CLR  R27
                 __CLEAR_REG:
00003d 93ed      	ST   X+,R30
00003e 958a      	DEC  R24
00003f f7e9      	BRNE __CLEAR_REG
                 
                 ;CLEAR SRAM
000040 e080      	LDI  R24,LOW(__CLEAR_SRAM_SIZE)
000041 e094      	LDI  R25,HIGH(__CLEAR_SRAM_SIZE)
000042 e6a0      	LDI  R26,__SRAM_START
                 __CLEAR_SRAM:
000043 93ed      	ST   X+,R30
000044 9701      	SBIW R24,1
000045 f7e9      	BRNE __CLEAR_SRAM
                 
                 ;GLOBAL VARIABLES INITIALIZATION
000046 e5e8      	LDI  R30,LOW(__GLOBAL_INI_TBL*2)
000047 e0f0      	LDI  R31,HIGH(__GLOBAL_INI_TBL*2)
                 __GLOBAL_INI_NEXT:
000048 9185      	LPM  R24,Z+
000049 9195      	LPM  R25,Z+
00004a 9700      	SBIW R24,0
00004b f061      	BREQ __GLOBAL_INI_END
00004c 91a5      	LPM  R26,Z+
00004d 91b5      	LPM  R27,Z+
00004e 9005      	LPM  R0,Z+
00004f 9015      	LPM  R1,Z+
000050 01bf      	MOVW R22,R30
000051 01f0      	MOVW R30,R0
                 __GLOBAL_INI_LOOP:
000052 9005      	LPM  R0,Z+
000053 920d      	ST   X+,R0
000054 9701      	SBIW R24,1
000055 f7e1      	BRNE __GLOBAL_INI_LOOP
000056 01fb      	MOVW R30,R22
000057 cff0      	RJMP __GLOBAL_INI_NEXT
                 __GLOBAL_INI_END:
                 
                 ;HARDWARE STACK POINTER INITIALIZATION
000058 e5ef      	LDI  R30,LOW(__SRAM_END-__HEAP_SIZE)
000059 bfed      	OUT  SPL,R30
00005a e0e4      	LDI  R30,HIGH(__SRAM_END-__HEAP_SIZE)
00005b bfee      	OUT  SPH,R30
                 
                 ;DATA STACK POINTER INITIALIZATION
00005c e6c0      	LDI  R28,LOW(__SRAM_START+__DSTACK_SIZE)
00005d e0d1      	LDI  R29,HIGH(__SRAM_START+__DSTACK_SIZE)
                 
00005e 940c 00ef 	JMP  _main
                 
                 	.ESEG
                 	.ORG 0
                 
                 	.DSEG
                 	.ORG 0x160
                 
                 	.CSEG
                 ;/*****************************************************
                 ;This program was produced by the
                 ;CodeWizardAVR V2.05.3 Standard
                 ;Automatic Program Generator
                 ;© Copyright 1998-2011 Pavel Haiduc, HP InfoTech s.r.l.
                 ;http://www.hpinfotech.com
                 ;
                 ;Project :
                 ;Version :
                 ;Date    : 5/20/2013
                 ;Author  : mh
                 ;Company :
                 ;Comments:
                 ;
                 ;
                 ;Chip type               : ATmega16
                 ;Program type            : Application
                 ;AVR Core Clock frequency: 8.000000 MHz
                 ;Memory model            : Small
                 ;External RAM size       : 0
                 ;Data Stack size         : 256
                 ;*****************************************************/
                 ;
                 ;#include <mega16.h>
                 	#ifndef __SLEEP_DEFINED__
                 	#define __SLEEP_DEFINED__
                 	.EQU __se_bit=0x40
                 	.EQU __sm_mask=0xB0
                 	.EQU __sm_powerdown=0x20
                 	.EQU __sm_powersave=0x30
                 	.EQU __sm_standby=0xA0
                 	.EQU __sm_ext_standby=0xB0
                 	.EQU __sm_adc_noise_red=0x10
                 	.SET power_ctrl_reg=mcucr
                 	#endif
                 ;
                 ;#include <delay.h>
                 ;
                 ;#define ADC_VREF_TYPE 0x60
                 ;int x=0,y=0,den,num;
                 ;char a[2],f;
                 ;float phase;
                 ;
                 ;interrupt [TIM2_OVF] void timer2_ovf_isr(void)
                 ; 0000 0022 {
                 
                 	.CSEG
                 _timer2_ovf_isr:
000060 93ea      	ST   -Y,R30
000061 b7ef      	IN   R30,SREG
                 ; 0000 0023 f++;
000062 94d3      	INC  R13
                 ; 0000 0024 
                 ; 0000 0025 }
000063 bfef      	OUT  SREG,R30
000064 91e9      	LD   R30,Y+
000065 9518      	RETI
                 ;
                 ;// ADC interrupt service routine
                 ;interrupt [ADC_INT] void adc_isr(void)
                 ; 0000 0029 {
                 _adc_isr:
000066 920a      	ST   -Y,R0
000067 921a      	ST   -Y,R1
000068 936a      	ST   -Y,R22
000069 937a      	ST   -Y,R23
00006a 939a      	ST   -Y,R25
00006b 93aa      	ST   -Y,R26
00006c 93ba      	ST   -Y,R27
00006d 93ea      	ST   -Y,R30
00006e 93fa      	ST   -Y,R31
00006f b7ef      	IN   R30,SREG
000070 93ea      	ST   -Y,R30
                 ; 0000 002A unsigned char adc_data;
                 ; 0000 002B // Read the 8 most significant bits
                 ; 0000 002C // of the AD conversion result
                 ; 0000 002D adc_data=ADCH;
000071 931a      	ST   -Y,R17
                 ;	adc_data -> R17
000072 b115      	IN   R17,5
                 ; 0000 002E 
                 ; 0000 002F 
                 ; 0000 0030 if (x==0)
000073 2c04      	MOV  R0,R4
000074 2805      	OR   R0,R5
000075 f421      	BRNE _0x3
                 ; 0000 0031 a[0]=ADCH;
000076 b1e5      	IN   R30,0x5
000077 93e0 0160 	STS  _a,R30
                 ; 0000 0032 else if (x==1)
000079 c009      	RJMP _0x4
                 _0x3:
00007a e0e1      	LDI  R30,LOW(1)
00007b e0f0      	LDI  R31,HIGH(1)
00007c 15e4      	CP   R30,R4
00007d 05f5      	CPC  R31,R5
00007e f421      	BRNE _0x5
                 ; 0000 0033 a[1]=ADCH;
                +
00007f e6a1     +LDI R26 , LOW ( _a + ( 1 ) )
000080 e0b1     +LDI R27 , HIGH ( _a + ( 1 ) )
                 	__POINTW2MN _a,1
000081 b1e5      	IN   R30,0x5
000082 93ec      	ST   X,R30
                 ; 0000 0034 
                 ; 0000 0035 if(a[0]==0xff&x==0)
                 _0x5:
                 _0x4:
000083 91a0 0160 	LDS  R26,_a
000085 efef      	LDI  R30,LOW(255)
000086 940e 0175 	CALL __EQB12
000088 2e0e      	MOV  R0,R30
000089 01d2      	MOVW R26,R4
00008a e0e0      	LDI  R30,LOW(0)
00008b e0f0      	LDI  R31,HIGH(0)
00008c 940e 017a 	CALL __EQW12
00008e 21e0      	AND  R30,R0
00008f f139      	BREQ _0x6
                 ; 0000 0036     {
                 ; 0000 0037     if (y==1)
000090 e0e1      	LDI  R30,LOW(1)
000091 e0f0      	LDI  R31,HIGH(1)
000092 15e6      	CP   R30,R6
000093 05f7      	CPC  R31,R7
000094 f4b1      	BRNE _0x7
                 ; 0000 0038         {
                 ; 0000 0039         den=f*200+TCNT0;
000095 2dad      	MOV  R26,R13
000096 ece8      	LDI  R30,LOW(200)
000097 9fea      	MUL  R30,R26
000098 01f0      	MOVW R30,R0
000099 01df      	MOVW R26,R30
00009a b7e2      	IN   R30,0x32
00009b e0f0      	LDI  R31,0
00009c 0fea      	ADD  R30,R26
00009d 1ffb      	ADC  R31,R27
00009e 014f      	MOVW R8,R30
                 ; 0000 003A         f=0;
00009f 24dd      	CLR  R13
                 ; 0000 003B         TCNT2=0;
0000a0 e0e0      	LDI  R30,LOW(0)
0000a1 bde4      	OUT  0x24,R30
                 ; 0000 003C         x=1;
0000a2 e0e1      	LDI  R30,LOW(1)
0000a3 e0f0      	LDI  R31,HIGH(1)
0000a4 012f      	MOVW R4,R30
                 ; 0000 003D         y=2;
0000a5 e0e2      	LDI  R30,LOW(2)
0000a6 e0f0      	LDI  R31,HIGH(2)
0000a7 013f      	MOVW R6,R30
                 ; 0000 003E         ADMUX=0x41;
0000a8 e4e1      	LDI  R30,LOW(65)
0000a9 b9e7      	OUT  0x7,R30
                 ; 0000 003F         }
                 ; 0000 0040     else if(y==0)
0000aa c00c      	RJMP _0x8
                 _0x7:
0000ab 2c06      	MOV  R0,R6
0000ac 2807      	OR   R0,R7
0000ad f449      	BRNE _0x9
                 ; 0000 0041         {
                 ; 0000 0042         y=1;
0000ae e0e1      	LDI  R30,LOW(1)
0000af e0f0      	LDI  R31,HIGH(1)
0000b0 013f      	MOVW R6,R30
                 ; 0000 0043         TCCR2=0x0A;
0000b1 e0ea      	LDI  R30,LOW(10)
0000b2 bde5      	OUT  0x25,R30
                 ; 0000 0044         TCNT2=0x00;
0000b3 e0e0      	LDI  R30,LOW(0)
0000b4 bde4      	OUT  0x24,R30
                 ; 0000 0045         OCR2=0xC8;
0000b5 ece8      	LDI  R30,LOW(200)
0000b6 bde3      	OUT  0x23,R30
                 ; 0000 0046         }
                 ; 0000 0047     }
                 _0x9:
                 _0x8:
                 ; 0000 0048 
                 ; 0000 0049 if (a[1]==0xff&x==1)
                 _0x6:
                +
0000b7 91a0 0161+LDS R26 , _a + ( 1 )
                 	__GETB2MN _a,1
0000b9 efef      	LDI  R30,LOW(255)
0000ba 940e 0175 	CALL __EQB12
0000bc 2e0e      	MOV  R0,R30
0000bd 01d2      	MOVW R26,R4
0000be e0e1      	LDI  R30,LOW(1)
0000bf e0f0      	LDI  R31,HIGH(1)
0000c0 940e 017a 	CALL __EQW12
0000c2 21e0      	AND  R30,R0
0000c3 f0c1      	BREQ _0xA
                 ; 0000 004A     {
                 ; 0000 004B      num=TCNT2+f*200;
0000c4 b564      	IN   R22,36
0000c5 2777      	CLR  R23
0000c6 2dad      	MOV  R26,R13
0000c7 ece8      	LDI  R30,LOW(200)
0000c8 9fea      	MUL  R30,R26
0000c9 01f0      	MOVW R30,R0
0000ca 0fe6      	ADD  R30,R22
0000cb 1ff7      	ADC  R31,R23
0000cc 015f      	MOVW R10,R30
                 ; 0000 004C      phase=num/den;
0000cd 01f4      	MOVW R30,R8
0000ce 01d5      	MOVW R26,R10
0000cf 940e 0193 	CALL __DIVW21
0000d1 e6a2      	LDI  R26,LOW(_phase)
0000d2 e0b1      	LDI  R27,HIGH(_phase)
0000d3 940e 0170 	CALL __CWD1
0000d5 940e 0136 	CALL __CDF1
0000d7 940e 01a6 	CALL __PUTDP1
                 ; 0000 004D      x=2;
0000d9 e0e2      	LDI  R30,LOW(2)
0000da e0f0      	LDI  R31,HIGH(2)
0000db 012f      	MOVW R4,R30
                 ; 0000 004E     }
                 ; 0000 004F // Place your code here
                 ; 0000 0050 PORTB=a[0];
                 _0xA:
0000dc 91e0 0160 	LDS  R30,_a
0000de bbe8      	OUT  0x18,R30
                 ; 0000 0051 PORTC=a[1];
                +
0000df 91e0 0161+LDS R30 , _a + ( 1 )
                 	__GETB1MN _a,1
0000e1 bbe5      	OUT  0x15,R30
                 ; 0000 0052 }
0000e2 9119      	LD   R17,Y+
0000e3 91e9      	LD   R30,Y+
0000e4 bfef      	OUT  SREG,R30
0000e5 91f9      	LD   R31,Y+
0000e6 91e9      	LD   R30,Y+
0000e7 91b9      	LD   R27,Y+
0000e8 91a9      	LD   R26,Y+
0000e9 9199      	LD   R25,Y+
0000ea 9179      	LD   R23,Y+
0000eb 9169      	LD   R22,Y+
0000ec 9019      	LD   R1,Y+
0000ed 9009      	LD   R0,Y+
0000ee 9518      	RETI
                 ;
                 ;// Declare your global variables here
                 ;
                 ;void main(void)
                 ; 0000 0057 {
                 _main:
                 ; 0000 0058 // Declare your local variables here
                 ; 0000 0059 
                 ; 0000 005A // Input/Output Ports initialization
                 ; 0000 005B // Port A initialization
                 ; 0000 005C // Func7=In Func6=In Func5=In Func4=In Func3=In Func2=In Func1=In Func0=In
                 ; 0000 005D // State7=T State6=T State5=T State4=T State3=T State2=T State1=T State0=T
                 ; 0000 005E PORTA=0x00;
0000ef e0e0      	LDI  R30,LOW(0)
0000f0 bbeb      	OUT  0x1B,R30
                 ; 0000 005F DDRA=0x00;
0000f1 bbea      	OUT  0x1A,R30
                 ; 0000 0060 
                 ; 0000 0061 // Port B initialization
                 ; 0000 0062 // Func7=In Func6=In Func5=In Func4=In Func3=In Func2=In Func1=In Func0=In
                 ; 0000 0063 // State7=T State6=T State5=T State4=T State3=T State2=T State1=T State0=T
                 ; 0000 0064 PORTB=0x00;
0000f2 bbe8      	OUT  0x18,R30
                 ; 0000 0065 DDRB=0xff;
0000f3 efef      	LDI  R30,LOW(255)
0000f4 bbe7      	OUT  0x17,R30
                 ; 0000 0066 
                 ; 0000 0067 // Port C initialization
                 ; 0000 0068 // Func7=In Func6=In Func5=In Func4=In Func3=In Func2=In Func1=In Func0=In
                 ; 0000 0069 // State7=T State6=T State5=T State4=T State3=T State2=T State1=T State0=T
                 ; 0000 006A PORTC=0x00;
0000f5 e0e0      	LDI  R30,LOW(0)
0000f6 bbe5      	OUT  0x15,R30
                 ; 0000 006B DDRC=0xff;
0000f7 efef      	LDI  R30,LOW(255)
0000f8 bbe4      	OUT  0x14,R30
                 ; 0000 006C 
                 ; 0000 006D // Port D initialization
                 ; 0000 006E // Func7=In Func6=In Func5=In Func4=In Func3=In Func2=In Func1=In Func0=In
                 ; 0000 006F // State7=T State6=T State5=T State4=T State3=T State2=T State1=T State0=T
                 ; 0000 0070 PORTD=0x00;
0000f9 e0e0      	LDI  R30,LOW(0)
0000fa bbe2      	OUT  0x12,R30
                 ; 0000 0071 DDRD=0x00;
0000fb bbe1      	OUT  0x11,R30
                 ; 0000 0072 
                 ; 0000 0073 // Timer/Counter 0 initialization
                 ; 0000 0074 // Clock source: System Clock
                 ; 0000 0075 // Clock value: Timer 0 Stopped
                 ; 0000 0076 // Mode: Normal top=0xFF
                 ; 0000 0077 // OC0 output: Disconnected
                 ; 0000 0078 TCCR0=0x00;
0000fc bfe3      	OUT  0x33,R30
                 ; 0000 0079 TCNT0=0x00;
0000fd bfe2      	OUT  0x32,R30
                 ; 0000 007A OCR0=0x00;
0000fe bfec      	OUT  0x3C,R30
                 ; 0000 007B 
                 ; 0000 007C // Timer/Counter 1 initialization
                 ; 0000 007D // Clock source: System Clock
                 ; 0000 007E // Clock value: Timer1 Stopped
                 ; 0000 007F // Mode: Normal top=0xFFFF
                 ; 0000 0080 // OC1A output: Discon.
                 ; 0000 0081 // OC1B output: Discon.
                 ; 0000 0082 // Noise Canceler: Off
                 ; 0000 0083 // Input Capture on Falling Edge
                 ; 0000 0084 // Timer1 Overflow Interrupt: Off
                 ; 0000 0085 // Input Capture Interrupt: Off
                 ; 0000 0086 // Compare A Match Interrupt: Off
                 ; 0000 0087 // Compare B Match Interrupt: Off
                 ; 0000 0088 TCCR1A=0x00;
0000ff bdef      	OUT  0x2F,R30
                 ; 0000 0089 TCCR1B=0x00;
000100 bdee      	OUT  0x2E,R30
                 ; 0000 008A TCNT1H=0x00;
000101 bded      	OUT  0x2D,R30
                 ; 0000 008B TCNT1L=0x00;
000102 bdec      	OUT  0x2C,R30
                 ; 0000 008C ICR1H=0x00;
000103 bde7      	OUT  0x27,R30
                 ; 0000 008D ICR1L=0x00;
000104 bde6      	OUT  0x26,R30
                 ; 0000 008E OCR1AH=0x00;
000105 bdeb      	OUT  0x2B,R30
                 ; 0000 008F OCR1AL=0x00;
000106 bdea      	OUT  0x2A,R30
                 ; 0000 0090 OCR1BH=0x00;
000107 bde9      	OUT  0x29,R30
                 ; 0000 0091 OCR1BL=0x00;
000108 bde8      	OUT  0x28,R30
                 ; 0000 0092 
                 ; 0000 0093 // Timer/Counter 2 initialization
                 ; 0000 0094 // Clock source: System Clock
                 ; 0000 0095 // Clock value: Timer2 Stopped
                 ; 0000 0096 // Mode: Normal top=0xFF
                 ; 0000 0097 // OC2 output: Disconnected
                 ; 0000 0098 ASSR=0x00;
000109 bde2      	OUT  0x22,R30
                 ; 0000 0099 TCCR2=0x00;
00010a bde5      	OUT  0x25,R30
                 ; 0000 009A TCNT2=0x00;
00010b bde4      	OUT  0x24,R30
                 ; 0000 009B OCR2=0x00;
00010c bde3      	OUT  0x23,R30
                 ; 0000 009C 
                 ; 0000 009D // External Interrupt(s) initialization
                 ; 0000 009E // INT0: Off
                 ; 0000 009F // INT1: Off
                 ; 0000 00A0 // INT2: Off
                 ; 0000 00A1 MCUCR=0x00;
00010d bfe5      	OUT  0x35,R30
                 ; 0000 00A2 MCUCSR=0x00;
00010e bfe4      	OUT  0x34,R30
                 ; 0000 00A3 
                 ; 0000 00A4 // Timer(s)/Counter(s) Interrupt(s) initialization
                 ; 0000 00A5 TIMSK=0x00;
00010f bfe9      	OUT  0x39,R30
                 ; 0000 00A6 
                 ; 0000 00A7 // USART initialization
                 ; 0000 00A8 // USART disabled
                 ; 0000 00A9 UCSRB=0x00;
000110 b9ea      	OUT  0xA,R30
                 ; 0000 00AA 
                 ; 0000 00AB // Analog Comparator initialization
                 ; 0000 00AC // Analog Comparator: Off
                 ; 0000 00AD // Analog Comparator Input Capture by Timer/Counter 1: Off
                 ; 0000 00AE ACSR=0x80;
000111 e8e0      	LDI  R30,LOW(128)
000112 b9e8      	OUT  0x8,R30
                 ; 0000 00AF SFIOR=0x00;
000113 e0e0      	LDI  R30,LOW(0)
000114 bfe0      	OUT  0x30,R30
                 ; 0000 00B0 
                 ; 0000 00B1 // ADC initialization
                 ; 0000 00B2 // ADC Clock frequency: 1000.000 kHz
                 ; 0000 00B3 // ADC Voltage Reference: AVCC pin
                 ; 0000 00B4 // ADC Auto Trigger Source: Free Running
                 ; 0000 00B5 // Only the 8 most significant bits of
                 ; 0000 00B6 // the AD conversion result are used
                 ; 0000 00B7 ADMUX=ADC_VREF_TYPE & 0xff;
000115 e6e0      	LDI  R30,LOW(96)
000116 b9e7      	OUT  0x7,R30
                 ; 0000 00B8 ADCSRA=0xAB;
000117 eaeb      	LDI  R30,LOW(171)
000118 b9e6      	OUT  0x6,R30
                 ; 0000 00B9 SFIOR&=0x1F;
000119 b7e0      	IN   R30,0x30
00011a 71ef      	ANDI R30,LOW(0x1F)
00011b bfe0      	OUT  0x30,R30
                 ; 0000 00BA 
                 ; 0000 00BB // SPI initialization
                 ; 0000 00BC // SPI disabled
                 ; 0000 00BD SPCR=0x00;
00011c e0e0      	LDI  R30,LOW(0)
00011d b9ed      	OUT  0xD,R30
                 ; 0000 00BE 
                 ; 0000 00BF // TWI initialization
                 ; 0000 00C0 // TWI disabled
                 ; 0000 00C1 TWCR=0x00;
00011e bfe6      	OUT  0x36,R30
                 ; 0000 00C2 
                 ; 0000 00C3 // Global enable interrupts
                 ; 0000 00C4 #asm("sei")
00011f 9478      	sei
                 ; 0000 00C5 
                 ; 0000 00C6 while (1)
                 _0xB:
                 ; 0000 00C7       {
                 ; 0000 00C8       // Place your code here
                 ; 0000 00C9 
                 ; 0000 00CA       }
000120 cfff      	RJMP _0xB
                 ; 0000 00CB }
                 _0xE:
000121 cfff      	RJMP _0xE
                 
                 	.DSEG
                 _a:
000160           	.BYTE 0x2
                 _phase:
000162           	.BYTE 0x4
                 
                 	.CSEG
                 
                 	.CSEG
                 __REPACK:
000122 e850      	LDI  R21,0x80
000123 2757      	EOR  R21,R23
000124 f411      	BRNE __REPACK0
000125 935f      	PUSH R21
000126 c02b      	RJMP __ZERORES
                 __REPACK0:
000127 3f5f      	CPI  R21,0xFF
000128 f031      	BREQ __REPACK1
000129 0f66      	LSL  R22
00012a 0c00      	LSL  R0
00012b 9557      	ROR  R21
00012c 9567      	ROR  R22
00012d 2f75      	MOV  R23,R21
00012e 9508      	RET
                 __REPACK1:
00012f 935f      	PUSH R21
000130 2000      	TST  R0
000131 f00a      	BRMI __REPACK2
000132 c02b      	RJMP __MAXRES
                 __REPACK2:
000133 c024      	RJMP __MINRES
                 
                 __CDF1U:
000134 9468      	SET
000135 c001      	RJMP __CDF1U0
                 __CDF1:
000136 94e8      	CLT
                 __CDF1U0:
000137 9730      	SBIW R30,0
000138 4060      	SBCI R22,0
000139 4070      	SBCI R23,0
00013a f0b1      	BREQ __CDF10
00013b 2400      	CLR  R0
00013c f026      	BRTS __CDF11
00013d 2377      	TST  R23
00013e f412      	BRPL __CDF11
00013f 9400      	COM  R0
000140 d027      	RCALL __ANEGD1
                 __CDF11:
000141 2e17      	MOV  R1,R23
000142 e17e      	LDI  R23,30
000143 2011      	TST  R1
                 __CDF12:
000144 f032      	BRMI __CDF13
000145 957a      	DEC  R23
000146 0fee      	LSL  R30
000147 1fff      	ROL  R31
000148 1f66      	ROL  R22
000149 1c11      	ROL  R1
00014a cff9      	RJMP __CDF12
                 __CDF13:
00014b 2fef      	MOV  R30,R31
00014c 2ff6      	MOV  R31,R22
00014d 2d61      	MOV  R22,R1
00014e 935f      	PUSH R21
00014f dfd2      	RCALL __REPACK
000150 915f      	POP  R21
                 __CDF10:
000151 9508      	RET
                 
                 __ZERORES:
000152 27ee      	CLR  R30
000153 27ff      	CLR  R31
000154 2766      	CLR  R22
000155 2777      	CLR  R23
000156 915f      	POP  R21
000157 9508      	RET
                 
                 __MINRES:
000158 efef      	SER  R30
000159 efff      	SER  R31
00015a e76f      	LDI  R22,0x7F
00015b ef7f      	SER  R23
00015c 915f      	POP  R21
00015d 9508      	RET
                 
                 __MAXRES:
00015e efef      	SER  R30
00015f efff      	SER  R31
000160 e76f      	LDI  R22,0x7F
000161 e77f      	LDI  R23,0x7F
000162 915f      	POP  R21
000163 9508      	RET
                 
                 __ANEGW1:
000164 95f1      	NEG  R31
000165 95e1      	NEG  R30
000166 40f0      	SBCI R31,0
000167 9508      	RET
                 
                 __ANEGD1:
000168 95f0      	COM  R31
000169 9560      	COM  R22
00016a 9570      	COM  R23
00016b 95e1      	NEG  R30
00016c 4fff      	SBCI R31,-1
00016d 4f6f      	SBCI R22,-1
00016e 4f7f      	SBCI R23,-1
00016f 9508      	RET
                 
                 __CWD1:
000170 2f6f      	MOV  R22,R31
000171 0f66      	ADD  R22,R22
000172 0b66      	SBC  R22,R22
000173 2f76      	MOV  R23,R22
000174 9508      	RET
                 
                 __EQB12:
000175 17ea      	CP   R30,R26
000176 e0e1      	LDI  R30,1
000177 f009      	BREQ __EQB12T
000178 27ee      	CLR  R30
                 __EQB12T:
000179 9508      	RET
                 
                 __EQW12:
00017a 17ea      	CP   R30,R26
00017b 07fb      	CPC  R31,R27
00017c e0e1      	LDI  R30,1
00017d f009      	BREQ __EQW12T
00017e 27ee      	CLR  R30
                 __EQW12T:
00017f 9508      	RET
                 
                 __DIVW21U:
000180 2400      	CLR  R0
000181 2411      	CLR  R1
000182 e190      	LDI  R25,16
                 __DIVW21U1:
000183 0faa      	LSL  R26
000184 1fbb      	ROL  R27
000185 1c00      	ROL  R0
000186 1c11      	ROL  R1
000187 1a0e      	SUB  R0,R30
000188 0a1f      	SBC  R1,R31
000189 f418      	BRCC __DIVW21U2
00018a 0e0e      	ADD  R0,R30
00018b 1e1f      	ADC  R1,R31
00018c c001      	RJMP __DIVW21U3
                 __DIVW21U2:
00018d 60a1      	SBR  R26,1
                 __DIVW21U3:
00018e 959a      	DEC  R25
00018f f799      	BRNE __DIVW21U1
000190 01fd      	MOVW R30,R26
000191 01d0      	MOVW R26,R0
000192 9508      	RET
                 
                 __DIVW21:
000193 d004      	RCALL __CHKSIGNW
000194 dfeb      	RCALL __DIVW21U
000195 f40e      	BRTC __DIVW211
000196 dfcd      	RCALL __ANEGW1
                 __DIVW211:
000197 9508      	RET
                 
                 __CHKSIGNW:
000198 94e8      	CLT
000199 fff7      	SBRS R31,7
00019a c002      	RJMP __CHKSW1
00019b dfc8      	RCALL __ANEGW1
00019c 9468      	SET
                 __CHKSW1:
00019d ffb7      	SBRS R27,7
00019e c006      	RJMP __CHKSW2
00019f 95a0      	COM  R26
0001a0 95b0      	COM  R27
0001a1 9611      	ADIW R26,1
0001a2 f800      	BLD  R0,0
0001a3 9403      	INC  R0
0001a4 fa00      	BST  R0,0
                 __CHKSW2:
0001a5 9508      	RET
                 
                 __PUTDP1:
0001a6 93ed      	ST   X+,R30
0001a7 93fd      	ST   X+,R31
0001a8 936d      	ST   X+,R22
0001a9 937c      	ST   X,R23
0001aa 9508      	RET
                 
                 ;END OF CODE MARKER
                 __END_OF_CODE:


RESOURCE USE INFORMATION
------------------------

Notice:
The register and instruction counts are symbol table hit counts,
and hence implicitly used resources are not counted, eg, the
'lpm' instruction without operands implicitly uses r0 and z,
none of which are counted.

x,y,z are separate entities in the symbol table and are
counted separately from r26..r31 here.

.dseg memory usage only counts static data declared with .byte

ATmega16 register use summary:
r0 :  28 r1 :  11 r2 :   0 r3 :   0 r4 :   6 r5 :   2 r6 :   4 r7 :   2 
r8 :   2 r9 :   0 r10:   2 r11:   0 r12:   0 r13:   4 r14:   0 r15:   0 
r16:   0 r17:   3 r18:   0 r19:   0 r20:   0 r21:  12 r22:  24 r23:  18 
r24:   7 r25:   6 r26:  26 r27:  11 r28:   1 r29:   1 r30: 142 r31:  36 
x  :   8 y  :  24 z  :   7 
Registers used: 24 out of 35 (68.6%)

ATmega16 instruction use summary:
.lds  :   0 .lds.l:   0 .sts  :   0 .sts.l:   0 adc   :   3 add   :   4 
adiw  :   1 and   :   2 andi  :   1 asr   :   0 bclr  :   0 bld   :   1 
brbc  :   0 brbs  :   0 brcc  :   1 brcs  :   0 break :   0 breq  :   7 
brge  :   0 brhc  :   0 brhs  :   0 brid  :   0 brie  :   0 brlo  :   0 
brlt  :   0 brmi  :   2 brne  :   9 brpl  :   1 brsh  :   0 brtc  :   1 
brts  :   1 brvc  :   0 brvs  :   0 bset  :   0 bst   :   1 call  :   8 
cbi   :   0 cbr   :   0 clc   :   0 clh   :   0 cli   :   1 cln   :   0 
clr   :  13 cls   :   0 clt   :   2 clv   :   0 clz   :   0 com   :   6 
cp    :   4 cpc   :   3 cpi   :   1 cpse  :   0 dec   :   3 des   :   0 
eor   :   1 fmul  :   0 fmuls :   0 fmulsu:   0 icall :   0 ijmp  :   0 
in    :   8 inc   :   2 jmp   :  22 ld    :  12 ldd   :   0 ldi   :  61 
lds   :   4 lpm   :   7 lsl   :   4 lsr   :   0 mov   :  13 movw  :  18 
mul   :   2 muls  :   0 mulsu :   0 neg   :   3 nop   :   0 or    :   2 
ori   :   0 out   :  53 pop   :   4 push  :   3 rcall :   6 ret   :  14 
reti  :   2 rjmp  :  13 rol   :   6 ror   :   2 sbc   :   2 sbci  :   6 
sbi   :   0 sbic  :   0 sbis  :   0 sbiw  :   4 sbr   :   1 sbrc  :   0 
sbrs  :   2 sec   :   0 seh   :   0 sei   :   1 sen   :   0 ser   :   5 
ses   :   0 set   :   2 sev   :   0 sez   :   0 sleep :   0 spm   :   0 
st    :  20 std   :   0 sts   :   1 sub   :   1 subi  :   0 swap  :   0 
tst   :   3 wdr   :   0 
Instructions used: 58 out of 116 (50.0%)

ATmega16 memory use summary [bytes]:
Segment   Begin    End      Code   Data   Used    Size   Use%
---------------------------------------------------------------
[.cseg] 0x000000 0x000356    842     12    854   16384   5.2%
[.dseg] 0x000060 0x000166      0      6      6    1119   0.5%
[.eseg] 0x000000 0x000000      0      0      0     512   0.0%

Assembly complete, 0 errors, 5 warnings
