
AVRASM ver. 2.1.30  C:\Users\mh\Desktop\adc\List\4.asm Sat May 25 00:04:04 2013

C:\Users\mh\Desktop\adc\List\4.asm(1072): warning: Register r5 already defined by the .DEF directive
C:\Users\mh\Desktop\adc\List\4.asm(1073): warning: Register r4 already defined by the .DEF directive
C:\Users\mh\Desktop\adc\List\4.asm(1074): warning: Register r7 already defined by the .DEF directive
C:\Users\mh\Desktop\adc\List\4.asm(1075): warning: Register r6 already defined by the .DEF directive
C:\Users\mh\Desktop\adc\List\4.asm(1076): warning: Register r9 already defined by the .DEF directive
C:\Users\mh\Desktop\adc\List\4.asm(1077): warning: Register r10 already defined by the .DEF directive
C:\Users\mh\Desktop\adc\List\4.asm(1078): warning: Register r8 already defined by the .DEF directive
C:\Users\mh\Desktop\adc\List\4.asm(1079): warning: Register r13 already defined by the .DEF directive
C:\Users\mh\Desktop\adc\List\4.asm(1080): warning: Register r12 already defined by the .DEF directive
                 
                 
                 ;CodeVisionAVR C Compiler V2.05.3 Standard
                 ;(C) Copyright 1998-2011 Pavel Haiduc, HP InfoTech s.r.l.
                 ;http://www.hpinfotech.com
                 
                 ;Chip type                : ATmega16
                 ;Program type             : Application
                 ;Clock frequency          : 4.000000 MHz
                 ;Memory model             : Small
                 ;Optimize for             : Size
                 ;(s)printf features       : int, width
                 ;(s)scanf features        : int, width
                 ;External RAM size        : 0
                 ;Data Stack size          : 256 byte(s)
                 ;Heap size                : 0 byte(s)
                 ;Promote 'char' to 'int'  : Yes
                 ;'char' is unsigned       : Yes
                 ;8 bit enums              : Yes
                 ;Global 'const' stored in FLASH     : No
                 ;Enhanced function parameter passing: Yes
                 ;Enhanced core instructions         : On
                 ;Smart register allocation          : On
                 ;Automatic register allocation      : On
                 
                 	#pragma AVRPART ADMIN PART_NAME ATmega16
                 	#pragma AVRPART MEMORY PROG_FLASH 16384
                 	#pragma AVRPART MEMORY EEPROM 512
                 	#pragma AVRPART MEMORY INT_SRAM SIZE 1119
                 	#pragma AVRPART MEMORY INT_SRAM START_ADDR 0x60
                 
                 	#define CALL_SUPPORTED 1
                 
                 	.LISTMAC
                 	.EQU UDRE=0x5
                 	.EQU RXC=0x7
                 	.EQU USR=0xB
                 	.EQU UDR=0xC
                 	.EQU SPSR=0xE
                 	.EQU SPDR=0xF
                 	.EQU EERE=0x0
                 	.EQU EEWE=0x1
                 	.EQU EEMWE=0x2
                 	.EQU EECR=0x1C
                 	.EQU EEDR=0x1D
                 	.EQU EEARL=0x1E
                 	.EQU EEARH=0x1F
                 	.EQU WDTCR=0x21
                 	.EQU MCUCR=0x35
                 	.EQU GICR=0x3B
                 	.EQU SPL=0x3D
                 	.EQU SPH=0x3E
                 	.EQU SREG=0x3F
                 
                 	.DEF R0X0=R0
                 	.DEF R0X1=R1
                 	.DEF R0X2=R2
                 	.DEF R0X3=R3
                 	.DEF R0X4=R4
                 	.DEF R0X5=R5
                 	.DEF R0X6=R6
                 	.DEF R0X7=R7
                 	.DEF R0X8=R8
                 	.DEF R0X9=R9
                 	.DEF R0XA=R10
                 	.DEF R0XB=R11
                 	.DEF R0XC=R12
                 	.DEF R0XD=R13
                 	.DEF R0XE=R14
                 	.DEF R0XF=R15
                 	.DEF R0X10=R16
                 	.DEF R0X11=R17
                 	.DEF R0X12=R18
                 	.DEF R0X13=R19
                 	.DEF R0X14=R20
                 	.DEF R0X15=R21
                 	.DEF R0X16=R22
                 	.DEF R0X17=R23
                 	.DEF R0X18=R24
                 	.DEF R0X19=R25
                 	.DEF R0X1A=R26
                 	.DEF R0X1B=R27
                 	.DEF R0X1C=R28
                 	.DEF R0X1D=R29
                 	.DEF R0X1E=R30
                 	.DEF R0X1F=R31
                 
                 	.EQU __SRAM_START=0x0060
                 	.EQU __SRAM_END=0x045F
                 	.EQU __DSTACK_SIZE=0x0100
                 	.EQU __HEAP_SIZE=0x0000
                 	.EQU __CLEAR_SRAM_SIZE=__SRAM_END-__SRAM_START+1
                 
                 	.MACRO __CPD1N
                 	CPI  R30,LOW(@0)
                 	LDI  R26,HIGH(@0)
                 	CPC  R31,R26
                 	LDI  R26,BYTE3(@0)
                 	CPC  R22,R26
                 	LDI  R26,BYTE4(@0)
                 	CPC  R23,R26
                 	.ENDM
                 
                 	.MACRO __CPD2N
                 	CPI  R26,LOW(@0)
                 	LDI  R30,HIGH(@0)
                 	CPC  R27,R30
                 	LDI  R30,BYTE3(@0)
                 	CPC  R24,R30
                 	LDI  R30,BYTE4(@0)
                 	CPC  R25,R30
                 	.ENDM
                 
                 	.MACRO __CPWRR
                 	CP   R@0,R@2
                 	CPC  R@1,R@3
                 	.ENDM
                 
                 	.MACRO __CPWRN
                 	CPI  R@0,LOW(@2)
                 	LDI  R30,HIGH(@2)
                 	CPC  R@1,R30
                 	.ENDM
                 
                 	.MACRO __ADDB1MN
                 	SUBI R30,LOW(-@0-(@1))
                 	.ENDM
                 
                 	.MACRO __ADDB2MN
                 	SUBI R26,LOW(-@0-(@1))
                 	.ENDM
                 
                 	.MACRO __ADDW1MN
                 	SUBI R30,LOW(-@0-(@1))
                 	SBCI R31,HIGH(-@0-(@1))
                 	.ENDM
                 
                 	.MACRO __ADDW2MN
                 	SUBI R26,LOW(-@0-(@1))
                 	SBCI R27,HIGH(-@0-(@1))
                 	.ENDM
                 
                 	.MACRO __ADDW1FN
                 	SUBI R30,LOW(-2*@0-(@1))
                 	SBCI R31,HIGH(-2*@0-(@1))
                 	.ENDM
                 
                 	.MACRO __ADDD1FN
                 	SUBI R30,LOW(-2*@0-(@1))
                 	SBCI R31,HIGH(-2*@0-(@1))
                 	SBCI R22,BYTE3(-2*@0-(@1))
                 	.ENDM
                 
                 	.MACRO __ADDD1N
                 	SUBI R30,LOW(-@0)
                 	SBCI R31,HIGH(-@0)
                 	SBCI R22,BYTE3(-@0)
                 	SBCI R23,BYTE4(-@0)
                 	.ENDM
                 
                 	.MACRO __ADDD2N
                 	SUBI R26,LOW(-@0)
                 	SBCI R27,HIGH(-@0)
                 	SBCI R24,BYTE3(-@0)
                 	SBCI R25,BYTE4(-@0)
                 	.ENDM
                 
                 	.MACRO __SUBD1N
                 	SUBI R30,LOW(@0)
                 	SBCI R31,HIGH(@0)
                 	SBCI R22,BYTE3(@0)
                 	SBCI R23,BYTE4(@0)
                 	.ENDM
                 
                 	.MACRO __SUBD2N
                 	SUBI R26,LOW(@0)
                 	SBCI R27,HIGH(@0)
                 	SBCI R24,BYTE3(@0)
                 	SBCI R25,BYTE4(@0)
                 	.ENDM
                 
                 	.MACRO __ANDBMNN
                 	LDS  R30,@0+(@1)
                 	ANDI R30,LOW(@2)
                 	STS  @0+(@1),R30
                 	.ENDM
                 
                 	.MACRO __ANDWMNN
                 	LDS  R30,@0+(@1)
                 	ANDI R30,LOW(@2)
                 	STS  @0+(@1),R30
                 	LDS  R30,@0+(@1)+1
                 	ANDI R30,HIGH(@2)
                 	STS  @0+(@1)+1,R30
                 	.ENDM
                 
                 	.MACRO __ANDD1N
                 	ANDI R30,LOW(@0)
                 	ANDI R31,HIGH(@0)
                 	ANDI R22,BYTE3(@0)
                 	ANDI R23,BYTE4(@0)
                 	.ENDM
                 
                 	.MACRO __ANDD2N
                 	ANDI R26,LOW(@0)
                 	ANDI R27,HIGH(@0)
                 	ANDI R24,BYTE3(@0)
                 	ANDI R25,BYTE4(@0)
                 	.ENDM
                 
                 	.MACRO __ORBMNN
                 	LDS  R30,@0+(@1)
                 	ORI  R30,LOW(@2)
                 	STS  @0+(@1),R30
                 	.ENDM
                 
                 	.MACRO __ORWMNN
                 	LDS  R30,@0+(@1)
                 	ORI  R30,LOW(@2)
                 	STS  @0+(@1),R30
                 	LDS  R30,@0+(@1)+1
                 	ORI  R30,HIGH(@2)
                 	STS  @0+(@1)+1,R30
                 	.ENDM
                 
                 	.MACRO __ORD1N
                 	ORI  R30,LOW(@0)
                 	ORI  R31,HIGH(@0)
                 	ORI  R22,BYTE3(@0)
                 	ORI  R23,BYTE4(@0)
                 	.ENDM
                 
                 	.MACRO __ORD2N
                 	ORI  R26,LOW(@0)
                 	ORI  R27,HIGH(@0)
                 	ORI  R24,BYTE3(@0)
                 	ORI  R25,BYTE4(@0)
                 	.ENDM
                 
                 	.MACRO __DELAY_USB
                 	LDI  R24,LOW(@0)
                 __DELAY_USB_LOOP:
                 	DEC  R24
                 	BRNE __DELAY_USB_LOOP
                 	.ENDM
                 
                 	.MACRO __DELAY_USW
                 	LDI  R24,LOW(@0)
                 	LDI  R25,HIGH(@0)
                 __DELAY_USW_LOOP:
                 	SBIW R24,1
                 	BRNE __DELAY_USW_LOOP
                 	.ENDM
                 
                 	.MACRO __GETD1S
                 	LDD  R30,Y+@0
                 	LDD  R31,Y+@0+1
                 	LDD  R22,Y+@0+2
                 	LDD  R23,Y+@0+3
                 	.ENDM
                 
                 	.MACRO __GETD2S
                 	LDD  R26,Y+@0
                 	LDD  R27,Y+@0+1
                 	LDD  R24,Y+@0+2
                 	LDD  R25,Y+@0+3
                 	.ENDM
                 
                 	.MACRO __PUTD1S
                 	STD  Y+@0,R30
                 	STD  Y+@0+1,R31
                 	STD  Y+@0+2,R22
                 	STD  Y+@0+3,R23
                 	.ENDM
                 
                 	.MACRO __PUTD2S
                 	STD  Y+@0,R26
                 	STD  Y+@0+1,R27
                 	STD  Y+@0+2,R24
                 	STD  Y+@0+3,R25
                 	.ENDM
                 
                 	.MACRO __PUTDZ2
                 	STD  Z+@0,R26
                 	STD  Z+@0+1,R27
                 	STD  Z+@0+2,R24
                 	STD  Z+@0+3,R25
                 	.ENDM
                 
                 	.MACRO __CLRD1S
                 	STD  Y+@0,R30
                 	STD  Y+@0+1,R30
                 	STD  Y+@0+2,R30
                 	STD  Y+@0+3,R30
                 	.ENDM
                 
                 	.MACRO __POINTB1MN
                 	LDI  R30,LOW(@0+(@1))
                 	.ENDM
                 
                 	.MACRO __POINTW1MN
                 	LDI  R30,LOW(@0+(@1))
                 	LDI  R31,HIGH(@0+(@1))
                 	.ENDM
                 
                 	.MACRO __POINTD1M
                 	LDI  R30,LOW(@0)
                 	LDI  R31,HIGH(@0)
                 	LDI  R22,BYTE3(@0)
                 	LDI  R23,BYTE4(@0)
                 	.ENDM
                 
                 	.MACRO __POINTW1FN
                 	LDI  R30,LOW(2*@0+(@1))
                 	LDI  R31,HIGH(2*@0+(@1))
                 	.ENDM
                 
                 	.MACRO __POINTD1FN
                 	LDI  R30,LOW(2*@0+(@1))
                 	LDI  R31,HIGH(2*@0+(@1))
                 	LDI  R22,BYTE3(2*@0+(@1))
                 	LDI  R23,BYTE4(2*@0+(@1))
                 	.ENDM
                 
                 	.MACRO __POINTB2MN
                 	LDI  R26,LOW(@0+(@1))
                 	.ENDM
                 
                 	.MACRO __POINTW2MN
                 	LDI  R26,LOW(@0+(@1))
                 	LDI  R27,HIGH(@0+(@1))
                 	.ENDM
                 
                 	.MACRO __POINTW2FN
                 	LDI  R26,LOW(2*@0+(@1))
                 	LDI  R27,HIGH(2*@0+(@1))
                 	.ENDM
                 
                 	.MACRO __POINTD2FN
                 	LDI  R26,LOW(2*@0+(@1))
                 	LDI  R27,HIGH(2*@0+(@1))
                 	LDI  R24,BYTE3(2*@0+(@1))
                 	LDI  R25,BYTE4(2*@0+(@1))
                 	.ENDM
                 
                 	.MACRO __POINTBRM
                 	LDI  R@0,LOW(@1)
                 	.ENDM
                 
                 	.MACRO __POINTWRM
                 	LDI  R@0,LOW(@2)
                 	LDI  R@1,HIGH(@2)
                 	.ENDM
                 
                 	.MACRO __POINTBRMN
                 	LDI  R@0,LOW(@1+(@2))
                 	.ENDM
                 
                 	.MACRO __POINTWRMN
                 	LDI  R@0,LOW(@2+(@3))
                 	LDI  R@1,HIGH(@2+(@3))
                 	.ENDM
                 
                 	.MACRO __POINTWRFN
                 	LDI  R@0,LOW(@2*2+(@3))
                 	LDI  R@1,HIGH(@2*2+(@3))
                 	.ENDM
                 
                 	.MACRO __GETD1N
                 	LDI  R30,LOW(@0)
                 	LDI  R31,HIGH(@0)
                 	LDI  R22,BYTE3(@0)
                 	LDI  R23,BYTE4(@0)
                 	.ENDM
                 
                 	.MACRO __GETD2N
                 	LDI  R26,LOW(@0)
                 	LDI  R27,HIGH(@0)
                 	LDI  R24,BYTE3(@0)
                 	LDI  R25,BYTE4(@0)
                 	.ENDM
                 
                 	.MACRO __GETB1MN
                 	LDS  R30,@0+(@1)
                 	.ENDM
                 
                 	.MACRO __GETB1HMN
                 	LDS  R31,@0+(@1)
                 	.ENDM
                 
                 	.MACRO __GETW1MN
                 	LDS  R30,@0+(@1)
                 	LDS  R31,@0+(@1)+1
                 	.ENDM
                 
                 	.MACRO __GETD1MN
                 	LDS  R30,@0+(@1)
                 	LDS  R31,@0+(@1)+1
                 	LDS  R22,@0+(@1)+2
                 	LDS  R23,@0+(@1)+3
                 	.ENDM
                 
                 	.MACRO __GETBRMN
                 	LDS  R@0,@1+(@2)
                 	.ENDM
                 
                 	.MACRO __GETWRMN
                 	LDS  R@0,@2+(@3)
                 	LDS  R@1,@2+(@3)+1
                 	.ENDM
                 
                 	.MACRO __GETWRZ
                 	LDD  R@0,Z+@2
                 	LDD  R@1,Z+@2+1
                 	.ENDM
                 
                 	.MACRO __GETD2Z
                 	LDD  R26,Z+@0
                 	LDD  R27,Z+@0+1
                 	LDD  R24,Z+@0+2
                 	LDD  R25,Z+@0+3
                 	.ENDM
                 
                 	.MACRO __GETB2MN
                 	LDS  R26,@0+(@1)
                 	.ENDM
                 
                 	.MACRO __GETW2MN
                 	LDS  R26,@0+(@1)
                 	LDS  R27,@0+(@1)+1
                 	.ENDM
                 
                 	.MACRO __GETD2MN
                 	LDS  R26,@0+(@1)
                 	LDS  R27,@0+(@1)+1
                 	LDS  R24,@0+(@1)+2
                 	LDS  R25,@0+(@1)+3
                 	.ENDM
                 
                 	.MACRO __PUTB1MN
                 	STS  @0+(@1),R30
                 	.ENDM
                 
                 	.MACRO __PUTW1MN
                 	STS  @0+(@1),R30
                 	STS  @0+(@1)+1,R31
                 	.ENDM
                 
                 	.MACRO __PUTD1MN
                 	STS  @0+(@1),R30
                 	STS  @0+(@1)+1,R31
                 	STS  @0+(@1)+2,R22
                 	STS  @0+(@1)+3,R23
                 	.ENDM
                 
                 	.MACRO __PUTB1EN
                 	LDI  R26,LOW(@0+(@1))
                 	LDI  R27,HIGH(@0+(@1))
                 	CALL __EEPROMWRB
                 	.ENDM
                 
                 	.MACRO __PUTW1EN
                 	LDI  R26,LOW(@0+(@1))
                 	LDI  R27,HIGH(@0+(@1))
                 	CALL __EEPROMWRW
                 	.ENDM
                 
                 	.MACRO __PUTD1EN
                 	LDI  R26,LOW(@0+(@1))
                 	LDI  R27,HIGH(@0+(@1))
                 	CALL __EEPROMWRD
                 	.ENDM
                 
                 	.MACRO __PUTBR0MN
                 	STS  @0+(@1),R0
                 	.ENDM
                 
                 	.MACRO __PUTBMRN
                 	STS  @0+(@1),R@2
                 	.ENDM
                 
                 	.MACRO __PUTWMRN
                 	STS  @0+(@1),R@2
                 	STS  @0+(@1)+1,R@3
                 	.ENDM
                 
                 	.MACRO __PUTBZR
                 	STD  Z+@1,R@0
                 	.ENDM
                 
                 	.MACRO __PUTWZR
                 	STD  Z+@2,R@0
                 	STD  Z+@2+1,R@1
                 	.ENDM
                 
                 	.MACRO __GETW1R
                 	MOV  R30,R@0
                 	MOV  R31,R@1
                 	.ENDM
                 
                 	.MACRO __GETW2R
                 	MOV  R26,R@0
                 	MOV  R27,R@1
                 	.ENDM
                 
                 	.MACRO __GETWRN
                 	LDI  R@0,LOW(@2)
                 	LDI  R@1,HIGH(@2)
                 	.ENDM
                 
                 	.MACRO __PUTW1R
                 	MOV  R@0,R30
                 	MOV  R@1,R31
                 	.ENDM
                 
                 	.MACRO __PUTW2R
                 	MOV  R@0,R26
                 	MOV  R@1,R27
                 	.ENDM
                 
                 	.MACRO __ADDWRN
                 	SUBI R@0,LOW(-@2)
                 	SBCI R@1,HIGH(-@2)
                 	.ENDM
                 
                 	.MACRO __ADDWRR
                 	ADD  R@0,R@2
                 	ADC  R@1,R@3
                 	.ENDM
                 
                 	.MACRO __SUBWRN
                 	SUBI R@0,LOW(@2)
                 	SBCI R@1,HIGH(@2)
                 	.ENDM
                 
                 	.MACRO __SUBWRR
                 	SUB  R@0,R@2
                 	SBC  R@1,R@3
                 	.ENDM
                 
                 	.MACRO __ANDWRN
                 	ANDI R@0,LOW(@2)
                 	ANDI R@1,HIGH(@2)
                 	.ENDM
                 
                 	.MACRO __ANDWRR
                 	AND  R@0,R@2
                 	AND  R@1,R@3
                 	.ENDM
                 
                 	.MACRO __ORWRN
                 	ORI  R@0,LOW(@2)
                 	ORI  R@1,HIGH(@2)
                 	.ENDM
                 
                 	.MACRO __ORWRR
                 	OR   R@0,R@2
                 	OR   R@1,R@3
                 	.ENDM
                 
                 	.MACRO __EORWRR
                 	EOR  R@0,R@2
                 	EOR  R@1,R@3
                 	.ENDM
                 
                 	.MACRO __GETWRS
                 	LDD  R@0,Y+@2
                 	LDD  R@1,Y+@2+1
                 	.ENDM
                 
                 	.MACRO __PUTBSR
                 	STD  Y+@1,R@0
                 	.ENDM
                 
                 	.MACRO __PUTWSR
                 	STD  Y+@2,R@0
                 	STD  Y+@2+1,R@1
                 	.ENDM
                 
                 	.MACRO __MOVEWRR
                 	MOV  R@0,R@2
                 	MOV  R@1,R@3
                 	.ENDM
                 
                 	.MACRO __INWR
                 	IN   R@0,@2
                 	IN   R@1,@2+1
                 	.ENDM
                 
                 	.MACRO __OUTWR
                 	OUT  @2+1,R@1
                 	OUT  @2,R@0
                 	.ENDM
                 
                 	.MACRO __CALL1MN
                 	LDS  R30,@0+(@1)
                 	LDS  R31,@0+(@1)+1
                 	ICALL
                 	.ENDM
                 
                 	.MACRO __CALL1FN
                 	LDI  R30,LOW(2*@0+(@1))
                 	LDI  R31,HIGH(2*@0+(@1))
                 	CALL __GETW1PF
                 	ICALL
                 	.ENDM
                 
                 	.MACRO __CALL2EN
                 	LDI  R26,LOW(@0+(@1))
                 	LDI  R27,HIGH(@0+(@1))
                 	CALL __EEPROMRDW
                 	ICALL
                 	.ENDM
                 
                 	.MACRO __GETW1STACK
                 	IN   R26,SPL
                 	IN   R27,SPH
                 	ADIW R26,@0+1
                 	LD   R30,X+
                 	LD   R31,X
                 	.ENDM
                 
                 	.MACRO __GETD1STACK
                 	IN   R26,SPL
                 	IN   R27,SPH
                 	ADIW R26,@0+1
                 	LD   R30,X+
                 	LD   R31,X+
                 	LD   R22,X
                 	.ENDM
                 
                 	.MACRO __NBST
                 	BST  R@0,@1
                 	IN   R30,SREG
                 	LDI  R31,0x40
                 	EOR  R30,R31
                 	OUT  SREG,R30
                 	.ENDM
                 
                 
                 	.MACRO __PUTB1SN
                 	LDD  R26,Y+@0
                 	LDD  R27,Y+@0+1
                 	SUBI R26,LOW(-@1)
                 	SBCI R27,HIGH(-@1)
                 	ST   X,R30
                 	.ENDM
                 
                 	.MACRO __PUTW1SN
                 	LDD  R26,Y+@0
                 	LDD  R27,Y+@0+1
                 	SUBI R26,LOW(-@1)
                 	SBCI R27,HIGH(-@1)
                 	ST   X+,R30
                 	ST   X,R31
                 	.ENDM
                 
                 	.MACRO __PUTD1SN
                 	LDD  R26,Y+@0
                 	LDD  R27,Y+@0+1
                 	SUBI R26,LOW(-@1)
                 	SBCI R27,HIGH(-@1)
                 	CALL __PUTDP1
                 	.ENDM
                 
                 	.MACRO __PUTB1SNS
                 	LDD  R26,Y+@0
                 	LDD  R27,Y+@0+1
                 	ADIW R26,@1
                 	ST   X,R30
                 	.ENDM
                 
                 	.MACRO __PUTW1SNS
                 	LDD  R26,Y+@0
                 	LDD  R27,Y+@0+1
                 	ADIW R26,@1
                 	ST   X+,R30
                 	ST   X,R31
                 	.ENDM
                 
                 	.MACRO __PUTD1SNS
                 	LDD  R26,Y+@0
                 	LDD  R27,Y+@0+1
                 	ADIW R26,@1
                 	CALL __PUTDP1
                 	.ENDM
                 
                 	.MACRO __PUTB1PMN
                 	LDS  R26,@0
                 	LDS  R27,@0+1
                 	SUBI R26,LOW(-@1)
                 	SBCI R27,HIGH(-@1)
                 	ST   X,R30
                 	.ENDM
                 
                 	.MACRO __PUTW1PMN
                 	LDS  R26,@0
                 	LDS  R27,@0+1
                 	SUBI R26,LOW(-@1)
                 	SBCI R27,HIGH(-@1)
                 	ST   X+,R30
                 	ST   X,R31
                 	.ENDM
                 
                 	.MACRO __PUTD1PMN
                 	LDS  R26,@0
                 	LDS  R27,@0+1
                 	SUBI R26,LOW(-@1)
                 	SBCI R27,HIGH(-@1)
                 	CALL __PUTDP1
                 	.ENDM
                 
                 	.MACRO __PUTB1PMNS
                 	LDS  R26,@0
                 	LDS  R27,@0+1
                 	ADIW R26,@1
                 	ST   X,R30
                 	.ENDM
                 
                 	.MACRO __PUTW1PMNS
                 	LDS  R26,@0
                 	LDS  R27,@0+1
                 	ADIW R26,@1
                 	ST   X+,R30
                 	ST   X,R31
                 	.ENDM
                 
                 	.MACRO __PUTD1PMNS
                 	LDS  R26,@0
                 	LDS  R27,@0+1
                 	ADIW R26,@1
                 	CALL __PUTDP1
                 	.ENDM
                 
                 	.MACRO __PUTB1RN
                 	MOVW R26,R@0
                 	SUBI R26,LOW(-@1)
                 	SBCI R27,HIGH(-@1)
                 	ST   X,R30
                 	.ENDM
                 
                 	.MACRO __PUTW1RN
                 	MOVW R26,R@0
                 	SUBI R26,LOW(-@1)
                 	SBCI R27,HIGH(-@1)
                 	ST   X+,R30
                 	ST   X,R31
                 	.ENDM
                 
                 	.MACRO __PUTD1RN
                 	MOVW R26,R@0
                 	SUBI R26,LOW(-@1)
                 	SBCI R27,HIGH(-@1)
                 	CALL __PUTDP1
                 	.ENDM
                 
                 	.MACRO __PUTB1RNS
                 	MOVW R26,R@0
                 	ADIW R26,@1
                 	ST   X,R30
                 	.ENDM
                 
                 	.MACRO __PUTW1RNS
                 	MOVW R26,R@0
                 	ADIW R26,@1
                 	ST   X+,R30
                 	ST   X,R31
                 	.ENDM
                 
                 	.MACRO __PUTD1RNS
                 	MOVW R26,R@0
                 	ADIW R26,@1
                 	CALL __PUTDP1
                 	.ENDM
                 
                 	.MACRO __PUTB1RON
                 	MOV  R26,R@0
                 	MOV  R27,R@1
                 	SUBI R26,LOW(-@2)
                 	SBCI R27,HIGH(-@2)
                 	ST   X,R30
                 	.ENDM
                 
                 	.MACRO __PUTW1RON
                 	MOV  R26,R@0
                 	MOV  R27,R@1
                 	SUBI R26,LOW(-@2)
                 	SBCI R27,HIGH(-@2)
                 	ST   X+,R30
                 	ST   X,R31
                 	.ENDM
                 
                 	.MACRO __PUTD1RON
                 	MOV  R26,R@0
                 	MOV  R27,R@1
                 	SUBI R26,LOW(-@2)
                 	SBCI R27,HIGH(-@2)
                 	CALL __PUTDP1
                 	.ENDM
                 
                 	.MACRO __PUTB1RONS
                 	MOV  R26,R@0
                 	MOV  R27,R@1
                 	ADIW R26,@2
                 	ST   X,R30
                 	.ENDM
                 
                 	.MACRO __PUTW1RONS
                 	MOV  R26,R@0
                 	MOV  R27,R@1
                 	ADIW R26,@2
                 	ST   X+,R30
                 	ST   X,R31
                 	.ENDM
                 
                 	.MACRO __PUTD1RONS
                 	MOV  R26,R@0
                 	MOV  R27,R@1
                 	ADIW R26,@2
                 	CALL __PUTDP1
                 	.ENDM
                 
                 
                 	.MACRO __GETB1SX
                 	MOVW R30,R28
                 	SUBI R30,LOW(-@0)
                 	SBCI R31,HIGH(-@0)
                 	LD   R30,Z
                 	.ENDM
                 
                 	.MACRO __GETB1HSX
                 	MOVW R30,R28
                 	SUBI R30,LOW(-@0)
                 	SBCI R31,HIGH(-@0)
                 	LD   R31,Z
                 	.ENDM
                 
                 	.MACRO __GETW1SX
                 	MOVW R30,R28
                 	SUBI R30,LOW(-@0)
                 	SBCI R31,HIGH(-@0)
                 	LD   R0,Z+
                 	LD   R31,Z
                 	MOV  R30,R0
                 	.ENDM
                 
                 	.MACRO __GETD1SX
                 	MOVW R30,R28
                 	SUBI R30,LOW(-@0)
                 	SBCI R31,HIGH(-@0)
                 	LD   R0,Z+
                 	LD   R1,Z+
                 	LD   R22,Z+
                 	LD   R23,Z
                 	MOVW R30,R0
                 	.ENDM
                 
                 	.MACRO __GETB2SX
                 	MOVW R26,R28
                 	SUBI R26,LOW(-@0)
                 	SBCI R27,HIGH(-@0)
                 	LD   R26,X
                 	.ENDM
                 
                 	.MACRO __GETW2SX
                 	MOVW R26,R28
                 	SUBI R26,LOW(-@0)
                 	SBCI R27,HIGH(-@0)
                 	LD   R0,X+
                 	LD   R27,X
                 	MOV  R26,R0
                 	.ENDM
                 
                 	.MACRO __GETD2SX
                 	MOVW R26,R28
                 	SUBI R26,LOW(-@0)
                 	SBCI R27,HIGH(-@0)
                 	LD   R0,X+
                 	LD   R1,X+
                 	LD   R24,X+
                 	LD   R25,X
                 	MOVW R26,R0
                 	.ENDM
                 
                 	.MACRO __GETBRSX
                 	MOVW R30,R28
                 	SUBI R30,LOW(-@1)
                 	SBCI R31,HIGH(-@1)
                 	LD   R@0,Z
                 	.ENDM
                 
                 	.MACRO __GETWRSX
                 	MOVW R30,R28
                 	SUBI R30,LOW(-@2)
                 	SBCI R31,HIGH(-@2)
                 	LD   R@0,Z+
                 	LD   R@1,Z
                 	.ENDM
                 
                 	.MACRO __GETBRSX2
                 	MOVW R26,R28
                 	SUBI R26,LOW(-@1)
                 	SBCI R27,HIGH(-@1)
                 	LD   R@0,X
                 	.ENDM
                 
                 	.MACRO __GETWRSX2
                 	MOVW R26,R28
                 	SUBI R26,LOW(-@2)
                 	SBCI R27,HIGH(-@2)
                 	LD   R@0,X+
                 	LD   R@1,X
                 	.ENDM
                 
                 	.MACRO __LSLW8SX
                 	MOVW R30,R28
                 	SUBI R30,LOW(-@0)
                 	SBCI R31,HIGH(-@0)
                 	LD   R31,Z
                 	CLR  R30
                 	.ENDM
                 
                 	.MACRO __PUTB1SX
                 	MOVW R26,R28
                 	SUBI R26,LOW(-@0)
                 	SBCI R27,HIGH(-@0)
                 	ST   X,R30
                 	.ENDM
                 
                 	.MACRO __PUTW1SX
                 	MOVW R26,R28
                 	SUBI R26,LOW(-@0)
                 	SBCI R27,HIGH(-@0)
                 	ST   X+,R30
                 	ST   X,R31
                 	.ENDM
                 
                 	.MACRO __PUTD1SX
                 	MOVW R26,R28
                 	SUBI R26,LOW(-@0)
                 	SBCI R27,HIGH(-@0)
                 	ST   X+,R30
                 	ST   X+,R31
                 	ST   X+,R22
                 	ST   X,R23
                 	.ENDM
                 
                 	.MACRO __CLRW1SX
                 	MOVW R26,R28
                 	SUBI R26,LOW(-@0)
                 	SBCI R27,HIGH(-@0)
                 	ST   X+,R30
                 	ST   X,R30
                 	.ENDM
                 
                 	.MACRO __CLRD1SX
                 	MOVW R26,R28
                 	SUBI R26,LOW(-@0)
                 	SBCI R27,HIGH(-@0)
                 	ST   X+,R30
                 	ST   X+,R30
                 	ST   X+,R30
                 	ST   X,R30
                 	.ENDM
                 
                 	.MACRO __PUTB2SX
                 	MOVW R30,R28
                 	SUBI R30,LOW(-@0)
                 	SBCI R31,HIGH(-@0)
                 	ST   Z,R26
                 	.ENDM
                 
                 	.MACRO __PUTW2SX
                 	MOVW R30,R28
                 	SUBI R30,LOW(-@0)
                 	SBCI R31,HIGH(-@0)
                 	ST   Z+,R26
                 	ST   Z,R27
                 	.ENDM
                 
                 	.MACRO __PUTD2SX
                 	MOVW R30,R28
                 	SUBI R30,LOW(-@0)
                 	SBCI R31,HIGH(-@0)
                 	ST   Z+,R26
                 	ST   Z+,R27
                 	ST   Z+,R24
                 	ST   Z,R25
                 	.ENDM
                 
                 	.MACRO __PUTBSRX
                 	MOVW R30,R28
                 	SUBI R30,LOW(-@1)
                 	SBCI R31,HIGH(-@1)
                 	ST   Z,R@0
                 	.ENDM
                 
                 	.MACRO __PUTWSRX
                 	MOVW R30,R28
                 	SUBI R30,LOW(-@2)
                 	SBCI R31,HIGH(-@2)
                 	ST   Z+,R@0
                 	ST   Z,R@1
                 	.ENDM
                 
                 	.MACRO __PUTB1SNX
                 	MOVW R26,R28
                 	SUBI R26,LOW(-@0)
                 	SBCI R27,HIGH(-@0)
                 	LD   R0,X+
                 	LD   R27,X
                 	MOV  R26,R0
                 	SUBI R26,LOW(-@1)
                 	SBCI R27,HIGH(-@1)
                 	ST   X,R30
                 	.ENDM
                 
                 	.MACRO __PUTW1SNX
                 	MOVW R26,R28
                 	SUBI R26,LOW(-@0)
                 	SBCI R27,HIGH(-@0)
                 	LD   R0,X+
                 	LD   R27,X
                 	MOV  R26,R0
                 	SUBI R26,LOW(-@1)
                 	SBCI R27,HIGH(-@1)
                 	ST   X+,R30
                 	ST   X,R31
                 	.ENDM
                 
                 	.MACRO __PUTD1SNX
                 	MOVW R26,R28
                 	SUBI R26,LOW(-@0)
                 	SBCI R27,HIGH(-@0)
                 	LD   R0,X+
                 	LD   R27,X
                 	MOV  R26,R0
                 	SUBI R26,LOW(-@1)
                 	SBCI R27,HIGH(-@1)
                 	ST   X+,R30
                 	ST   X+,R31
                 	ST   X+,R22
                 	ST   X,R23
                 	.ENDM
                 
                 	.MACRO __MULBRR
                 	MULS R@0,R@1
                 	MOVW R30,R0
                 	.ENDM
                 
                 	.MACRO __MULBRRU
                 	MUL  R@0,R@1
                 	MOVW R30,R0
                 	.ENDM
                 
                 	.MACRO __MULBRR0
                 	MULS R@0,R@1
                 	.ENDM
                 
                 	.MACRO __MULBRRU0
                 	MUL  R@0,R@1
                 	.ENDM
                 
                 	.MACRO __MULBNWRU
                 	LDI  R26,@2
                 	MUL  R26,R@0
                 	MOVW R30,R0
                 	MUL  R26,R@1
                 	ADD  R31,R0
                 	.ENDM
                 
                 ;NAME DEFINITIONS FOR GLOBAL VARIABLES ALLOCATED TO REGISTERS
                 	.DEF _a=R5
                 	.DEF _b=R4
                 	.DEF _trig=R7
                 	.DEF _m=R6
                 	.DEF _n=R9
                 	.DEF _jk=R10
                 	.DEF __lcd_x=R8
                 	.DEF __lcd_y=R13
                 	.DEF __lcd_maxx=R12
                 
                 	.CSEG
                 	.ORG 0x00
                 
                 ;START OF CODE MARKER
                 __START_OF_CODE:
                 
                 ;INTERRUPT VECTORS
000000 940c 003e 	JMP  __RESET
000002 940c 0000 	JMP  0x00
000004 940c 0000 	JMP  0x00
000006 940c 0000 	JMP  0x00
000008 940c 0000 	JMP  0x00
00000a 940c 0000 	JMP  0x00
00000c 940c 0000 	JMP  0x00
00000e 940c 0000 	JMP  0x00
000010 940c 0000 	JMP  0x00
000012 940c 006e 	JMP  _timer0_ovf_isr
000014 940c 0000 	JMP  0x00
000016 940c 0000 	JMP  0x00
000018 940c 0000 	JMP  0x00
00001a 940c 0000 	JMP  0x00
00001c 940c 007b 	JMP  _adc_isr
00001e 940c 0000 	JMP  0x00
000020 940c 0000 	JMP  0x00
000022 940c 0000 	JMP  0x00
000024 940c 0000 	JMP  0x00
000026 940c 0000 	JMP  0x00
000028 940c 0000 	JMP  0x00
                 
                 _tbl10_G100:
00002a 2710
00002b 03e8
00002c 0064
00002d 000a      	.DB  0x10,0x27,0xE8,0x3,0x64,0x0,0xA,0x0
00002e 0001      	.DB  0x1,0x0
                 _tbl16_G100:
00002f 1000
000030 0100
000031 0010
000032 0001      	.DB  0x0,0x10,0x0,0x1,0x10,0x0,0x1,0x0
                 
                 _0xF:
C:\Users\mh\Desktop\adc\List\4.asm(1118): warning: .cseg .db misalignment - padding zero byte
000033 0000      	.DB  0x0
                 _0x0:
000034 7525
C:\Users\mh\Desktop\adc\List\4.asm(1120): warning: .cseg .db misalignment - padding zero byte
000035 0000      	.DB  0x25,0x75,0x0
                 _0x2020003:
000036 c080      	.DB  0x80,0xC0
                 
                 __GLOBAL_INI_TBL:
000037 0001      	.DW  0x01
000038 0007      	.DW  0x07
000039 0066      	.DW  _0xF*2
                 
00003a 0002      	.DW  0x02
00003b 0179      	.DW  __base_y_G101
00003c 006c      	.DW  _0x2020003*2
                 
                 _0xFFFFFFFF:
00003d 0000      	.DW  0
                 
                 __RESET:
00003e 94f8      	CLI
00003f 27ee      	CLR  R30
000040 bbec      	OUT  EECR,R30
                 
                 ;INTERRUPT VECTORS ARE PLACED
                 ;AT THE START OF FLASH
000041 e0f1      	LDI  R31,1
000042 bffb      	OUT  GICR,R31
000043 bfeb      	OUT  GICR,R30
000044 bfe5      	OUT  MCUCR,R30
                 
                 ;DISABLE WATCHDOG
000045 e1f8      	LDI  R31,0x18
000046 bdf1      	OUT  WDTCR,R31
000047 bde1      	OUT  WDTCR,R30
                 
                 ;CLEAR R2-R14
000048 e08d      	LDI  R24,(14-2)+1
000049 e0a2      	LDI  R26,2
00004a 27bb      	CLR  R27
                 __CLEAR_REG:
00004b 93ed      	ST   X+,R30
00004c 958a      	DEC  R24
00004d f7e9      	BRNE __CLEAR_REG
                 
                 ;CLEAR SRAM
00004e e080      	LDI  R24,LOW(__CLEAR_SRAM_SIZE)
00004f e094      	LDI  R25,HIGH(__CLEAR_SRAM_SIZE)
000050 e6a0      	LDI  R26,__SRAM_START
                 __CLEAR_SRAM:
000051 93ed      	ST   X+,R30
000052 9701      	SBIW R24,1
000053 f7e9      	BRNE __CLEAR_SRAM
                 
                 ;GLOBAL VARIABLES INITIALIZATION
000054 e6ee      	LDI  R30,LOW(__GLOBAL_INI_TBL*2)
000055 e0f0      	LDI  R31,HIGH(__GLOBAL_INI_TBL*2)
                 __GLOBAL_INI_NEXT:
000056 9185      	LPM  R24,Z+
000057 9195      	LPM  R25,Z+
000058 9700      	SBIW R24,0
000059 f061      	BREQ __GLOBAL_INI_END
00005a 91a5      	LPM  R26,Z+
00005b 91b5      	LPM  R27,Z+
00005c 9005      	LPM  R0,Z+
00005d 9015      	LPM  R1,Z+
00005e 01bf      	MOVW R22,R30
00005f 01f0      	MOVW R30,R0
                 __GLOBAL_INI_LOOP:
000060 9005      	LPM  R0,Z+
000061 920d      	ST   X+,R0
000062 9701      	SBIW R24,1
000063 f7e1      	BRNE __GLOBAL_INI_LOOP
000064 01fb      	MOVW R30,R22
000065 cff0      	RJMP __GLOBAL_INI_NEXT
                 __GLOBAL_INI_END:
                 
                 ;HARDWARE STACK POINTER INITIALIZATION
000066 e5ef      	LDI  R30,LOW(__SRAM_END-__HEAP_SIZE)
000067 bfed      	OUT  SPL,R30
000068 e0e4      	LDI  R30,HIGH(__SRAM_END-__HEAP_SIZE)
000069 bfee      	OUT  SPH,R30
                 
                 ;DATA STACK POINTER INITIALIZATION
00006a e6c0      	LDI  R28,LOW(__SRAM_START+__DSTACK_SIZE)
00006b e0d1      	LDI  R29,HIGH(__SRAM_START+__DSTACK_SIZE)
                 
00006c 940c 012b 	JMP  _main
                 
                 	.ESEG
                 	.ORG 0
                 
                 	.DSEG
                 	.ORG 0x160
                 
                 	.CSEG
                 ;/*****************************************************
                 ;This program was produced by the
                 ;CodeWizardAVR V2.05.3 Standard
                 ;Automatic Program Generator
                 ;© Copyright 1998-2011 Pavel Haiduc, HP InfoTech s.r.l.
                 ;http://www.hpinfotech.com
                 ;
                 ;Project :
                 ;Version :
                 ;Date    : 5/24/2013
                 ;Author  : mh
                 ;Company :
                 ;Comments:
                 ;
                 ;
                 ;Chip type               : ATmega16
                 ;Program type            : Application
                 ;AVR Core Clock frequency: 4.000000 MHz
                 ;Memory model            : Small
                 ;External RAM size       : 0
                 ;Data Stack size         : 256
                 ;*****************************************************/
                 ;
                 ;#include <mega16.h>
                 	#ifndef __SLEEP_DEFINED__
                 	#define __SLEEP_DEFINED__
                 	.EQU __se_bit=0x40
                 	.EQU __sm_mask=0xB0
                 	.EQU __sm_powerdown=0x20
                 	.EQU __sm_powersave=0x30
                 	.EQU __sm_standby=0xA0
                 	.EQU __sm_ext_standby=0xB0
                 	.EQU __sm_adc_noise_red=0x10
                 	.SET power_ctrl_reg=mcucr
                 	#endif
                 ;#include <stdio.h>
                 ;#include <delay.h>
                 ;
                 ;#define FIRST_ADC_INPUT 0
                 ;#define LAST_ADC_INPUT 1
                 ;unsigned char adc_data[LAST_ADC_INPUT-FIRST_ADC_INPUT+1];
                 ;#define ADC_VREF_TYPE 0x20
                 ;char a,b,trig=0,str[10],m,n;
                 ;float f,j;
                 ;int jk;
                 ;#asm
                    .equ __lcd_port=0x12 ;PORTD
                 ; 0000 0025 #endasm
                 ;#include <lcd.h>
                 ;float phase;
                 ;// Timer 0 overflow interrupt service routine
                 ;interrupt [TIM0_OVF] void timer0_ovf_isr(void)
                 ; 0000 002A {
                 
                 	.CSEG
                 _timer0_ovf_isr:
00006e 93ea      	ST   -Y,R30
00006f b7ef      	IN   R30,SREG
000070 93ea      	ST   -Y,R30
                 ; 0000 002B a++;
000071 9453      	INC  R5
                 ; 0000 002C if (a==255) {b++;a=0;}
000072 efef      	LDI  R30,LOW(255)
000073 15e5      	CP   R30,R5
000074 f411      	BRNE _0x3
000075 9443      	INC  R4
000076 2455      	CLR  R5
                 ; 0000 002D 
                 ; 0000 002E }
                 _0x3:
000077 91e9      	LD   R30,Y+
000078 bfef      	OUT  SREG,R30
000079 91e9      	LD   R30,Y+
00007a 9518      	RETI
                 ;
                 ;// ADC interrupt service routine
                 ;// with auto input scanning
                 ;interrupt [ADC_INT] void adc_isr(void)
                 ; 0000 0033 {
                 _adc_isr:
00007b 920a      	ST   -Y,R0
00007c 921a      	ST   -Y,R1
00007d 92fa      	ST   -Y,R15
00007e 936a      	ST   -Y,R22
00007f 937a      	ST   -Y,R23
000080 938a      	ST   -Y,R24
000081 939a      	ST   -Y,R25
000082 93aa      	ST   -Y,R26
000083 93ba      	ST   -Y,R27
000084 93ea      	ST   -Y,R30
000085 93fa      	ST   -Y,R31
000086 b7ef      	IN   R30,SREG
000087 93ea      	ST   -Y,R30
                 ; 0000 0034 static unsigned char input_index=0;
                 ; 0000 0035 // Read the 8 most significant bits
                 ; 0000 0036 // of the AD conversion result
                 ; 0000 0037 adc_data[input_index]=ADCH;
000088 91a0 0178 	LDS  R26,_input_index_S0000001000
00008a e0b0      	LDI  R27,0
00008b 5aa0      	SUBI R26,LOW(-_adc_data)
00008c 4fbe      	SBCI R27,HIGH(-_adc_data)
00008d b1e5      	IN   R30,0x5
00008e 93ec      	ST   X,R30
                 ; 0000 0038 PORTB=adc_data[0];
00008f 91e0 0160 	LDS  R30,_adc_data
000091 bbe8      	OUT  0x18,R30
                 ; 0000 0039 
                 ; 0000 003A if (adc_data[1]==0xff)
                +
000092 91a0 0161+LDS R26 , _adc_data + ( 1 )
                 	__GETB2MN _adc_data,1
000094 3faf      	CPI  R26,LOW(0xFF)
000095 f511      	BRNE _0x4
                 ; 0000 003B {
                 ; 0000 003C          if (trig==0) {TCCR0=0x02;trig=1;m=n;}
000096 2077      	TST  R7
000097 f431      	BRNE _0x5
000098 e0e2      	LDI  R30,LOW(2)
000099 bfe3      	OUT  0x33,R30
00009a e0e1      	LDI  R30,LOW(1)
00009b 2e7e      	MOV  R7,R30
00009c 2c69      	MOV  R6,R9
                 ; 0000 003D     else if (n>m & trig==1) {f=b*(256^2)+a*256+TCNT0;trig=2;a=b=TCNT0=0;TCCR0=0x03;}
00009d c019      	RJMP _0x6
                 _0x5:
00009e 2de6      	MOV  R30,R6
00009f 2da9      	MOV  R26,R9
0000a0 940e 0530 	CALL __GTB12U
0000a2 2e0e      	MOV  R0,R30
0000a3 2da7      	MOV  R26,R7
0000a4 e0e1      	LDI  R30,LOW(1)
0000a5 940e 052b 	CALL __EQB12
0000a7 21e0      	AND  R30,R0
0000a8 f071      	BREQ _0x7
0000a9 940e 03e3 	CALL SUBOPT_0x0
0000ab e6ac      	LDI  R26,LOW(_f)
0000ac e0b1      	LDI  R27,HIGH(_f)
0000ad 940e 03f8 	CALL SUBOPT_0x1
0000af e0e2      	LDI  R30,LOW(2)
0000b0 2e7e      	MOV  R7,R30
0000b1 e0e0      	LDI  R30,LOW(0)
0000b2 bfe2      	OUT  0x32,R30
0000b3 2e4e      	MOV  R4,R30
0000b4 2e5e      	MOV  R5,R30
0000b5 e0e3      	LDI  R30,LOW(3)
0000b6 bfe3      	OUT  0x33,R30
                 ; 0000 003E    n++;
                 _0x7:
                 _0x6:
0000b7 9493      	INC  R9
                 ; 0000 003F }
                 ; 0000 0040 if (adc_data[0]==0xff & trig==2) {j=b*(256^2)+a*256+TCNT0;trig=3;}
                 _0x4:
0000b8 91a0 0160 	LDS  R26,_adc_data
0000ba efef      	LDI  R30,LOW(255)
0000bb 940e 052b 	CALL __EQB12
0000bd 2e0e      	MOV  R0,R30
0000be 2da7      	MOV  R26,R7
0000bf e0e2      	LDI  R30,LOW(2)
0000c0 940e 052b 	CALL __EQB12
0000c2 21e0      	AND  R30,R0
0000c3 f041      	BREQ _0x8
0000c4 940e 03e3 	CALL SUBOPT_0x0
0000c6 e7a0      	LDI  R26,LOW(_j)
0000c7 e0b1      	LDI  R27,HIGH(_j)
0000c8 940e 03f8 	CALL SUBOPT_0x1
0000ca e0e3      	LDI  R30,LOW(3)
0000cb 2e7e      	MOV  R7,R30
                 ; 0000 0041 if(trig==3) {phase=(j/f);jk=f;lcd_init(16);lcd_clear();lcd_gotoxy(0,0);sprintf(str,"%u",jk);lcd_puts(str);;trig=4;}
                 _0x8:
0000cc e0e3      	LDI  R30,LOW(3)
0000cd 15e7      	CP   R30,R7
0000ce f5d1      	BRNE _0x9
0000cf 940e 03ff 	CALL SUBOPT_0x2
0000d1 91a0 0170 	LDS  R26,_j
0000d3 91b0 0171 	LDS  R27,_j+1
0000d5 9180 0172 	LDS  R24,_j+2
0000d7 9190 0173 	LDS  R25,_j+3
0000d9 940e 04d1 	CALL __DIVF21
0000db 93e0 0174 	STS  _phase,R30
0000dd 93f0 0175 	STS  _phase+1,R31
0000df 9360 0176 	STS  _phase+2,R22
0000e1 9370 0177 	STS  _phase+3,R23
0000e3 940e 03ff 	CALL SUBOPT_0x2
0000e5 940e 046c 	CALL __CFD1
0000e7 015f      	MOVW R10,R30
0000e8 e1a0      	LDI  R26,LOW(16)
0000e9 940e 0397 	CALL _lcd_init
0000eb 940e 0348 	CALL _lcd_clear
0000ed e0e0      	LDI  R30,LOW(0)
0000ee 93ea      	ST   -Y,R30
0000ef e0a0      	LDI  R26,LOW(0)
0000f0 940e 0338 	CALL _lcd_gotoxy
0000f2 e6e2      	LDI  R30,LOW(_str)
0000f3 e0f1      	LDI  R31,HIGH(_str)
0000f4 93fa      	ST   -Y,R31
0000f5 93ea      	ST   -Y,R30
                +
0000f6 e6e8     +LDI R30 , LOW ( 2 * _0x0 + ( 0 ) )
0000f7 e0f0     +LDI R31 , HIGH ( 2 * _0x0 + ( 0 ) )
                 	__POINTW1FN _0x0,0
0000f8 93fa      	ST   -Y,R31
0000f9 93ea      	ST   -Y,R30
0000fa 01f5      	MOVW R30,R10
0000fb 940e 0526 	CALL __CWD1
0000fd 940e 055d 	CALL __PUTPARD1
0000ff e084      	LDI  R24,4
000100 940e 02c4 	CALL _sprintf
000102 9628      	ADIW R28,8
000103 e6a2      	LDI  R26,LOW(_str)
000104 e0b1      	LDI  R27,HIGH(_str)
000105 940e 0375 	CALL _lcd_puts
000107 e0e4      	LDI  R30,LOW(4)
000108 2e7e      	MOV  R7,R30
                 ; 0000 0042 PORTC=f;
                 _0x9:
000109 940e 03ff 	CALL SUBOPT_0x2
00010b 940e 046a 	CALL __CFD1U
00010d bbe5      	OUT  0x15,R30
                 ; 0000 0043 
                 ; 0000 0044 // Select next ADC input
                 ; 0000 0045 if (++input_index > (LAST_ADC_INPUT-FIRST_ADC_INPUT))
00010e 91a0 0178 	LDS  R26,_input_index_S0000001000
000110 5faf      	SUBI R26,-LOW(1)
000111 93a0 0178 	STS  _input_index_S0000001000,R26
000113 30a2      	CPI  R26,LOW(0x2)
000114 f018      	BRLO _0xA
                 ; 0000 0046    input_index=0;
000115 e0e0      	LDI  R30,LOW(0)
000116 93e0 0178 	STS  _input_index_S0000001000,R30
                 ; 0000 0047 ADMUX=(FIRST_ADC_INPUT | (ADC_VREF_TYPE & 0xff))+input_index;
                 _0xA:
000118 91e0 0178 	LDS  R30,_input_index_S0000001000
00011a 5ee0      	SUBI R30,-LOW(32)
00011b b9e7      	OUT  0x7,R30
                 ; 0000 0048 // Delay needed for the stabilization of the ADC input voltage
                 ; 0000 0049 
                 ; 0000 004A // Start the AD conversion
                 ; 0000 004B ADCSRA|=0x40;
00011c 9a36      	SBI  0x6,6
                 ; 0000 004C }
00011d 91e9      	LD   R30,Y+
00011e bfef      	OUT  SREG,R30
00011f 91f9      	LD   R31,Y+
000120 91e9      	LD   R30,Y+
000121 91b9      	LD   R27,Y+
000122 91a9      	LD   R26,Y+
000123 9199      	LD   R25,Y+
000124 9189      	LD   R24,Y+
000125 9179      	LD   R23,Y+
000126 9169      	LD   R22,Y+
000127 90f9      	LD   R15,Y+
000128 9019      	LD   R1,Y+
000129 9009      	LD   R0,Y+
00012a 9518      	RETI
                 ;
                 ;// Declare your global variables here
                 ;
                 ;void main(void)
                 ; 0000 0051 {
                 _main:
                 ; 0000 0052 // Declare your local variables here
                 ; 0000 0053 
                 ; 0000 0054 // Input/Output Ports initialization
                 ; 0000 0055 // Port A initialization
                 ; 0000 0056 // Func7=In Func6=In Func5=In Func4=In Func3=In Func2=In Func1=In Func0=In
                 ; 0000 0057 // State7=T State6=T State5=T State4=T State3=T State2=T State1=T State0=T
                 ; 0000 0058 PORTA=0x00;
00012b e0e0      	LDI  R30,LOW(0)
00012c bbeb      	OUT  0x1B,R30
                 ; 0000 0059 DDRA=0x00;
00012d bbea      	OUT  0x1A,R30
                 ; 0000 005A 
                 ; 0000 005B // Port B initialization
                 ; 0000 005C // Func7=In Func6=In Func5=In Func4=In Func3=In Func2=In Func1=In Func0=In
                 ; 0000 005D // State7=T State6=T State5=T State4=T State3=T State2=T State1=T State0=T
                 ; 0000 005E PORTB=0x00;
00012e bbe8      	OUT  0x18,R30
                 ; 0000 005F DDRB=0xff;
00012f efef      	LDI  R30,LOW(255)
000130 bbe7      	OUT  0x17,R30
                 ; 0000 0060 
                 ; 0000 0061 // Port C initialization
                 ; 0000 0062 // Func7=In Func6=In Func5=In Func4=In Func3=In Func2=In Func1=In Func0=In
                 ; 0000 0063 // State7=T State6=T State5=T State4=T State3=T State2=T State1=T State0=T
                 ; 0000 0064 PORTC=0x00;
000131 e0e0      	LDI  R30,LOW(0)
000132 bbe5      	OUT  0x15,R30
                 ; 0000 0065 DDRC=0xff;
000133 efef      	LDI  R30,LOW(255)
000134 bbe4      	OUT  0x14,R30
                 ; 0000 0066 
                 ; 0000 0067 // Port D initialization
                 ; 0000 0068 // Func7=In Func6=In Func5=In Func4=In Func3=In Func2=In Func1=In Func0=In
                 ; 0000 0069 // State7=T State6=T State5=T State4=T State3=T State2=T State1=T State0=T
                 ; 0000 006A PORTD=0x00;
000135 e0e0      	LDI  R30,LOW(0)
000136 bbe2      	OUT  0x12,R30
                 ; 0000 006B DDRD=0x00;
000137 bbe1      	OUT  0x11,R30
                 ; 0000 006C 
                 ; 0000 006D 
                 ; 0000 006E 
                 ; 0000 006F 
                 ; 0000 0070 
                 ; 0000 0071 // External Interrupt(s) initialization
                 ; 0000 0072 // INT0: Off
                 ; 0000 0073 // INT1: Off
                 ; 0000 0074 // INT2: Off
                 ; 0000 0075 MCUCR=0x00;
000138 bfe5      	OUT  0x35,R30
                 ; 0000 0076 MCUCSR=0x00;
000139 bfe4      	OUT  0x34,R30
                 ; 0000 0077 
                 ; 0000 0078 // Timer(s)/Counter(s) Interrupt(s) initialization
                 ; 0000 0079 TIMSK=0x00;
00013a bfe9      	OUT  0x39,R30
                 ; 0000 007A 
                 ; 0000 007B // USART initialization
                 ; 0000 007C // USART disabled
                 ; 0000 007D UCSRB=0x00;
00013b b9ea      	OUT  0xA,R30
                 ; 0000 007E 
                 ; 0000 007F // Analog Comparator initialization
                 ; 0000 0080 // Analog Comparator: Off
                 ; 0000 0081 // Analog Comparator Input Capture by Timer/Counter 1: Off
                 ; 0000 0082 ACSR=0x80;
00013c e8e0      	LDI  R30,LOW(128)
00013d b9e8      	OUT  0x8,R30
                 ; 0000 0083 SFIOR=0x00;
00013e e0e0      	LDI  R30,LOW(0)
00013f bfe0      	OUT  0x30,R30
                 ; 0000 0084 
                 ; 0000 0085 // ADC initialization
                 ; 0000 0086 // ADC Clock frequency: 1000.000 kHz
                 ; 0000 0087 // ADC Voltage Reference: AREF pin
                 ; 0000 0088 // ADC Auto Trigger Source: Free Running
                 ; 0000 0089 // Only the 8 most significant bits of
                 ; 0000 008A // the AD conversion result are used
                 ; 0000 008B ADMUX=FIRST_ADC_INPUT | (ADC_VREF_TYPE & 0xff);
000140 e2e0      	LDI  R30,LOW(32)
000141 b9e7      	OUT  0x7,R30
                 ; 0000 008C ADCSRA=0xEA;
000142 eeea      	LDI  R30,LOW(234)
000143 b9e6      	OUT  0x6,R30
                 ; 0000 008D SFIOR&=0x1F;
000144 b7e0      	IN   R30,0x30
000145 71ef      	ANDI R30,LOW(0x1F)
000146 bfe0      	OUT  0x30,R30
                 ; 0000 008E 
                 ; 0000 008F // SPI initialization
                 ; 0000 0090 // SPI disabled
                 ; 0000 0091 SPCR=0x00;
000147 e0e0      	LDI  R30,LOW(0)
000148 b9ed      	OUT  0xD,R30
                 ; 0000 0092 
                 ; 0000 0093 // TWI initialization
                 ; 0000 0094 // TWI disabled
                 ; 0000 0095 TWCR=0x00;
000149 bfe6      	OUT  0x36,R30
                 ; 0000 0096 
                 ; 0000 0097 // Global enable interrupts
                 ; 0000 0098 #asm("sei")
00014a 9478      	sei
                 ; 0000 0099 
                 ; 0000 009A while (1)
                 _0xB:
                 ; 0000 009B       {
                 ; 0000 009C       // Place your code here
                 ; 0000 009D 
                 ; 0000 009E       }
00014b cfff      	RJMP _0xB
                 ; 0000 009F }
                 _0xE:
00014c cfff      	RJMP _0xE
                 	#ifndef __SLEEP_DEFINED__
                 	#endif
                 
                 	.CSEG
                 _put_buff_G100:
00014d 93ba      	ST   -Y,R27
00014e 93aa      	ST   -Y,R26
00014f 931a      	ST   -Y,R17
000150 930a      	ST   -Y,R16
000151 81aa      	LDD  R26,Y+2
000152 81bb      	LDD  R27,Y+2+1
000153 9612      	ADIW R26,2
000154 940e 0550 	CALL __GETW1P
000156 9730      	SBIW R30,0
000157 f159      	BREQ _0x2000010
000158 81aa      	LDD  R26,Y+2
000159 81bb      	LDD  R27,Y+2+1
00015a 9614      	ADIW R26,4
00015b 940e 0550 	CALL __GETW1P
00015d 018f      	MOVW R16,R30
00015e 9730      	SBIW R30,0
00015f f061      	BREQ _0x2000012
                +
000160 3002     +CPI R16 , LOW ( 2 )
000161 e0e0     +LDI R30 , HIGH ( 2 )
000162 071e     +CPC R17 , R30
                 	__CPWRN 16,17,2
000163 f0f0      	BRLO _0x2000013
000164 01f8      	MOVW R30,R16
000165 9731      	SBIW R30,1
000166 018f      	MOVW R16,R30
                +
000167 81aa     +LDD R26 , Y + 2
000168 81bb     +LDD R27 , Y + 2 + 1
000169 9614     +ADIW R26 , 4
00016a 93ed     +ST X + , R30
00016b 93fc     +ST X , R31
                 	__PUTW1SNS 2,4
                 _0x2000012:
00016c 81aa      	LDD  R26,Y+2
00016d 81bb      	LDD  R27,Y+2+1
00016e 9612      	ADIW R26,2
00016f 91ed      	LD   R30,X+
000170 91fd      	LD   R31,X+
000171 9631      	ADIW R30,1
000172 93fe      	ST   -X,R31
000173 93ee      	ST   -X,R30
000174 9731      	SBIW R30,1
000175 81ac      	LDD  R26,Y+4
000176 83a0      	STD  Z+0,R26
000177 81aa      	LDD  R26,Y+2
000178 81bb      	LDD  R27,Y+2+1
000179 940e 0550 	CALL __GETW1P
00017b 23ff      	TST  R31
00017c f02a      	BRMI _0x2000014
00017d 91ed      	LD   R30,X+
00017e 91fd      	LD   R31,X+
00017f 9631      	ADIW R30,1
000180 93fe      	ST   -X,R31
000181 93ee      	ST   -X,R30
                 _0x2000014:
                 _0x2000013:
000182 c006      	RJMP _0x2000015
                 _0x2000010:
000183 81aa      	LDD  R26,Y+2
000184 81bb      	LDD  R27,Y+2+1
000185 efef      	LDI  R30,LOW(65535)
000186 efff      	LDI  R31,HIGH(65535)
000187 93ed      	ST   X+,R30
000188 93fc      	ST   X,R31
                 _0x2000015:
000189 8119      	LDD  R17,Y+1
00018a 8108      	LDD  R16,Y+0
00018b 9625      	ADIW R28,5
00018c 9508      	RET
                 __print_G100:
00018d 93ba      	ST   -Y,R27
00018e 93aa      	ST   -Y,R26
00018f 9726      	SBIW R28,6
000190 940e 0562 	CALL __SAVELOCR6
000192 e010      	LDI  R17,0
000193 85ac      	LDD  R26,Y+12
000194 85bd      	LDD  R27,Y+12+1
000195 e0e0      	LDI  R30,LOW(0)
000196 e0f0      	LDI  R31,HIGH(0)
000197 93ed      	ST   X+,R30
000198 93fc      	ST   X,R31
                 _0x2000016:
000199 89ea      	LDD  R30,Y+18
00019a 89fb      	LDD  R31,Y+18+1
00019b 9631      	ADIW R30,1
00019c 8bea      	STD  Y+18,R30
00019d 8bfb      	STD  Y+18+1,R31
00019e 9731      	SBIW R30,1
00019f 91e4      	LPM  R30,Z
0001a0 2f2e      	MOV  R18,R30
0001a1 30e0      	CPI  R30,0
0001a2 f411      	BRNE PC+3
0001a3 940c 02bc 	JMP _0x2000018
0001a5 2fe1      	MOV  R30,R17
0001a6 30e0      	CPI  R30,0
0001a7 f439      	BRNE _0x200001C
0001a8 3225      	CPI  R18,37
0001a9 f411      	BRNE _0x200001D
0001aa e011      	LDI  R17,LOW(1)
0001ab c002      	RJMP _0x200001E
                 _0x200001D:
0001ac 940e 0408 	CALL SUBOPT_0x3
                 _0x200001E:
0001ae c10c      	RJMP _0x200001B
                 _0x200001C:
0001af 30e1      	CPI  R30,LOW(0x1)
0001b0 f4a9      	BRNE _0x200001F
0001b1 3225      	CPI  R18,37
0001b2 f419      	BRNE _0x2000020
0001b3 940e 0408 	CALL SUBOPT_0x3
0001b5 c104      	RJMP _0x20000C9
                 _0x2000020:
0001b6 e012      	LDI  R17,LOW(2)
0001b7 e040      	LDI  R20,LOW(0)
0001b8 e000      	LDI  R16,LOW(0)
0001b9 322d      	CPI  R18,45
0001ba f411      	BRNE _0x2000021
0001bb e001      	LDI  R16,LOW(1)
0001bc c0fe      	RJMP _0x200001B
                 _0x2000021:
0001bd 322b      	CPI  R18,43
0001be f411      	BRNE _0x2000022
0001bf e24b      	LDI  R20,LOW(43)
0001c0 c0fa      	RJMP _0x200001B
                 _0x2000022:
0001c1 3220      	CPI  R18,32
0001c2 f411      	BRNE _0x2000023
0001c3 e240      	LDI  R20,LOW(32)
0001c4 c0f6      	RJMP _0x200001B
                 _0x2000023:
0001c5 c002      	RJMP _0x2000024
                 _0x200001F:
0001c6 30e2      	CPI  R30,LOW(0x2)
0001c7 f439      	BRNE _0x2000025
                 _0x2000024:
0001c8 e050      	LDI  R21,LOW(0)
0001c9 e013      	LDI  R17,LOW(3)
0001ca 3320      	CPI  R18,48
0001cb f411      	BRNE _0x2000026
0001cc 6800      	ORI  R16,LOW(128)
0001cd c0ed      	RJMP _0x200001B
                 _0x2000026:
0001ce c004      	RJMP _0x2000027
                 _0x2000025:
0001cf 30e3      	CPI  R30,LOW(0x3)
0001d0 f011      	BREQ PC+3
0001d1 940c 02bb 	JMP _0x200001B
                 _0x2000027:
0001d3 3320      	CPI  R18,48
0001d4 f010      	BRLO _0x200002A
0001d5 332a      	CPI  R18,58
0001d6 f008      	BRLO _0x200002B
                 _0x200002A:
0001d7 c007      	RJMP _0x2000029
                 _0x200002B:
0001d8 e0aa      	LDI  R26,LOW(10)
0001d9 9f5a      	MUL  R21,R26
0001da 2d50      	MOV  R21,R0
0001db 2fe2      	MOV  R30,R18
0001dc 53e0      	SUBI R30,LOW(48)
0001dd 0f5e      	ADD  R21,R30
0001de c0dc      	RJMP _0x200001B
                 _0x2000029:
0001df 2fe2      	MOV  R30,R18
0001e0 36e3      	CPI  R30,LOW(0x63)
0001e1 f449      	BRNE _0x200002F
0001e2 940e 040f 	CALL SUBOPT_0x4
0001e4 89e8      	LDD  R30,Y+16
0001e5 89f9      	LDD  R31,Y+16+1
0001e6 81a4      	LDD  R26,Z+4
0001e7 93aa      	ST   -Y,R26
0001e8 940e 0415 	CALL SUBOPT_0x5
0001ea c0cf      	RJMP _0x2000030
                 _0x200002F:
0001eb 37e3      	CPI  R30,LOW(0x73)
0001ec f441      	BRNE _0x2000032
0001ed 940e 040f 	CALL SUBOPT_0x4
0001ef 940e 041b 	CALL SUBOPT_0x6
0001f1 940e 03ca 	CALL _strlen
0001f3 2f1e      	MOV  R17,R30
0001f4 c00a      	RJMP _0x2000033
                 _0x2000032:
0001f5 37e0      	CPI  R30,LOW(0x70)
0001f6 f461      	BRNE _0x2000035
0001f7 940e 040f 	CALL SUBOPT_0x4
0001f9 940e 041b 	CALL SUBOPT_0x6
0001fb 940e 03d6 	CALL _strlenf
0001fd 2f1e      	MOV  R17,R30
0001fe 6008      	ORI  R16,LOW(8)
                 _0x2000033:
0001ff 6002      	ORI  R16,LOW(2)
000200 770f      	ANDI R16,LOW(127)
000201 e030      	LDI  R19,LOW(0)
000202 c035      	RJMP _0x2000036
                 _0x2000035:
000203 36e4      	CPI  R30,LOW(0x64)
000204 f011      	BREQ _0x2000039
000205 36e9      	CPI  R30,LOW(0x69)
000206 f411      	BRNE _0x200003A
                 _0x2000039:
000207 6004      	ORI  R16,LOW(4)
000208 c002      	RJMP _0x200003B
                 _0x200003A:
000209 37e5      	CPI  R30,LOW(0x75)
00020a f431      	BRNE _0x200003C
                 _0x200003B:
00020b e5e4      	LDI  R30,LOW(_tbl10_G100*2)
00020c e0f0      	LDI  R31,HIGH(_tbl10_G100*2)
00020d 83ee      	STD  Y+6,R30
00020e 83ff      	STD  Y+6+1,R31
00020f e015      	LDI  R17,LOW(5)
000210 c00d      	RJMP _0x200003D
                 _0x200003C:
000211 35e8      	CPI  R30,LOW(0x58)
000212 f411      	BRNE _0x200003F
000213 6008      	ORI  R16,LOW(8)
000214 c004      	RJMP _0x2000040
                 _0x200003F:
000215 37e8      	CPI  R30,LOW(0x78)
000216 f011      	BREQ PC+3
000217 940c 02ba 	JMP _0x2000071
                 _0x2000040:
000219 e5ee      	LDI  R30,LOW(_tbl16_G100*2)
00021a e0f0      	LDI  R31,HIGH(_tbl16_G100*2)
00021b 83ee      	STD  Y+6,R30
00021c 83ff      	STD  Y+6+1,R31
00021d e014      	LDI  R17,LOW(4)
                 _0x200003D:
00021e ff02      	SBRS R16,2
00021f c014      	RJMP _0x2000042
000220 940e 040f 	CALL SUBOPT_0x4
000222 940e 0425 	CALL SUBOPT_0x7
000224 85ab      	LDD  R26,Y+11
000225 23aa      	TST  R26
000226 f43a      	BRPL _0x2000043
000227 85ea      	LDD  R30,Y+10
000228 85fb      	LDD  R31,Y+10+1
000229 940e 051a 	CALL __ANEGW1
00022b 87ea      	STD  Y+10,R30
00022c 87fb      	STD  Y+10+1,R31
00022d e24d      	LDI  R20,LOW(45)
                 _0x2000043:
00022e 3040      	CPI  R20,0
00022f f011      	BREQ _0x2000044
000230 5f1f      	SUBI R17,-LOW(1)
000231 c001      	RJMP _0x2000045
                 _0x2000044:
000232 7f0b      	ANDI R16,LOW(251)
                 _0x2000045:
000233 c004      	RJMP _0x2000046
                 _0x2000042:
000234 940e 040f 	CALL SUBOPT_0x4
000236 940e 0425 	CALL SUBOPT_0x7
                 _0x2000046:
                 _0x2000036:
000238 fd00      	SBRC R16,0
000239 c011      	RJMP _0x2000047
                 _0x2000048:
00023a 1715      	CP   R17,R21
00023b f478      	BRSH _0x200004A
00023c ff07      	SBRS R16,7
00023d c008      	RJMP _0x200004B
00023e ff02      	SBRS R16,2
00023f c004      	RJMP _0x200004C
000240 7f0b      	ANDI R16,LOW(251)
000241 2f24      	MOV  R18,R20
000242 5011      	SUBI R17,LOW(1)
000243 c001      	RJMP _0x200004D
                 _0x200004C:
000244 e320      	LDI  R18,LOW(48)
                 _0x200004D:
000245 c001      	RJMP _0x200004E
                 _0x200004B:
000246 e220      	LDI  R18,LOW(32)
                 _0x200004E:
000247 940e 0408 	CALL SUBOPT_0x3
000249 5051      	SUBI R21,LOW(1)
00024a cfef      	RJMP _0x2000048
                 _0x200004A:
                 _0x2000047:
00024b 2f31      	MOV  R19,R17
00024c ff01      	SBRS R16,1
00024d c017      	RJMP _0x200004F
                 _0x2000050:
00024e 3030      	CPI  R19,0
00024f f0a1      	BREQ _0x2000052
000250 ff03      	SBRS R16,3
000251 c006      	RJMP _0x2000053
000252 81ee      	LDD  R30,Y+6
000253 81ff      	LDD  R31,Y+6+1
000254 9125      	LPM  R18,Z+
000255 83ee      	STD  Y+6,R30
000256 83ff      	STD  Y+6+1,R31
000257 c005      	RJMP _0x2000054
                 _0x2000053:
000258 81ae      	LDD  R26,Y+6
000259 81bf      	LDD  R27,Y+6+1
00025a 912d      	LD   R18,X+
00025b 83ae      	STD  Y+6,R26
00025c 83bf      	STD  Y+6+1,R27
                 _0x2000054:
00025d 940e 0408 	CALL SUBOPT_0x3
00025f 3050      	CPI  R21,0
000260 f009      	BREQ _0x2000055
000261 5051      	SUBI R21,LOW(1)
                 _0x2000055:
000262 5031      	SUBI R19,LOW(1)
000263 cfea      	RJMP _0x2000050
                 _0x2000052:
000264 c04b      	RJMP _0x2000056
                 _0x200004F:
                 _0x2000058:
000265 e320      	LDI  R18,LOW(48)
000266 81ee      	LDD  R30,Y+6
000267 81ff      	LDD  R31,Y+6+1
000268 940e 0559 	CALL __GETW1PF
00026a 87e8      	STD  Y+8,R30
00026b 87f9      	STD  Y+8+1,R31
00026c 81ee      	LDD  R30,Y+6
00026d 81ff      	LDD  R31,Y+6+1
00026e 9632      	ADIW R30,2
00026f 83ee      	STD  Y+6,R30
000270 83ff      	STD  Y+6+1,R31
                 _0x200005A:
000271 85e8      	LDD  R30,Y+8
000272 85f9      	LDD  R31,Y+8+1
000273 85aa      	LDD  R26,Y+10
000274 85bb      	LDD  R27,Y+10+1
000275 17ae      	CP   R26,R30
000276 07bf      	CPC  R27,R31
000277 f050      	BRLO _0x200005C
000278 5f2f      	SUBI R18,-LOW(1)
000279 85a8      	LDD  R26,Y+8
00027a 85b9      	LDD  R27,Y+8+1
00027b 85ea      	LDD  R30,Y+10
00027c 85fb      	LDD  R31,Y+10+1
00027d 1bea      	SUB  R30,R26
00027e 0bfb      	SBC  R31,R27
00027f 87ea      	STD  Y+10,R30
000280 87fb      	STD  Y+10+1,R31
000281 cfef      	RJMP _0x200005A
                 _0x200005C:
000282 332a      	CPI  R18,58
000283 f028      	BRLO _0x200005D
000284 ff03      	SBRS R16,3
000285 c002      	RJMP _0x200005E
000286 5f29      	SUBI R18,-LOW(7)
000287 c001      	RJMP _0x200005F
                 _0x200005E:
000288 5d29      	SUBI R18,-LOW(39)
                 _0x200005F:
                 _0x200005D:
000289 fd04      	SBRC R16,4
00028a c01a      	RJMP _0x2000061
00028b 3321      	CPI  R18,49
00028c f420      	BRSH _0x2000063
00028d 85a8      	LDD  R26,Y+8
00028e 85b9      	LDD  R27,Y+8+1
00028f 9711      	SBIW R26,1
000290 f409      	BRNE _0x2000062
                 _0x2000063:
000291 c009      	RJMP _0x20000CA
                 _0x2000062:
000292 1753      	CP   R21,R19
000293 f010      	BRLO _0x2000067
000294 ff00      	SBRS R16,0
000295 c001      	RJMP _0x2000068
                 _0x2000067:
000296 c013      	RJMP _0x2000066
                 _0x2000068:
000297 e220      	LDI  R18,LOW(32)
000298 ff07      	SBRS R16,7
000299 c00b      	RJMP _0x2000069
00029a e320      	LDI  R18,LOW(48)
                 _0x20000CA:
00029b 6100      	ORI  R16,LOW(16)
00029c ff02      	SBRS R16,2
00029d c007      	RJMP _0x200006A
00029e 7f0b      	ANDI R16,LOW(251)
00029f 934a      	ST   -Y,R20
0002a0 940e 0415 	CALL SUBOPT_0x5
0002a2 3050      	CPI  R21,0
0002a3 f009      	BREQ _0x200006B
0002a4 5051      	SUBI R21,LOW(1)
                 _0x200006B:
                 _0x200006A:
                 _0x2000069:
                 _0x2000061:
0002a5 940e 0408 	CALL SUBOPT_0x3
0002a7 3050      	CPI  R21,0
0002a8 f009      	BREQ _0x200006C
0002a9 5051      	SUBI R21,LOW(1)
                 _0x200006C:
                 _0x2000066:
0002aa 5031      	SUBI R19,LOW(1)
0002ab 85a8      	LDD  R26,Y+8
0002ac 85b9      	LDD  R27,Y+8+1
0002ad 9712      	SBIW R26,2
0002ae f008      	BRLO _0x2000059
0002af cfb5      	RJMP _0x2000058
                 _0x2000059:
                 _0x2000056:
0002b0 ff00      	SBRS R16,0
0002b1 c008      	RJMP _0x200006D
                 _0x200006E:
0002b2 3050      	CPI  R21,0
0002b3 f031      	BREQ _0x2000070
0002b4 5051      	SUBI R21,LOW(1)
0002b5 e2e0      	LDI  R30,LOW(32)
0002b6 93ea      	ST   -Y,R30
0002b7 940e 0415 	CALL SUBOPT_0x5
0002b9 cff8      	RJMP _0x200006E
                 _0x2000070:
                 _0x200006D:
                 _0x2000071:
                 _0x2000030:
                 _0x20000C9:
0002ba e010      	LDI  R17,LOW(0)
                 _0x200001B:
0002bb cedd      	RJMP _0x2000016
                 _0x2000018:
0002bc 85ac      	LDD  R26,Y+12
0002bd 85bd      	LDD  R27,Y+12+1
0002be 940e 0550 	CALL __GETW1P
0002c0 940e 0569 	CALL __LOADLOCR6
0002c2 9664      	ADIW R28,20
0002c3 9508      	RET
                 _sprintf:
0002c4 92ff      	PUSH R15
0002c5 2ef8      	MOV  R15,R24
0002c6 9726      	SBIW R28,6
0002c7 940e 0564 	CALL __SAVELOCR4
0002c9 940e 042d 	CALL SUBOPT_0x8
0002cb 9730      	SBIW R30,0
0002cc f419      	BRNE _0x2000072
0002cd efef      	LDI  R30,LOW(65535)
0002ce efff      	LDI  R31,HIGH(65535)
0002cf c023      	RJMP _0x2080002
                 _0x2000072:
0002d0 01de      	MOVW R26,R28
0002d1 9616      	ADIW R26,6
0002d2 940e 0516 	CALL __ADDW2R15
0002d4 018d      	MOVW R16,R26
0002d5 940e 042d 	CALL SUBOPT_0x8
0002d7 83ee      	STD  Y+6,R30
0002d8 83ff      	STD  Y+6+1,R31
0002d9 e0e0      	LDI  R30,LOW(0)
0002da 87e8      	STD  Y+8,R30
0002db 87e9      	STD  Y+8+1,R30
0002dc 01de      	MOVW R26,R28
0002dd 961a      	ADIW R26,10
0002de 940e 0516 	CALL __ADDW2R15
0002e0 940e 0550 	CALL __GETW1P
0002e2 93fa      	ST   -Y,R31
0002e3 93ea      	ST   -Y,R30
0002e4 931a      	ST   -Y,R17
0002e5 930a      	ST   -Y,R16
0002e6 e4ed      	LDI  R30,LOW(_put_buff_G100)
0002e7 e0f1      	LDI  R31,HIGH(_put_buff_G100)
0002e8 93fa      	ST   -Y,R31
0002e9 93ea      	ST   -Y,R30
0002ea 01de      	MOVW R26,R28
0002eb 961a      	ADIW R26,10
0002ec dea0      	RCALL __print_G100
0002ed 019f      	MOVW R18,R30
0002ee 81ae      	LDD  R26,Y+6
0002ef 81bf      	LDD  R27,Y+6+1
0002f0 e0e0      	LDI  R30,LOW(0)
0002f1 93ec      	ST   X,R30
0002f2 01f9      	MOVW R30,R18
                 _0x2080002:
0002f3 940e 056b 	CALL __LOADLOCR4
0002f5 962a      	ADIW R28,10
0002f6 90ff      	POP  R15
0002f7 9508      	RET
                     .equ __lcd_direction=__lcd_port-1
                     .equ __lcd_pin=__lcd_port-2
                     .equ __lcd_rs=0
                     .equ __lcd_rd=1
                     .equ __lcd_enable=2
                     .equ __lcd_busy_flag=7
                 
                 	.DSEG
                 
                 	.CSEG
                 __lcd_delay_G101:
0002f8 e0ff          ldi   r31,15
                 __lcd_delay0:
0002f9 95fa          dec   r31
0002fa f7f1          brne  __lcd_delay0
0002fb 9508      	RET
                 __lcd_ready:
0002fc b3a1          in    r26,__lcd_direction
0002fd 70af          andi  r26,0xf                 ;set as input
0002fe bba1          out   __lcd_direction,r26
0002ff 9a91          sbi   __lcd_port,__lcd_rd     ;RD=1
000300 9890          cbi   __lcd_port,__lcd_rs     ;RS=0
                 __lcd_busy:
000301 dff6      	RCALL __lcd_delay_G101
000302 9a92          sbi   __lcd_port,__lcd_enable ;EN=1
000303 dff4      	RCALL __lcd_delay_G101
000304 b3a0          in    r26,__lcd_pin
000305 9892          cbi   __lcd_port,__lcd_enable ;EN=0
000306 dff1      	RCALL __lcd_delay_G101
000307 9a92          sbi   __lcd_port,__lcd_enable ;EN=1
000308 dfef      	RCALL __lcd_delay_G101
000309 9892          cbi   __lcd_port,__lcd_enable ;EN=0
00030a fda7          sbrc  r26,__lcd_busy_flag
00030b cff5          rjmp  __lcd_busy
00030c 9508      	RET
                 __lcd_write_nibble_G101:
00030d 7fa0          andi  r26,0xf0
00030e 2bab          or    r26,r27
00030f bba2          out   __lcd_port,r26          ;write
000310 9a92          sbi   __lcd_port,__lcd_enable ;EN=1
000311 940e 02f8 	CALL __lcd_delay_G101
000313 9892          cbi   __lcd_port,__lcd_enable ;EN=0
000314 940e 02f8 	CALL __lcd_delay_G101
000316 9508      	RET
                 __lcd_write_data:
000317 93aa      	ST   -Y,R26
000318 9891          cbi  __lcd_port,__lcd_rd 	  ;RD=0
000319 b3a1          in    r26,__lcd_direction
00031a 6fa7          ori   r26,0xf0 | (1<<__lcd_rs) | (1<<__lcd_rd) | (1<<__lcd_enable) ;set as output
00031b bba1          out   __lcd_direction,r26
00031c b3b2          in    r27,__lcd_port
00031d 70bf          andi  r27,0xf
00031e 81a8          ld    r26,y
00031f dfed      	RCALL __lcd_write_nibble_G101
000320 81a8          ld    r26,y
000321 95a2          swap  r26
000322 dfea      	RCALL __lcd_write_nibble_G101
000323 9a91          sbi   __lcd_port,__lcd_rd     ;RD=1
000324 940c 03c8 	JMP  _0x2080001
                 __lcd_read_nibble_G101:
000326 9a92          sbi   __lcd_port,__lcd_enable ;EN=1
000327 940e 02f8 	CALL __lcd_delay_G101
000329 b3e0          in    r30,__lcd_pin           ;read
00032a 9892          cbi   __lcd_port,__lcd_enable ;EN=0
00032b 940e 02f8 	CALL __lcd_delay_G101
00032d 7fe0          andi  r30,0xf0
00032e 9508      	RET
                 _lcd_read_byte0_G101:
00032f 940e 02f8 	CALL __lcd_delay_G101
000331 dff4      	RCALL __lcd_read_nibble_G101
000332 2fae          mov   r26,r30
000333 dff2      	RCALL __lcd_read_nibble_G101
000334 9891          cbi   __lcd_port,__lcd_rd     ;RD=0
000335 95e2          swap  r30
000336 2bea          or    r30,r26
000337 9508      	RET
                 _lcd_gotoxy:
000338 93aa      	ST   -Y,R26
000339 940e 02fc 	CALL __lcd_ready
00033b 81e8      	LD   R30,Y
00033c e0f0      	LDI  R31,0
00033d 58e7      	SUBI R30,LOW(-__base_y_G101)
00033e 4ffe      	SBCI R31,HIGH(-__base_y_G101)
00033f 81e0      	LD   R30,Z
000340 81a9      	LDD  R26,Y+1
000341 0fae      	ADD  R26,R30
000342 940e 0317 	CALL __lcd_write_data
000344 8089      	LDD  R8,Y+1
000345 80d8      	LDD  R13,Y+0
000346 9622      	ADIW R28,2
000347 9508      	RET
                 _lcd_clear:
000348 940e 02fc 	CALL __lcd_ready
00034a e0a2      	LDI  R26,LOW(2)
00034b 940e 0317 	CALL __lcd_write_data
00034d 940e 02fc 	CALL __lcd_ready
00034f e0ac      	LDI  R26,LOW(12)
000350 940e 0317 	CALL __lcd_write_data
000352 940e 02fc 	CALL __lcd_ready
000354 e0a1      	LDI  R26,LOW(1)
000355 940e 0317 	CALL __lcd_write_data
000357 e0e0      	LDI  R30,LOW(0)
000358 2ede      	MOV  R13,R30
000359 2e8e      	MOV  R8,R30
00035a 9508      	RET
                 _lcd_putchar:
00035b 93aa      	ST   -Y,R26
00035c 93ef          push r30
00035d 93ff          push r31
00035e 81a8          ld   r26,y
00035f 9468          set
000360 30aa          cpi  r26,10
000361 f019          breq __lcd_putchar1
000362 94e8          clt
000363 148c      	CP   R8,R12
000364 f030      	BRLO _0x2020004
                 	__lcd_putchar1:
000365 94d3      	INC  R13
000366 e0e0      	LDI  R30,LOW(0)
000367 93ea      	ST   -Y,R30
000368 2dad      	MOV  R26,R13
000369 dfce      	RCALL _lcd_gotoxy
00036a f036      	brts __lcd_putchar0
                 _0x2020004:
00036b 9483      	INC  R8
00036c df8f          rcall __lcd_ready
00036d 9a90          sbi  __lcd_port,__lcd_rs ;RS=1
00036e 81a8      	LD   R26,Y
00036f 940e 0317 	CALL __lcd_write_data
                 __lcd_putchar0:
000371 91ff          pop  r31
000372 91ef          pop  r30
000373 940c 03c8 	JMP  _0x2080001
                 _lcd_puts:
000375 93ba      	ST   -Y,R27
000376 93aa      	ST   -Y,R26
000377 931a      	ST   -Y,R17
                 _0x2020005:
000378 81a9      	LDD  R26,Y+1
000379 81ba      	LDD  R27,Y+1+1
00037a 91ed      	LD   R30,X+
00037b 83a9      	STD  Y+1,R26
00037c 83ba      	STD  Y+1+1,R27
00037d 2f1e      	MOV  R17,R30
00037e 30e0      	CPI  R30,0
00037f f019      	BREQ _0x2020007
000380 2fa1      	MOV  R26,R17
000381 dfd9      	RCALL _lcd_putchar
000382 cff5      	RJMP _0x2020005
                 _0x2020007:
000383 8118      	LDD  R17,Y+0
000384 9623      	ADIW R28,3
000385 9508      	RET
                 __long_delay_G101:
000386 27aa          clr   r26
000387 27bb          clr   r27
                 __long_delay0:
000388 9711          sbiw  r26,1         ;2 cycles
000389 f7f1          brne  __long_delay0 ;2 cycles
00038a 9508      	RET
                 __lcd_init_write_G101:
00038b 93aa      	ST   -Y,R26
00038c 9891          cbi  __lcd_port,__lcd_rd 	  ;RD=0
00038d b3a1          in    r26,__lcd_direction
00038e 6fa7          ori   r26,0xf7                ;set as output
00038f bba1          out   __lcd_direction,r26
000390 b3b2          in    r27,__lcd_port
000391 70bf          andi  r27,0xf
000392 81a8          ld    r26,y
000393 940e 030d 	CALL __lcd_write_nibble_G101
000395 9a91          sbi   __lcd_port,__lcd_rd     ;RD=1
000396 c031      	RJMP _0x2080001
                 _lcd_init:
000397 93aa      	ST   -Y,R26
000398 9892          cbi   __lcd_port,__lcd_enable ;EN=0
000399 9890          cbi   __lcd_port,__lcd_rs     ;RS=0
00039a 80c8      	LDD  R12,Y+0
00039b 81e8      	LD   R30,Y
00039c 58e0      	SUBI R30,-LOW(128)
                +
00039d 93e0 017b+STS __base_y_G101 + ( 2 ) , R30
                 	__PUTB1MN __base_y_G101,2
00039f 81e8      	LD   R30,Y
0003a0 54e0      	SUBI R30,-LOW(192)
                +
0003a1 93e0 017c+STS __base_y_G101 + ( 3 ) , R30
                 	__PUTB1MN __base_y_G101,3
0003a3 940e 0434 	CALL SUBOPT_0x9
0003a5 940e 0434 	CALL SUBOPT_0x9
0003a7 940e 0434 	CALL SUBOPT_0x9
0003a9 dfdc      	RCALL __long_delay_G101
0003aa e2a0      	LDI  R26,LOW(32)
0003ab dfdf      	RCALL __lcd_init_write_G101
0003ac dfd9      	RCALL __long_delay_G101
0003ad e2a8      	LDI  R26,LOW(40)
0003ae 940e 0439 	CALL SUBOPT_0xA
0003b0 e0a4      	LDI  R26,LOW(4)
0003b1 940e 0439 	CALL SUBOPT_0xA
0003b3 e8a5      	LDI  R26,LOW(133)
0003b4 940e 0439 	CALL SUBOPT_0xA
0003b6 b3a1          in    r26,__lcd_direction
0003b7 70af          andi  r26,0xf                 ;set as input
0003b8 bba1          out   __lcd_direction,r26
0003b9 9a91          sbi   __lcd_port,__lcd_rd     ;RD=1
0003ba 940e 032f 	CALL _lcd_read_byte0_G101
0003bc 30e5      	CPI  R30,LOW(0x5)
0003bd f011      	BREQ _0x202000B
0003be e0e0      	LDI  R30,LOW(0)
0003bf c008      	RJMP _0x2080001
                 _0x202000B:
0003c0 940e 02fc 	CALL __lcd_ready
0003c2 e0a6      	LDI  R26,LOW(6)
0003c3 940e 0317 	CALL __lcd_write_data
0003c5 940e 0348 	CALL _lcd_clear
0003c7 e0e1      	LDI  R30,LOW(1)
                 _0x2080001:
0003c8 9621      	ADIW R28,1
0003c9 9508      	RET
                 
                 	.CSEG
                 
                 	.CSEG
                 _strlen:
0003ca 93ba      	ST   -Y,R27
0003cb 93aa      	ST   -Y,R26
0003cc 91a9          ld   r26,y+
0003cd 91b9          ld   r27,y+
0003ce 27ee          clr  r30
0003cf 27ff          clr  r31
                 strlen0:
0003d0 916d          ld   r22,x+
0003d1 2366          tst  r22
0003d2 f011          breq strlen1
0003d3 9631          adiw r30,1
0003d4 cffb          rjmp strlen0
                 strlen1:
0003d5 9508          ret
                 _strlenf:
0003d6 93ba      	ST   -Y,R27
0003d7 93aa      	ST   -Y,R26
0003d8 27aa          clr  r26
0003d9 27bb          clr  r27
0003da 91e9          ld   r30,y+
0003db 91f9          ld   r31,y+
                 strlenf0:
0003dc 9005      	lpm  r0,z+
0003dd 2000          tst  r0
0003de f011          breq strlenf1
0003df 9611          adiw r26,1
0003e0 cffb          rjmp strlenf0
                 strlenf1:
0003e1 01fd          movw r30,r26
0003e2 9508          ret
                 
                 	.DSEG
                 _adc_data:
000160           	.BYTE 0x2
                 _str:
000162           	.BYTE 0xA
                 _f:
00016c           	.BYTE 0x4
                 _j:
000170           	.BYTE 0x4
                 _phase:
000174           	.BYTE 0x4
                 _input_index_S0000001000:
000178           	.BYTE 0x1
                 __base_y_G101:
000179           	.BYTE 0x4
                 
                 	.CSEG
                 ;OPTIMIZER ADDED SUBROUTINE, CALLED 2 TIMES, CODE SIZE REDUCTION:21 WORDS
                 SUBOPT_0x0:
0003e3 2da4      	MOV  R26,R4
0003e4 e0b0      	LDI  R27,0
0003e5 e0e2      	LDI  R30,LOW(258)
0003e6 e0f1      	LDI  R31,HIGH(258)
0003e7 940e 053d 	CALL __MULW12
0003e9 01bf      	MOVW R22,R30
0003ea 2da5      	MOV  R26,R5
0003eb e0b0      	LDI  R27,0
0003ec e0e0      	LDI  R30,LOW(256)
0003ed e0f1      	LDI  R31,HIGH(256)
0003ee 940e 053d 	CALL __MULW12
0003f0 01db      	MOVW R26,R22
0003f1 0fae      	ADD  R26,R30
0003f2 1fbf      	ADC  R27,R31
0003f3 b7e2      	IN   R30,0x32
0003f4 e0f0      	LDI  R31,0
0003f5 0fea      	ADD  R30,R26
0003f6 1ffb      	ADC  R31,R27
0003f7 9508      	RET
                 
                 ;OPTIMIZER ADDED SUBROUTINE, CALLED 2 TIMES, CODE SIZE REDUCTION:1 WORDS
                 SUBOPT_0x1:
0003f8 940e 0526 	CALL __CWD1
0003fa 940e 04a3 	CALL __CDF1
0003fc 940e 0554 	CALL __PUTDP1
0003fe 9508      	RET
                 
                 ;OPTIMIZER ADDED SUBROUTINE, CALLED 3 TIMES, CODE SIZE REDUCTION:9 WORDS
                 SUBOPT_0x2:
0003ff 91e0 016c 	LDS  R30,_f
000401 91f0 016d 	LDS  R31,_f+1
000403 9160 016e 	LDS  R22,_f+2
000405 9170 016f 	LDS  R23,_f+3
000407 9508      	RET
                 
                 ;OPTIMIZER ADDED SUBROUTINE, CALLED 5 TIMES, CODE SIZE REDUCTION:13 WORDS
                 SUBOPT_0x3:
000408 932a      	ST   -Y,R18
000409 85ad      	LDD  R26,Y+13
00040a 85be      	LDD  R27,Y+13+1
00040b 85ef      	LDD  R30,Y+15
00040c 89f8      	LDD  R31,Y+15+1
00040d 9509      	ICALL
00040e 9508      	RET
                 
                 ;OPTIMIZER ADDED SUBROUTINE, CALLED 5 TIMES, CODE SIZE REDUCTION:9 WORDS
                 SUBOPT_0x4:
00040f 89e8      	LDD  R30,Y+16
000410 89f9      	LDD  R31,Y+16+1
000411 9734      	SBIW R30,4
000412 8be8      	STD  Y+16,R30
000413 8bf9      	STD  Y+16+1,R31
000414 9508      	RET
                 
                 ;OPTIMIZER ADDED SUBROUTINE, CALLED 3 TIMES, CODE SIZE REDUCTION:3 WORDS
                 SUBOPT_0x5:
000415 85ad      	LDD  R26,Y+13
000416 85be      	LDD  R27,Y+13+1
000417 85ef      	LDD  R30,Y+15
000418 89f8      	LDD  R31,Y+15+1
000419 9509      	ICALL
00041a 9508      	RET
                 
                 ;OPTIMIZER ADDED SUBROUTINE, CALLED 2 TIMES, CODE SIZE REDUCTION:4 WORDS
                 SUBOPT_0x6:
00041b 89a8      	LDD  R26,Y+16
00041c 89b9      	LDD  R27,Y+16+1
00041d 9614      	ADIW R26,4
00041e 940e 0550 	CALL __GETW1P
000420 83ee      	STD  Y+6,R30
000421 83ff      	STD  Y+6+1,R31
000422 81ae      	LDD  R26,Y+6
000423 81bf      	LDD  R27,Y+6+1
000424 9508      	RET
                 
                 ;OPTIMIZER ADDED SUBROUTINE, CALLED 2 TIMES, CODE SIZE REDUCTION:2 WORDS
                 SUBOPT_0x7:
000425 89a8      	LDD  R26,Y+16
000426 89b9      	LDD  R27,Y+16+1
000427 9614      	ADIW R26,4
000428 940e 0550 	CALL __GETW1P
00042a 87ea      	STD  Y+10,R30
00042b 87fb      	STD  Y+10+1,R31
00042c 9508      	RET
                 
                 ;OPTIMIZER ADDED SUBROUTINE, CALLED 2 TIMES, CODE SIZE REDUCTION:1 WORDS
                 SUBOPT_0x8:
00042d 01de      	MOVW R26,R28
00042e 961c      	ADIW R26,12
00042f 940e 0516 	CALL __ADDW2R15
000431 940e 0550 	CALL __GETW1P
000433 9508      	RET
                 
                 ;OPTIMIZER ADDED SUBROUTINE, CALLED 3 TIMES, CODE SIZE REDUCTION:3 WORDS
                 SUBOPT_0x9:
000434 940e 0386 	CALL __long_delay_G101
000436 e3a0      	LDI  R26,LOW(48)
000437 940c 038b 	JMP  __lcd_init_write_G101
                 
                 ;OPTIMIZER ADDED SUBROUTINE, CALLED 3 TIMES, CODE SIZE REDUCTION:1 WORDS
                 SUBOPT_0xA:
000439 940e 0317 	CALL __lcd_write_data
00043b 940c 0386 	JMP  __long_delay_G101
                 
                 
                 	.CSEG
                 __ROUND_REPACK:
00043d 2355      	TST  R21
00043e f442      	BRPL __REPACK
00043f 3850      	CPI  R21,0x80
000440 f411      	BRNE __ROUND_REPACK0
000441 ffe0      	SBRS R30,0
000442 c004      	RJMP __REPACK
                 __ROUND_REPACK0:
000443 9631      	ADIW R30,1
000444 1f69      	ADC  R22,R25
000445 1f79      	ADC  R23,R25
000446 f06b      	BRVS __REPACK1
                 
                 __REPACK:
000447 e850      	LDI  R21,0x80
000448 2757      	EOR  R21,R23
000449 f411      	BRNE __REPACK0
00044a 935f      	PUSH R21
00044b c073      	RJMP __ZERORES
                 __REPACK0:
00044c 3f5f      	CPI  R21,0xFF
00044d f031      	BREQ __REPACK1
00044e 0f66      	LSL  R22
00044f 0c00      	LSL  R0
000450 9557      	ROR  R21
000451 9567      	ROR  R22
000452 2f75      	MOV  R23,R21
000453 9508      	RET
                 __REPACK1:
000454 935f      	PUSH R21
000455 2000      	TST  R0
000456 f00a      	BRMI __REPACK2
000457 c073      	RJMP __MAXRES
                 __REPACK2:
000458 c06c      	RJMP __MINRES
                 
                 __UNPACK:
000459 e850      	LDI  R21,0x80
00045a 2e19      	MOV  R1,R25
00045b 2215      	AND  R1,R21
00045c 0f88      	LSL  R24
00045d 1f99      	ROL  R25
00045e 2795      	EOR  R25,R21
00045f 0f55      	LSL  R21
000460 9587      	ROR  R24
                 
                 __UNPACK1:
000461 e850      	LDI  R21,0x80
000462 2e07      	MOV  R0,R23
000463 2205      	AND  R0,R21
000464 0f66      	LSL  R22
000465 1f77      	ROL  R23
000466 2775      	EOR  R23,R21
000467 0f55      	LSL  R21
000468 9567      	ROR  R22
000469 9508      	RET
                 
                 __CFD1U:
00046a 9468      	SET
00046b c001      	RJMP __CFD1U0
                 __CFD1:
00046c 94e8      	CLT
                 __CFD1U0:
00046d 935f      	PUSH R21
00046e dff2      	RCALL __UNPACK1
00046f 3870      	CPI  R23,0x80
000470 f018      	BRLO __CFD10
000471 3f7f      	CPI  R23,0xFF
000472 f408      	BRCC __CFD10
000473 c04b      	RJMP __ZERORES
                 __CFD10:
000474 e156      	LDI  R21,22
000475 1b57      	SUB  R21,R23
000476 f4aa      	BRPL __CFD11
000477 9551      	NEG  R21
000478 3058      	CPI  R21,8
000479 f40e      	BRTC __CFD19
00047a 3059      	CPI  R21,9
                 __CFD19:
00047b f030      	BRLO __CFD17
00047c efef      	SER  R30
00047d efff      	SER  R31
00047e ef6f      	SER  R22
00047f e77f      	LDI  R23,0x7F
000480 f977      	BLD  R23,7
000481 c01a      	RJMP __CFD15
                 __CFD17:
000482 2777      	CLR  R23
000483 2355      	TST  R21
000484 f0b9      	BREQ __CFD15
                 __CFD18:
000485 0fee      	LSL  R30
000486 1fff      	ROL  R31
000487 1f66      	ROL  R22
000488 1f77      	ROL  R23
000489 955a      	DEC  R21
00048a f7d1      	BRNE __CFD18
00048b c010      	RJMP __CFD15
                 __CFD11:
00048c 2777      	CLR  R23
                 __CFD12:
00048d 3058      	CPI  R21,8
00048e f028      	BRLO __CFD13
00048f 2fef      	MOV  R30,R31
000490 2ff6      	MOV  R31,R22
000491 2f67      	MOV  R22,R23
000492 5058      	SUBI R21,8
000493 cff9      	RJMP __CFD12
                 __CFD13:
000494 2355      	TST  R21
000495 f031      	BREQ __CFD15
                 __CFD14:
000496 9576      	LSR  R23
000497 9567      	ROR  R22
000498 95f7      	ROR  R31
000499 95e7      	ROR  R30
00049a 955a      	DEC  R21
00049b f7d1      	BRNE __CFD14
                 __CFD15:
00049c 2000      	TST  R0
00049d f40a      	BRPL __CFD16
00049e d07f      	RCALL __ANEGD1
                 __CFD16:
00049f 915f      	POP  R21
0004a0 9508      	RET
                 
                 __CDF1U:
0004a1 9468      	SET
0004a2 c001      	RJMP __CDF1U0
                 __CDF1:
0004a3 94e8      	CLT
                 __CDF1U0:
0004a4 9730      	SBIW R30,0
0004a5 4060      	SBCI R22,0
0004a6 4070      	SBCI R23,0
0004a7 f0b1      	BREQ __CDF10
0004a8 2400      	CLR  R0
0004a9 f026      	BRTS __CDF11
0004aa 2377      	TST  R23
0004ab f412      	BRPL __CDF11
0004ac 9400      	COM  R0
0004ad d070      	RCALL __ANEGD1
                 __CDF11:
0004ae 2e17      	MOV  R1,R23
0004af e17e      	LDI  R23,30
0004b0 2011      	TST  R1
                 __CDF12:
0004b1 f032      	BRMI __CDF13
0004b2 957a      	DEC  R23
0004b3 0fee      	LSL  R30
0004b4 1fff      	ROL  R31
0004b5 1f66      	ROL  R22
0004b6 1c11      	ROL  R1
0004b7 cff9      	RJMP __CDF12
                 __CDF13:
0004b8 2fef      	MOV  R30,R31
0004b9 2ff6      	MOV  R31,R22
0004ba 2d61      	MOV  R22,R1
0004bb 935f      	PUSH R21
0004bc df8a      	RCALL __REPACK
0004bd 915f      	POP  R21
                 __CDF10:
0004be 9508      	RET
                 
                 __ZERORES:
0004bf 27ee      	CLR  R30
0004c0 27ff      	CLR  R31
0004c1 2766      	CLR  R22
0004c2 2777      	CLR  R23
0004c3 915f      	POP  R21
0004c4 9508      	RET
                 
                 __MINRES:
0004c5 efef      	SER  R30
0004c6 efff      	SER  R31
0004c7 e76f      	LDI  R22,0x7F
0004c8 ef7f      	SER  R23
0004c9 915f      	POP  R21
0004ca 9508      	RET
                 
                 __MAXRES:
0004cb efef      	SER  R30
0004cc efff      	SER  R31
0004cd e76f      	LDI  R22,0x7F
0004ce e77f      	LDI  R23,0x7F
0004cf 915f      	POP  R21
0004d0 9508      	RET
                 
                 __DIVF21:
0004d1 935f      	PUSH R21
0004d2 df86      	RCALL __UNPACK
0004d3 3870      	CPI  R23,0x80
0004d4 f421      	BRNE __DIVF210
0004d5 2011      	TST  R1
                 __DIVF211:
0004d6 f40a      	BRPL __DIVF219
0004d7 cfed      	RJMP __MINRES
                 __DIVF219:
0004d8 cff2      	RJMP __MAXRES
                 __DIVF210:
0004d9 3890      	CPI  R25,0x80
0004da f409      	BRNE __DIVF218
                 __DIVF217:
0004db cfe3      	RJMP __ZERORES
                 __DIVF218:
0004dc 2401      	EOR  R0,R1
0004dd 9408      	SEC
0004de 0b97      	SBC  R25,R23
0004df f41b      	BRVC __DIVF216
0004e0 f3d4      	BRLT __DIVF217
0004e1 2000      	TST  R0
0004e2 cff3      	RJMP __DIVF211
                 __DIVF216:
0004e3 2f79      	MOV  R23,R25
0004e4 931f      	PUSH R17
0004e5 932f      	PUSH R18
0004e6 933f      	PUSH R19
0004e7 934f      	PUSH R20
0004e8 2411      	CLR  R1
0004e9 2711      	CLR  R17
0004ea 2722      	CLR  R18
0004eb 2733      	CLR  R19
0004ec 2744      	CLR  R20
0004ed 2755      	CLR  R21
0004ee e290      	LDI  R25,32
                 __DIVF212:
0004ef 17ae      	CP   R26,R30
0004f0 07bf      	CPC  R27,R31
0004f1 0786      	CPC  R24,R22
0004f2 0741      	CPC  R20,R17
0004f3 f030      	BRLO __DIVF213
0004f4 1bae      	SUB  R26,R30
0004f5 0bbf      	SBC  R27,R31
0004f6 0b86      	SBC  R24,R22
0004f7 0b41      	SBC  R20,R17
0004f8 9408      	SEC
0004f9 c001      	RJMP __DIVF214
                 __DIVF213:
0004fa 9488      	CLC
                 __DIVF214:
0004fb 1f55      	ROL  R21
0004fc 1f22      	ROL  R18
0004fd 1f33      	ROL  R19
0004fe 1c11      	ROL  R1
0004ff 1faa      	ROL  R26
000500 1fbb      	ROL  R27
000501 1f88      	ROL  R24
000502 1f44      	ROL  R20
000503 959a      	DEC  R25
000504 f751      	BRNE __DIVF212
000505 01f9      	MOVW R30,R18
000506 2d61      	MOV  R22,R1
000507 914f      	POP  R20
000508 913f      	POP  R19
000509 912f      	POP  R18
00050a 911f      	POP  R17
00050b 2366      	TST  R22
00050c f032      	BRMI __DIVF215
00050d 0f55      	LSL  R21
00050e 1fee      	ROL  R30
00050f 1fff      	ROL  R31
000510 1f66      	ROL  R22
000511 957a      	DEC  R23
000512 f243      	BRVS __DIVF217
                 __DIVF215:
000513 df29      	RCALL __ROUND_REPACK
000514 915f      	POP  R21
000515 9508      	RET
                 
                 __ADDW2R15:
000516 2400      	CLR  R0
000517 0daf      	ADD  R26,R15
000518 1db0      	ADC  R27,R0
000519 9508      	RET
                 
                 __ANEGW1:
00051a 95f1      	NEG  R31
00051b 95e1      	NEG  R30
00051c 40f0      	SBCI R31,0
00051d 9508      	RET
                 
                 __ANEGD1:
00051e 95f0      	COM  R31
00051f 9560      	COM  R22
000520 9570      	COM  R23
000521 95e1      	NEG  R30
000522 4fff      	SBCI R31,-1
000523 4f6f      	SBCI R22,-1
000524 4f7f      	SBCI R23,-1
000525 9508      	RET
                 
                 __CWD1:
000526 2f6f      	MOV  R22,R31
000527 0f66      	ADD  R22,R22
000528 0b66      	SBC  R22,R22
000529 2f76      	MOV  R23,R22
00052a 9508      	RET
                 
                 __EQB12:
00052b 17ea      	CP   R30,R26
00052c e0e1      	LDI  R30,1
00052d f009      	BREQ __EQB12T
00052e 27ee      	CLR  R30
                 __EQB12T:
00052f 9508      	RET
                 
                 __GTB12U:
000530 17ea      	CP   R30,R26
000531 e0e1      	LDI  R30,1
000532 f008      	BRLO __GTB12U1
000533 27ee      	CLR  R30
                 __GTB12U1:
000534 9508      	RET
                 
                 __MULW12U:
000535 9ffa      	MUL  R31,R26
000536 2df0      	MOV  R31,R0
000537 9feb      	MUL  R30,R27
000538 0df0      	ADD  R31,R0
000539 9fea      	MUL  R30,R26
00053a 2de0      	MOV  R30,R0
00053b 0df1      	ADD  R31,R1
00053c 9508      	RET
                 
                 __MULW12:
00053d d004      	RCALL __CHKSIGNW
00053e dff6      	RCALL __MULW12U
00053f f40e      	BRTC __MULW121
000540 dfd9      	RCALL __ANEGW1
                 __MULW121:
000541 9508      	RET
                 
                 __CHKSIGNW:
000542 94e8      	CLT
000543 fff7      	SBRS R31,7
000544 c002      	RJMP __CHKSW1
000545 dfd4      	RCALL __ANEGW1
000546 9468      	SET
                 __CHKSW1:
000547 ffb7      	SBRS R27,7
000548 c006      	RJMP __CHKSW2
000549 95a0      	COM  R26
00054a 95b0      	COM  R27
00054b 9611      	ADIW R26,1
00054c f800      	BLD  R0,0
00054d 9403      	INC  R0
00054e fa00      	BST  R0,0
                 __CHKSW2:
00054f 9508      	RET
                 
                 __GETW1P:
000550 91ed      	LD   R30,X+
000551 91fc      	LD   R31,X
000552 9711      	SBIW R26,1
000553 9508      	RET
                 
                 __PUTDP1:
000554 93ed      	ST   X+,R30
000555 93fd      	ST   X+,R31
000556 936d      	ST   X+,R22
000557 937c      	ST   X,R23
000558 9508      	RET
                 
                 __GETW1PF:
000559 9005      	LPM  R0,Z+
00055a 91f4      	LPM  R31,Z
00055b 2de0      	MOV  R30,R0
00055c 9508      	RET
                 
                 __PUTPARD1:
00055d 937a      	ST   -Y,R23
00055e 936a      	ST   -Y,R22
00055f 93fa      	ST   -Y,R31
000560 93ea      	ST   -Y,R30
000561 9508      	RET
                 
                 __SAVELOCR6:
000562 935a      	ST   -Y,R21
                 __SAVELOCR5:
000563 934a      	ST   -Y,R20
                 __SAVELOCR4:
000564 933a      	ST   -Y,R19
                 __SAVELOCR3:
000565 932a      	ST   -Y,R18
                 __SAVELOCR2:
000566 931a      	ST   -Y,R17
000567 930a      	ST   -Y,R16
000568 9508      	RET
                 
                 __LOADLOCR6:
000569 815d      	LDD  R21,Y+5
                 __LOADLOCR5:
00056a 814c      	LDD  R20,Y+4
                 __LOADLOCR4:
00056b 813b      	LDD  R19,Y+3
                 __LOADLOCR3:
00056c 812a      	LDD  R18,Y+2
                 __LOADLOCR2:
00056d 8119      	LDD  R17,Y+1
00056e 8108      	LD   R16,Y
00056f 9508      	RET
                 
                 ;END OF CODE MARKER
                 __END_OF_CODE:


RESOURCE USE INFORMATION
------------------------

Notice:
The register and instruction counts are symbol table hit counts,
and hence implicitly used resources are not counted, eg, the
'lpm' instruction without operands implicitly uses r0 and z,
none of which are counted.

x,y,z are separate entities in the symbol table and are
counted separately from r26..r31 here.

.dseg memory usage only counts static data declared with .byte

ATmega16 register use summary:
r0 :  32 r1 :  15 r2 :   0 r3 :   0 r4 :   3 r5 :   5 r6 :   2 r7 :   8 
r8 :   4 r9 :   3 r10:   2 r11:   0 r12:   2 r13:   4 r14:   0 r15:   6 
r16:  34 r17:  29 r18:  34 r19:  12 r20:  15 r21:  57 r22:  42 r23:  37 
r24:  17 r25:  15 r26: 143 r27:  58 r28:  14 r29:   1 r30: 262 r31:  95 
x  :  28 y  : 191 z  :  15 
Registers used: 31 out of 35 (88.6%)

ATmega16 instruction use summary:
.lds  :   0 .lds.l:   0 .sts  :   0 .sts.l:   0 adc   :   5 add   :   8 
adiw  :  25 and   :   4 andi  :  11 asr   :   0 bclr  :   0 bld   :   2 
brbc  :   0 brbs  :   0 brcc  :   1 brcs  :   0 break :   0 breq  :  24 
brge  :   0 brhc  :   0 brhs  :   0 brid  :   0 brie  :   0 brlo  :  14 
brlt  :   1 brmi  :   4 brne  :  34 brpl  :   6 brsh  :   2 brtc  :   2 
brts  :   2 brvc  :   1 brvs  :   2 bset  :   0 bst   :   1 call  :  91 
cbi   :  10 cbr   :   0 clc   :   1 clh   :   0 cli   :   1 cln   :   0 
clr   :  25 cls   :   0 clt   :   4 clv   :   0 clz   :   0 com   :   6 
cp    :   9 cpc   :   5 cpi   :  44 cpse  :   0 dec   :   7 des   :   0 
eor   :   4 fmul  :   0 fmuls :   0 fmulsu:   0 icall :   2 ijmp  :   0 
in    :  13 inc   :   6 jmp   :  29 ld    :  37 ldd   :  77 ldi   : 122 
lds   :  14 lpm   :  14 lsl   :   9 lsr   :   1 mov   :  48 movw  :  19 
mul   :   4 muls  :   0 mulsu :   0 neg   :   4 nop   :   0 or    :   2 
ori   :   8 out   :  40 pop   :  13 push  :  12 rcall :  25 ret   :  47 
reti  :   2 rjmp  :  74 rol   :  19 ror   :   7 sbc   :   6 sbci  :   8 
sbi   :  10 sbic  :   0 sbis  :   0 sbiw  :  17 sbr   :   0 sbrc  :   3 
sbrs  :  13 sec   :   2 seh   :   0 sei   :   1 sen   :   0 ser   :   8 
ses   :   0 set   :   4 sev   :   0 sez   :   0 sleep :   0 spm   :   0 
st    :  77 std   :  31 sts   :   8 sub   :   3 subi  :  20 swap  :   2 
tst   :  15 wdr   :   0 
Instructions used: 74 out of 116 (63.8%)

ATmega16 memory use summary [bytes]:
Segment   Begin    End      Code   Data   Used    Size   Use%
---------------------------------------------------------------
[.cseg] 0x000000 0x000ae0   2744     40   2784   16384  17.0%
[.dseg] 0x000060 0x00017d      0     29     29    1119   2.6%
[.eseg] 0x000000 0x000000      0      0      0     512   0.0%

Assembly complete, 0 errors, 11 warnings
